{"D:\\VSCODE\\TLCN\\DTHSoft1\\server\\index.js": {"path":"D:\\VSCODE\\TLCN\\DTHSoft1\\server\\index.js","statementMap":{"0":{"start":{"line":1,"column":0},"end":{"line":1,"column":26}},"1":{"start":{"line":2,"column":0},"end":{"line":2,"column":40}},"2":{"start":{"line":3,"column":16},"end":{"line":3,"column":34}},"3":{"start":{"line":4,"column":12},"end":{"line":4,"column":21}},"4":{"start":{"line":5,"column":13},"end":{"line":5,"column":28}},"5":{"start":{"line":6,"column":19},"end":{"line":6,"column":48}},"6":{"start":{"line":9,"column":15},"end":{"line":9,"column":34}},"7":{"start":{"line":12,"column":0},"end":{"line":12,"column":23}},"8":{"start":{"line":13,"column":0},"end":{"line":13,"column":15}},"9":{"start":{"line":14,"column":0},"end":{"line":18,"column":1}},"10":{"start":{"line":19,"column":0},"end":{"line":19,"column":15}},"11":{"start":{"line":21,"column":0},"end":{"line":21,"column":20}}},"fnMap":{},"branchMap":{},"s":{"0":5,"1":5,"2":5,"3":5,"4":5,"5":5,"6":5,"7":5,"8":5,"9":5,"10":5,"11":5},"f":{},"b":{},"_coverageSchema":"1a1c01bbd47fc00a2c39e90264f33305004495a9","hash":"1a1025c8f3a3f07e80b297be01f9302511b8b3e2"}
,"D:\\VSCODE\\TLCN\\DTHSoft1\\server\\config\\database.js": {"path":"D:\\VSCODE\\TLCN\\DTHSoft1\\server\\config\\database.js","statementMap":{"0":{"start":{"line":1,"column":17},"end":{"line":1,"column":36}},"1":{"start":{"line":3,"column":18},"end":{"line":15,"column":1}},"2":{"start":{"line":4,"column":2},"end":{"line":14,"column":3}},"3":{"start":{"line":5,"column":4},"end":{"line":8,"column":6}},"4":{"start":{"line":9,"column":4},"end":{"line":9,"column":53}},"5":{"start":{"line":11,"column":4},"end":{"line":11,"column":61}},"6":{"start":{"line":12,"column":4},"end":{"line":12,"column":22}},"7":{"start":{"line":13,"column":4},"end":{"line":13,"column":19}},"8":{"start":{"line":16,"column":0},"end":{"line":16,"column":29}}},"fnMap":{"0":{"name":"(anonymous_0)","decl":{"start":{"line":3,"column":18},"end":{"line":3,"column":19}},"loc":{"start":{"line":3,"column":30},"end":{"line":15,"column":1}},"line":3}},"branchMap":{},"s":{"0":5,"1":5,"2":5,"3":5,"4":5,"5":0,"6":0,"7":0,"8":5},"f":{"0":5},"b":{},"_coverageSchema":"1a1c01bbd47fc00a2c39e90264f33305004495a9","hash":"aebe9b97a791a34379298ee0894496c162a9b89a"}
,"D:\\VSCODE\\TLCN\\DTHSoft1\\server\\config\\key.js": {"path":"D:\\VSCODE\\TLCN\\DTHSoft1\\server\\config\\key.js","statementMap":{"0":{"start":{"line":1,"column":0},"end":{"line":6,"column":1}}},"fnMap":{},"branchMap":{},"s":{"0":5},"f":{},"b":{},"_coverageSchema":"1a1c01bbd47fc00a2c39e90264f33305004495a9","hash":"b8638ab5a9b08e81097caa7bb0c6dde21c0191fa"}
,"D:\\VSCODE\\TLCN\\DTHSoft1\\server\\middleware\\authentication.js": {"path":"D:\\VSCODE\\TLCN\\DTHSoft1\\server\\middleware\\authentication.js","statementMap":{"0":{"start":{"line":1,"column":13},"end":{"line":1,"column":38}},"1":{"start":{"line":4,"column":19},"end":{"line":20,"column":1}},"2":{"start":{"line":5,"column":2},"end":{"line":19,"column":3}},"3":{"start":{"line":6,"column":17},"end":{"line":6,"column":48}},"4":{"start":{"line":7,"column":4},"end":{"line":11,"column":8}},"5":{"start":{"line":8,"column":6},"end":{"line":11,"column":8}},"6":{"start":{"line":12,"column":4},"end":{"line":12,"column":10}},"7":{"start":{"line":14,"column":4},"end":{"line":14,"column":22}},"8":{"start":{"line":15,"column":4},"end":{"line":18,"column":6}},"9":{"start":{"line":23,"column":21},"end":{"line":39,"column":1}},"10":{"start":{"line":24,"column":2},"end":{"line":38,"column":3}},"11":{"start":{"line":25,"column":17},"end":{"line":25,"column":48}},"12":{"start":{"line":26,"column":4},"end":{"line":30,"column":8}},"13":{"start":{"line":27,"column":6},"end":{"line":30,"column":8}},"14":{"start":{"line":31,"column":4},"end":{"line":31,"column":10}},"15":{"start":{"line":33,"column":4},"end":{"line":33,"column":22}},"16":{"start":{"line":34,"column":4},"end":{"line":37,"column":6}},"17":{"start":{"line":40,"column":0},"end":{"line":40,"column":38}},"18":{"start":{"line":41,"column":0},"end":{"line":41,"column":42}}},"fnMap":{"0":{"name":"(anonymous_0)","decl":{"start":{"line":4,"column":19},"end":{"line":4,"column":20}},"loc":{"start":{"line":4,"column":45},"end":{"line":20,"column":1}},"line":4},"1":{"name":"(anonymous_1)","decl":{"start":{"line":23,"column":21},"end":{"line":23,"column":22}},"loc":{"start":{"line":23,"column":47},"end":{"line":39,"column":1}},"line":23}},"branchMap":{"0":{"loc":{"start":{"line":7,"column":4},"end":{"line":11,"column":8}},"type":"if","locations":[{"start":{"line":7,"column":4},"end":{"line":11,"column":8}},{"start":{},"end":{}}],"line":7},"1":{"loc":{"start":{"line":7,"column":8},"end":{"line":7,"column":61}},"type":"binary-expr","locations":[{"start":{"line":7,"column":8},"end":{"line":7,"column":33}},{"start":{"line":7,"column":37},"end":{"line":7,"column":61}}],"line":7},"2":{"loc":{"start":{"line":26,"column":4},"end":{"line":30,"column":8}},"type":"if","locations":[{"start":{"line":26,"column":4},"end":{"line":30,"column":8}},{"start":{},"end":{}}],"line":26}},"s":{"0":5,"1":5,"2":0,"3":0,"4":0,"5":0,"6":0,"7":0,"8":0,"9":5,"10":10,"11":10,"12":10,"13":0,"14":10,"15":0,"16":0,"17":5,"18":5},"f":{"0":0,"1":10},"b":{"0":[0,0],"1":[0,0],"2":[0,10]},"_coverageSchema":"1a1c01bbd47fc00a2c39e90264f33305004495a9","hash":"52e7f64199c9a898059776cd3b170a11c8d685f0"}
,"D:\\VSCODE\\TLCN\\DTHSoft1\\server\\middleware\\authorization.js": {"path":"D:\\VSCODE\\TLCN\\DTHSoft1\\server\\middleware\\authorization.js","statementMap":{"0":{"start":{"line":1,"column":12},"end":{"line":1,"column":35}},"1":{"start":{"line":4,"column":20},"end":{"line":25,"column":1}},"2":{"start":{"line":5,"column":21},"end":{"line":5,"column":48}},"3":{"start":{"line":6,"column":16},"end":{"line":6,"column":54}},"4":{"start":{"line":8,"column":2},"end":{"line":12,"column":6}},"5":{"start":{"line":9,"column":4},"end":{"line":12,"column":6}},"6":{"start":{"line":14,"column":2},"end":{"line":24,"column":3}},"7":{"start":{"line":15,"column":20},"end":{"line":15,"column":70}},"8":{"start":{"line":16,"column":4},"end":{"line":16,"column":31}},"9":{"start":{"line":17,"column":4},"end":{"line":17,"column":10}},"10":{"start":{"line":19,"column":4},"end":{"line":19,"column":22}},"11":{"start":{"line":20,"column":4},"end":{"line":23,"column":6}},"12":{"start":{"line":27,"column":0},"end":{"line":27,"column":28}}},"fnMap":{"0":{"name":"(anonymous_0)","decl":{"start":{"line":4,"column":20},"end":{"line":4,"column":21}},"loc":{"start":{"line":4,"column":40},"end":{"line":25,"column":1}},"line":4}},"branchMap":{"0":{"loc":{"start":{"line":6,"column":16},"end":{"line":6,"column":54}},"type":"binary-expr","locations":[{"start":{"line":6,"column":16},"end":{"line":6,"column":26}},{"start":{"line":6,"column":30},"end":{"line":6,"column":54}}],"line":6},"1":{"loc":{"start":{"line":8,"column":2},"end":{"line":12,"column":6}},"type":"if","locations":[{"start":{"line":8,"column":2},"end":{"line":12,"column":6}},{"start":{},"end":{}}],"line":8}},"s":{"0":5,"1":5,"2":21,"3":21,"4":21,"5":1,"6":20,"7":20,"8":19,"9":19,"10":1,"11":1,"12":5},"f":{"0":21},"b":{"0":[21,20],"1":[1,20]},"_coverageSchema":"1a1c01bbd47fc00a2c39e90264f33305004495a9","hash":"05b65892b08cd049c958266aa70e92dc7785956e"}
,"D:\\VSCODE\\TLCN\\DTHSoft1\\server\\middleware\\uploadImage.js": {"path":"D:\\VSCODE\\TLCN\\DTHSoft1\\server\\middleware\\uploadImage.js","statementMap":{"0":{"start":{"line":1,"column":11},"end":{"line":1,"column":24}},"1":{"start":{"line":3,"column":20},"end":{"line":30,"column":1}},"2":{"start":{"line":4,"column":2},"end":{"line":29,"column":3}},"3":{"start":{"line":5,"column":4},"end":{"line":8,"column":69}},"4":{"start":{"line":6,"column":6},"end":{"line":8,"column":69}},"5":{"start":{"line":10,"column":17},"end":{"line":10,"column":31}},"6":{"start":{"line":12,"column":4},"end":{"line":17,"column":5}},"7":{"start":{"line":13,"column":6},"end":{"line":13,"column":34}},"8":{"start":{"line":14,"column":6},"end":{"line":16,"column":61}},"9":{"start":{"line":19,"column":4},"end":{"line":24,"column":5}},"10":{"start":{"line":20,"column":6},"end":{"line":20,"column":34}},"11":{"start":{"line":21,"column":6},"end":{"line":23,"column":71}},"12":{"start":{"line":26,"column":4},"end":{"line":26,"column":10}},"13":{"start":{"line":28,"column":4},"end":{"line":28,"column":73}},"14":{"start":{"line":32,"column":18},"end":{"line":36,"column":1}},"15":{"start":{"line":33,"column":2},"end":{"line":35,"column":4}},"16":{"start":{"line":34,"column":4},"end":{"line":34,"column":22}},"17":{"start":{"line":34,"column":13},"end":{"line":34,"column":22}},"18":{"start":{"line":38,"column":0},"end":{"line":38,"column":28}}},"fnMap":{"0":{"name":"(anonymous_0)","decl":{"start":{"line":3,"column":20},"end":{"line":3,"column":21}},"loc":{"start":{"line":3,"column":52},"end":{"line":30,"column":1}},"line":3},"1":{"name":"(anonymous_1)","decl":{"start":{"line":32,"column":18},"end":{"line":32,"column":19}},"loc":{"start":{"line":32,"column":28},"end":{"line":36,"column":1}},"line":32},"2":{"name":"(anonymous_2)","decl":{"start":{"line":33,"column":18},"end":{"line":33,"column":19}},"loc":{"start":{"line":33,"column":27},"end":{"line":35,"column":3}},"line":33}},"branchMap":{"0":{"loc":{"start":{"line":5,"column":4},"end":{"line":8,"column":69}},"type":"if","locations":[{"start":{"line":5,"column":4},"end":{"line":8,"column":69}},{"start":{},"end":{}}],"line":5},"1":{"loc":{"start":{"line":5,"column":8},"end":{"line":5,"column":57}},"type":"binary-expr","locations":[{"start":{"line":5,"column":8},"end":{"line":5,"column":18}},{"start":{"line":5,"column":22},"end":{"line":5,"column":57}}],"line":5},"2":{"loc":{"start":{"line":12,"column":4},"end":{"line":17,"column":5}},"type":"if","locations":[{"start":{"line":12,"column":4},"end":{"line":17,"column":5}},{"start":{},"end":{}}],"line":12},"3":{"loc":{"start":{"line":19,"column":4},"end":{"line":24,"column":5}},"type":"if","locations":[{"start":{"line":19,"column":4},"end":{"line":24,"column":5}},{"start":{},"end":{}}],"line":19},"4":{"loc":{"start":{"line":19,"column":8},"end":{"line":19,"column":71}},"type":"binary-expr","locations":[{"start":{"line":19,"column":8},"end":{"line":19,"column":38}},{"start":{"line":19,"column":42},"end":{"line":19,"column":71}}],"line":19},"5":{"loc":{"start":{"line":34,"column":4},"end":{"line":34,"column":22}},"type":"if","locations":[{"start":{"line":34,"column":4},"end":{"line":34,"column":22}},{"start":{},"end":{}}],"line":34}},"s":{"0":5,"1":5,"2":0,"3":0,"4":0,"5":0,"6":0,"7":0,"8":0,"9":0,"10":0,"11":0,"12":0,"13":0,"14":5,"15":0,"16":0,"17":0,"18":5},"f":{"0":0,"1":0,"2":0},"b":{"0":[0,0],"1":[0,0],"2":[0,0],"3":[0,0],"4":[0,0],"5":[0,0]},"_coverageSchema":"1a1c01bbd47fc00a2c39e90264f33305004495a9","hash":"05ee3d8de8c7c34ed61f8c0b071230acd40c857e"}
,"D:\\VSCODE\\TLCN\\DTHSoft1\\server\\models\\Booking.js": {"path":"D:\\VSCODE\\TLCN\\DTHSoft1\\server\\models\\Booking.js","statementMap":{"0":{"start":{"line":1,"column":17},"end":{"line":1,"column":36}},"1":{"start":{"line":2,"column":15},"end":{"line":2,"column":30}},"2":{"start":{"line":47,"column":22},"end":{"line":131,"column":1}},"3":{"start":{"line":133,"column":0},"end":{"line":133,"column":58}}},"fnMap":{},"branchMap":{},"s":{"0":5,"1":5,"2":5,"3":5},"f":{},"b":{},"_coverageSchema":"1a1c01bbd47fc00a2c39e90264f33305004495a9","hash":"a24b9e91266c4b26aa3dd662c7d755e550ba4d4a"}
,"D:\\VSCODE\\TLCN\\DTHSoft1\\server\\models\\Customer.js": {"path":"D:\\VSCODE\\TLCN\\DTHSoft1\\server\\models\\Customer.js","statementMap":{"0":{"start":{"line":1,"column":17},"end":{"line":1,"column":36}},"1":{"start":{"line":2,"column":15},"end":{"line":2,"column":30}},"2":{"start":{"line":4,"column":23},"end":{"line":54,"column":1}},"3":{"start":{"line":56,"column":0},"end":{"line":56,"column":60}}},"fnMap":{},"branchMap":{},"s":{"0":5,"1":5,"2":5,"3":5},"f":{},"b":{},"_coverageSchema":"1a1c01bbd47fc00a2c39e90264f33305004495a9","hash":"47ed4ed13ea88fa60819a61e7f05215d8b415591"}
,"D:\\VSCODE\\TLCN\\DTHSoft1\\server\\models\\Receipt.js": {"path":"D:\\VSCODE\\TLCN\\DTHSoft1\\server\\models\\Receipt.js","statementMap":{"0":{"start":{"line":1,"column":17},"end":{"line":1,"column":36}},"1":{"start":{"line":2,"column":15},"end":{"line":2,"column":30}},"2":{"start":{"line":4,"column":22},"end":{"line":44,"column":1}},"3":{"start":{"line":46,"column":0},"end":{"line":46,"column":58}}},"fnMap":{},"branchMap":{},"s":{"0":5,"1":5,"2":5,"3":5},"f":{},"b":{},"_coverageSchema":"1a1c01bbd47fc00a2c39e90264f33305004495a9","hash":"55d50301024d85ff5b500400d0db98629c41a317"}
,"D:\\VSCODE\\TLCN\\DTHSoft1\\server\\models\\Room.js": {"path":"D:\\VSCODE\\TLCN\\DTHSoft1\\server\\models\\Room.js","statementMap":{"0":{"start":{"line":1,"column":17},"end":{"line":1,"column":36}},"1":{"start":{"line":2,"column":15},"end":{"line":2,"column":30}},"2":{"start":{"line":4,"column":19},"end":{"line":45,"column":1}},"3":{"start":{"line":47,"column":0},"end":{"line":47,"column":52}}},"fnMap":{},"branchMap":{},"s":{"0":5,"1":5,"2":5,"3":5},"f":{},"b":{},"_coverageSchema":"1a1c01bbd47fc00a2c39e90264f33305004495a9","hash":"f766c4091c9c2ee6a7e0601ca176ae20d694bf6c"}
,"D:\\VSCODE\\TLCN\\DTHSoft1\\server\\models\\Service.js": {"path":"D:\\VSCODE\\TLCN\\DTHSoft1\\server\\models\\Service.js","statementMap":{"0":{"start":{"line":1,"column":17},"end":{"line":1,"column":36}},"1":{"start":{"line":2,"column":15},"end":{"line":2,"column":30}},"2":{"start":{"line":4,"column":22},"end":{"line":15,"column":1}},"3":{"start":{"line":17,"column":0},"end":{"line":17,"column":58}}},"fnMap":{},"branchMap":{},"s":{"0":5,"1":5,"2":5,"3":5},"f":{},"b":{},"_coverageSchema":"1a1c01bbd47fc00a2c39e90264f33305004495a9","hash":"efaa36e96dc6100f4e4c6c860a79c6e69c768a11"}
,"D:\\VSCODE\\TLCN\\DTHSoft1\\server\\models\\User.js": {"path":"D:\\VSCODE\\TLCN\\DTHSoft1\\server\\models\\User.js","statementMap":{"0":{"start":{"line":1,"column":17},"end":{"line":1,"column":36}},"1":{"start":{"line":2,"column":15},"end":{"line":2,"column":30}},"2":{"start":{"line":4,"column":19},"end":{"line":55,"column":1}},"3":{"start":{"line":57,"column":0},"end":{"line":57,"column":52}}},"fnMap":{},"branchMap":{},"s":{"0":5,"1":5,"2":5,"3":5},"f":{},"b":{},"_coverageSchema":"1a1c01bbd47fc00a2c39e90264f33305004495a9","hash":"4952590fe63798c09daec809d927de3474841d01"}
,"D:\\VSCODE\\TLCN\\DTHSoft1\\server\\routes\\index.js": {"path":"D:\\VSCODE\\TLCN\\DTHSoft1\\server\\routes\\index.js","statementMap":{"0":{"start":{"line":1,"column":15},"end":{"line":1,"column":42}},"1":{"start":{"line":2,"column":12},"end":{"line":2,"column":36}},"2":{"start":{"line":3,"column":19},"end":{"line":3,"column":26}},"3":{"start":{"line":4,"column":12},"end":{"line":4,"column":24}},"4":{"start":{"line":7,"column":19},"end":{"line":7,"column":40}},"5":{"start":{"line":8,"column":19},"end":{"line":8,"column":40}},"6":{"start":{"line":9,"column":19},"end":{"line":9,"column":40}},"7":{"start":{"line":10,"column":23},"end":{"line":10,"column":48}},"8":{"start":{"line":11,"column":22},"end":{"line":11,"column":46}},"9":{"start":{"line":12,"column":22},"end":{"line":12,"column":46}},"10":{"start":{"line":13,"column":22},"end":{"line":13,"column":46}},"11":{"start":{"line":16,"column":0},"end":{"line":16,"column":37}},"12":{"start":{"line":17,"column":0},"end":{"line":17,"column":37}},"13":{"start":{"line":18,"column":0},"end":{"line":18,"column":45}},"14":{"start":{"line":19,"column":0},"end":{"line":19,"column":37}},"15":{"start":{"line":20,"column":0},"end":{"line":20,"column":43}},"16":{"start":{"line":21,"column":0},"end":{"line":21,"column":43}},"17":{"start":{"line":22,"column":0},"end":{"line":22,"column":43}},"18":{"start":{"line":23,"column":0},"end":{"line":28,"column":1}},"19":{"start":{"line":24,"column":2},"end":{"line":27,"column":4}},"20":{"start":{"line":30,"column":0},"end":{"line":30,"column":23}}},"fnMap":{"0":{"name":"(anonymous_0)","decl":{"start":{"line":23,"column":16},"end":{"line":23,"column":17}},"loc":{"start":{"line":24,"column":2},"end":{"line":27,"column":4}},"line":24}},"branchMap":{},"s":{"0":5,"1":5,"2":5,"3":5,"4":5,"5":5,"6":5,"7":5,"8":5,"9":5,"10":5,"11":5,"12":5,"13":5,"14":5,"15":5,"16":5,"17":5,"18":5,"19":0,"20":5},"f":{"0":0},"b":{},"_coverageSchema":"1a1c01bbd47fc00a2c39e90264f33305004495a9","hash":"44f608854c9e3bb347f7aa6e91fce3a4c192b317"}
,"D:\\VSCODE\\TLCN\\DTHSoft1\\server\\routes\\api\\auth.js": {"path":"D:\\VSCODE\\TLCN\\DTHSoft1\\server\\routes\\api\\auth.js","statementMap":{"0":{"start":{"line":1,"column":15},"end":{"line":1,"column":42}},"1":{"start":{"line":2,"column":15},"end":{"line":2,"column":34}},"2":{"start":{"line":3,"column":12},"end":{"line":3,"column":35}},"3":{"start":{"line":4,"column":15},"end":{"line":4,"column":32}},"4":{"start":{"line":5,"column":13},"end":{"line":5,"column":41}},"5":{"start":{"line":6,"column":18},"end":{"line":6,"column":47}},"6":{"start":{"line":7,"column":20},"end":{"line":7,"column":61}},"7":{"start":{"line":8,"column":0},"end":{"line":8,"column":26}},"8":{"start":{"line":13,"column":0},"end":{"line":32,"column":2}},"9":{"start":{"line":14,"column":2},"end":{"line":31,"column":3}},"10":{"start":{"line":15,"column":17},"end":{"line":18,"column":53}},"11":{"start":{"line":19,"column":4},"end":{"line":23,"column":8}},"12":{"start":{"line":20,"column":6},"end":{"line":23,"column":8}},"13":{"start":{"line":24,"column":4},"end":{"line":24,"column":37}},"14":{"start":{"line":26,"column":4},"end":{"line":26,"column":22}},"15":{"start":{"line":27,"column":4},"end":{"line":30,"column":6}},"16":{"start":{"line":37,"column":0},"end":{"line":71,"column":2}},"17":{"start":{"line":38,"column":30},"end":{"line":38,"column":38}},"18":{"start":{"line":39,"column":2},"end":{"line":70,"column":3}},"19":{"start":{"line":41,"column":17},"end":{"line":41,"column":62}},"20":{"start":{"line":42,"column":4},"end":{"line":45,"column":73}},"21":{"start":{"line":43,"column":6},"end":{"line":45,"column":73}},"22":{"start":{"line":47,"column":26},"end":{"line":47,"column":71}},"23":{"start":{"line":48,"column":4},"end":{"line":51,"column":73}},"24":{"start":{"line":49,"column":6},"end":{"line":51,"column":73}},"25":{"start":{"line":56,"column":24},"end":{"line":60,"column":5}},"26":{"start":{"line":62,"column":4},"end":{"line":66,"column":6}},"27":{"start":{"line":68,"column":4},"end":{"line":68,"column":22}},"28":{"start":{"line":69,"column":4},"end":{"line":69,"column":78}},"29":{"start":{"line":125,"column":0},"end":{"line":186,"column":2}},"30":{"start":{"line":126,"column":20},"end":{"line":126,"column":28}},"31":{"start":{"line":127,"column":2},"end":{"line":185,"column":3}},"32":{"start":{"line":129,"column":17},"end":{"line":129,"column":46}},"33":{"start":{"line":130,"column":4},"end":{"line":135,"column":8}},"34":{"start":{"line":131,"column":6},"end":{"line":135,"column":8}},"35":{"start":{"line":138,"column":19},"end":{"line":138,"column":41}},"36":{"start":{"line":139,"column":23},"end":{"line":139,"column":45}},"37":{"start":{"line":141,"column":4},"end":{"line":141,"column":40}},"38":{"start":{"line":142,"column":4},"end":{"line":142,"column":59}},"39":{"start":{"line":144,"column":4},"end":{"line":150,"column":6}},"40":{"start":{"line":145,"column":6},"end":{"line":149,"column":10}},"41":{"start":{"line":146,"column":8},"end":{"line":149,"column":10}},"42":{"start":{"line":153,"column":21},"end":{"line":155,"column":45}},"43":{"start":{"line":157,"column":16},"end":{"line":157,"column":37}},"44":{"start":{"line":159,"column":20},"end":{"line":170,"column":1}},"45":{"start":{"line":172,"column":4},"end":{"line":176,"column":6}},"46":{"start":{"line":178,"column":4},"end":{"line":181,"column":6}},"47":{"start":{"line":183,"column":4},"end":{"line":183,"column":22}},"48":{"start":{"line":184,"column":4},"end":{"line":184,"column":78}},"49":{"start":{"line":191,"column":0},"end":{"line":233,"column":2}},"50":{"start":{"line":192,"column":23},"end":{"line":192,"column":31}},"51":{"start":{"line":193,"column":16},"end":{"line":193,"column":32}},"52":{"start":{"line":196,"column":2},"end":{"line":200,"column":3}},"53":{"start":{"line":197,"column":4},"end":{"line":199,"column":70}},"54":{"start":{"line":201,"column":2},"end":{"line":232,"column":3}},"55":{"start":{"line":202,"column":22},"end":{"line":205,"column":6}},"56":{"start":{"line":207,"column":4},"end":{"line":212,"column":8}},"57":{"start":{"line":208,"column":6},"end":{"line":212,"column":8}},"58":{"start":{"line":215,"column":17},"end":{"line":215,"column":41}},"59":{"start":{"line":216,"column":27},"end":{"line":216,"column":60}},"60":{"start":{"line":218,"column":4},"end":{"line":218,"column":39}},"61":{"start":{"line":219,"column":4},"end":{"line":219,"column":37}},"62":{"start":{"line":220,"column":4},"end":{"line":220,"column":41}},"63":{"start":{"line":222,"column":4},"end":{"line":222,"column":26}},"64":{"start":{"line":224,"column":4},"end":{"line":228,"column":6}},"65":{"start":{"line":230,"column":4},"end":{"line":230,"column":22}},"66":{"start":{"line":231,"column":4},"end":{"line":231,"column":78}},"67":{"start":{"line":234,"column":0},"end":{"line":234,"column":23}}},"fnMap":{"0":{"name":"(anonymous_0)","decl":{"start":{"line":13,"column":29},"end":{"line":13,"column":30}},"loc":{"start":{"line":13,"column":49},"end":{"line":32,"column":1}},"line":13},"1":{"name":"(anonymous_1)","decl":{"start":{"line":37,"column":22},"end":{"line":37,"column":23}},"loc":{"start":{"line":37,"column":42},"end":{"line":71,"column":1}},"line":37},"2":{"name":"(anonymous_2)","decl":{"start":{"line":125,"column":32},"end":{"line":125,"column":33}},"loc":{"start":{"line":125,"column":52},"end":{"line":186,"column":1}},"line":125},"3":{"name":"(anonymous_3)","decl":{"start":{"line":144,"column":14},"end":{"line":144,"column":15}},"loc":{"start":{"line":144,"column":29},"end":{"line":150,"column":5}},"line":144},"4":{"name":"(anonymous_4)","decl":{"start":{"line":191,"column":38},"end":{"line":191,"column":39}},"loc":{"start":{"line":191,"column":58},"end":{"line":233,"column":1}},"line":191}},"branchMap":{"0":{"loc":{"start":{"line":19,"column":4},"end":{"line":23,"column":8}},"type":"if","locations":[{"start":{"line":19,"column":4},"end":{"line":23,"column":8}},{"start":{},"end":{}}],"line":19},"1":{"loc":{"start":{"line":42,"column":4},"end":{"line":45,"column":73}},"type":"if","locations":[{"start":{"line":42,"column":4},"end":{"line":45,"column":73}},{"start":{},"end":{}}],"line":42},"2":{"loc":{"start":{"line":48,"column":4},"end":{"line":51,"column":73}},"type":"if","locations":[{"start":{"line":48,"column":4},"end":{"line":51,"column":73}},{"start":{},"end":{}}],"line":48},"3":{"loc":{"start":{"line":130,"column":4},"end":{"line":135,"column":8}},"type":"if","locations":[{"start":{"line":130,"column":4},"end":{"line":135,"column":8}},{"start":{},"end":{}}],"line":130},"4":{"loc":{"start":{"line":145,"column":6},"end":{"line":149,"column":10}},"type":"if","locations":[{"start":{"line":145,"column":6},"end":{"line":149,"column":10}},{"start":{},"end":{}}],"line":145},"5":{"loc":{"start":{"line":196,"column":2},"end":{"line":200,"column":3}},"type":"if","locations":[{"start":{"line":196,"column":2},"end":{"line":200,"column":3}},{"start":{},"end":{}}],"line":196},"6":{"loc":{"start":{"line":207,"column":4},"end":{"line":212,"column":8}},"type":"if","locations":[{"start":{"line":207,"column":4},"end":{"line":212,"column":8}},{"start":{},"end":{}}],"line":207}},"s":{"0":5,"1":5,"2":5,"3":5,"4":5,"5":5,"6":5,"7":5,"8":5,"9":1,"10":1,"11":1,"12":0,"13":1,"14":0,"15":0,"16":5,"17":24,"18":24,"19":24,"20":24,"21":1,"22":23,"23":23,"24":1,"25":22,"26":22,"27":0,"28":0,"29":5,"30":0,"31":0,"32":0,"33":0,"34":0,"35":0,"36":0,"37":0,"38":0,"39":0,"40":0,"41":0,"42":0,"43":0,"44":0,"45":0,"46":0,"47":0,"48":0,"49":5,"50":0,"51":0,"52":0,"53":0,"54":0,"55":0,"56":0,"57":0,"58":0,"59":0,"60":0,"61":0,"62":0,"63":0,"64":0,"65":0,"66":0,"67":5},"f":{"0":1,"1":24,"2":0,"3":0,"4":0},"b":{"0":[0,1],"1":[1,23],"2":[1,22],"3":[0,0],"4":[0,0],"5":[0,0],"6":[0,0]},"_coverageSchema":"1a1c01bbd47fc00a2c39e90264f33305004495a9","hash":"f449d1104e7cdf03b2be7e087acb035aa0fd9566"}
,"D:\\VSCODE\\TLCN\\DTHSoft1\\server\\routes\\api\\booking.js": {"path":"D:\\VSCODE\\TLCN\\DTHSoft1\\server\\routes\\api\\booking.js","statementMap":{"0":{"start":{"line":1,"column":15},"end":{"line":1,"column":42}},"1":{"start":{"line":2,"column":16},"end":{"line":2,"column":47}},"2":{"start":{"line":3,"column":20},"end":{"line":3,"column":61}},"3":{"start":{"line":4,"column":17},"end":{"line":4,"column":48}},"4":{"start":{"line":5,"column":20},"end":{"line":5,"column":54}},"5":{"start":{"line":10,"column":0},"end":{"line":114,"column":2}},"6":{"start":{"line":19,"column":6},"end":{"line":19,"column":14}},"7":{"start":{"line":21,"column":17},"end":{"line":21,"column":27}},"8":{"start":{"line":22,"column":2},"end":{"line":113,"column":3}},"9":{"start":{"line":24,"column":24},"end":{"line":24,"column":74}},"10":{"start":{"line":26,"column":4},"end":{"line":30,"column":8}},"11":{"start":{"line":27,"column":6},"end":{"line":30,"column":8}},"12":{"start":{"line":33,"column":17},"end":{"line":33,"column":46}},"13":{"start":{"line":36,"column":21},"end":{"line":36,"column":72}},"14":{"start":{"line":42,"column":23},"end":{"line":42,"column":64}},"15":{"start":{"line":48,"column":4},"end":{"line":60,"column":5}},"16":{"start":{"line":49,"column":6},"end":{"line":49,"column":72}},"17":{"start":{"line":51,"column":20},"end":{"line":51,"column":72}},"18":{"start":{"line":52,"column":19},"end":{"line":52,"column":72}},"19":{"start":{"line":54,"column":6},"end":{"line":54,"column":32}},"20":{"start":{"line":55,"column":6},"end":{"line":55,"column":31}},"21":{"start":{"line":56,"column":6},"end":{"line":59,"column":20}},"22":{"start":{"line":63,"column":26},"end":{"line":63,"column":76}},"23":{"start":{"line":66,"column":17},"end":{"line":66,"column":72}},"24":{"start":{"line":69,"column":16},"end":{"line":69,"column":18}},"25":{"start":{"line":70,"column":23},"end":{"line":73,"column":15}},"26":{"start":{"line":75,"column":23},"end":{"line":94,"column":6}},"27":{"start":{"line":96,"column":4},"end":{"line":96,"column":27}},"28":{"start":{"line":99,"column":25},"end":{"line":99,"column":70}},"29":{"start":{"line":100,"column":4},"end":{"line":100,"column":70}},"30":{"start":{"line":102,"column":4},"end":{"line":106,"column":6}},"31":{"start":{"line":108,"column":4},"end":{"line":108,"column":22}},"32":{"start":{"line":109,"column":4},"end":{"line":112,"column":6}},"33":{"start":{"line":119,"column":0},"end":{"line":144,"column":2}},"34":{"start":{"line":120,"column":2},"end":{"line":143,"column":3}},"35":{"start":{"line":121,"column":21},"end":{"line":132,"column":53}},"36":{"start":{"line":133,"column":4},"end":{"line":136,"column":6}},"37":{"start":{"line":138,"column":4},"end":{"line":138,"column":22}},"38":{"start":{"line":139,"column":4},"end":{"line":142,"column":6}},"39":{"start":{"line":149,"column":0},"end":{"line":174,"column":2}},"40":{"start":{"line":150,"column":2},"end":{"line":173,"column":3}},"41":{"start":{"line":151,"column":20},"end":{"line":162,"column":53}},"42":{"start":{"line":163,"column":4},"end":{"line":166,"column":6}},"43":{"start":{"line":168,"column":4},"end":{"line":168,"column":22}},"44":{"start":{"line":169,"column":4},"end":{"line":172,"column":6}},"45":{"start":{"line":179,"column":0},"end":{"line":271,"column":2}},"46":{"start":{"line":189,"column":6},"end":{"line":189,"column":14}},"47":{"start":{"line":191,"column":17},"end":{"line":191,"column":27}},"48":{"start":{"line":192,"column":2},"end":{"line":270,"column":3}},"49":{"start":{"line":194,"column":21},"end":{"line":194,"column":72}},"50":{"start":{"line":197,"column":23},"end":{"line":197,"column":64}},"51":{"start":{"line":203,"column":4},"end":{"line":215,"column":5}},"52":{"start":{"line":204,"column":6},"end":{"line":204,"column":72}},"53":{"start":{"line":206,"column":20},"end":{"line":206,"column":72}},"54":{"start":{"line":207,"column":19},"end":{"line":207,"column":72}},"55":{"start":{"line":209,"column":6},"end":{"line":209,"column":32}},"56":{"start":{"line":210,"column":6},"end":{"line":210,"column":31}},"57":{"start":{"line":211,"column":6},"end":{"line":214,"column":20}},"58":{"start":{"line":218,"column":26},"end":{"line":218,"column":76}},"59":{"start":{"line":221,"column":16},"end":{"line":221,"column":18}},"60":{"start":{"line":222,"column":23},"end":{"line":225,"column":15}},"61":{"start":{"line":228,"column":24},"end":{"line":244,"column":5}},"62":{"start":{"line":246,"column":35},"end":{"line":246,"column":57}},"63":{"start":{"line":248,"column":25},"end":{"line":254,"column":5}},"64":{"start":{"line":256,"column":23},"end":{"line":256,"column":69}},"65":{"start":{"line":257,"column":4},"end":{"line":257,"column":68}},"66":{"start":{"line":259,"column":4},"end":{"line":263,"column":6}},"67":{"start":{"line":265,"column":4},"end":{"line":265,"column":22}},"68":{"start":{"line":266,"column":4},"end":{"line":269,"column":6}},"69":{"start":{"line":276,"column":0},"end":{"line":363,"column":1}},"70":{"start":{"line":280,"column":19},"end":{"line":280,"column":29}},"71":{"start":{"line":281,"column":22},"end":{"line":281,"column":42}},"72":{"start":{"line":282,"column":25},"end":{"line":282,"column":48}},"73":{"start":{"line":283,"column":25},"end":{"line":283,"column":48}},"74":{"start":{"line":285,"column":4},"end":{"line":361,"column":5}},"75":{"start":{"line":286,"column":22},"end":{"line":286,"column":55}},"76":{"start":{"line":287,"column":28},"end":{"line":287,"column":49}},"77":{"start":{"line":288,"column":26},"end":{"line":288,"column":45}},"78":{"start":{"line":289,"column":27},"end":{"line":289,"column":47}},"79":{"start":{"line":290,"column":23},"end":{"line":294,"column":7}},"80":{"start":{"line":297,"column":23},"end":{"line":297,"column":74}},"81":{"start":{"line":300,"column":25},"end":{"line":300,"column":69}},"82":{"start":{"line":306,"column":6},"end":{"line":318,"column":7}},"83":{"start":{"line":307,"column":8},"end":{"line":307,"column":74}},"84":{"start":{"line":309,"column":22},"end":{"line":309,"column":74}},"85":{"start":{"line":310,"column":21},"end":{"line":310,"column":74}},"86":{"start":{"line":312,"column":8},"end":{"line":312,"column":34}},"87":{"start":{"line":313,"column":8},"end":{"line":313,"column":33}},"88":{"start":{"line":314,"column":8},"end":{"line":317,"column":22}},"89":{"start":{"line":321,"column":18},"end":{"line":321,"column":20}},"90":{"start":{"line":322,"column":25},"end":{"line":325,"column":18}},"91":{"start":{"line":328,"column":37},"end":{"line":328,"column":55}},"92":{"start":{"line":330,"column":26},"end":{"line":337,"column":7}},"93":{"start":{"line":339,"column":27},"end":{"line":345,"column":7}},"94":{"start":{"line":347,"column":6},"end":{"line":347,"column":73}},"95":{"start":{"line":348,"column":6},"end":{"line":348,"column":71}},"96":{"start":{"line":350,"column":6},"end":{"line":354,"column":8}},"97":{"start":{"line":356,"column":6},"end":{"line":356,"column":24}},"98":{"start":{"line":357,"column":6},"end":{"line":360,"column":8}},"99":{"start":{"line":368,"column":0},"end":{"line":410,"column":2}},"100":{"start":{"line":369,"column":17},"end":{"line":369,"column":27}},"101":{"start":{"line":370,"column":20},"end":{"line":370,"column":40}},"102":{"start":{"line":371,"column":2},"end":{"line":409,"column":3}},"103":{"start":{"line":372,"column":20},"end":{"line":372,"column":53}},"104":{"start":{"line":373,"column":18},"end":{"line":373,"column":31}},"105":{"start":{"line":374,"column":19},"end":{"line":374,"column":33}},"106":{"start":{"line":375,"column":4},"end":{"line":379,"column":8}},"107":{"start":{"line":376,"column":6},"end":{"line":379,"column":8}},"108":{"start":{"line":382,"column":35},"end":{"line":382,"column":53}},"109":{"start":{"line":384,"column":24},"end":{"line":388,"column":5}},"110":{"start":{"line":389,"column":25},"end":{"line":395,"column":5}},"111":{"start":{"line":397,"column":4},"end":{"line":397,"column":65}},"112":{"start":{"line":398,"column":4},"end":{"line":402,"column":6}},"113":{"start":{"line":404,"column":4},"end":{"line":404,"column":22}},"114":{"start":{"line":405,"column":4},"end":{"line":408,"column":6}},"115":{"start":{"line":412,"column":0},"end":{"line":412,"column":23}}},"fnMap":{"0":{"name":"(anonymous_0)","decl":{"start":{"line":10,"column":35},"end":{"line":10,"column":36}},"loc":{"start":{"line":10,"column":55},"end":{"line":114,"column":1}},"line":10},"1":{"name":"(anonymous_1)","decl":{"start":{"line":119,"column":29},"end":{"line":119,"column":30}},"loc":{"start":{"line":119,"column":49},"end":{"line":144,"column":1}},"line":119},"2":{"name":"(anonymous_2)","decl":{"start":{"line":149,"column":32},"end":{"line":149,"column":33}},"loc":{"start":{"line":149,"column":52},"end":{"line":174,"column":1}},"line":149},"3":{"name":"(anonymous_3)","decl":{"start":{"line":179,"column":39},"end":{"line":179,"column":40}},"loc":{"start":{"line":179,"column":59},"end":{"line":271,"column":1}},"line":179},"4":{"name":"(anonymous_4)","decl":{"start":{"line":279,"column":2},"end":{"line":279,"column":3}},"loc":{"start":{"line":279,"column":22},"end":{"line":362,"column":3}},"line":279},"5":{"name":"(anonymous_5)","decl":{"start":{"line":368,"column":49},"end":{"line":368,"column":50}},"loc":{"start":{"line":368,"column":69},"end":{"line":410,"column":1}},"line":368}},"branchMap":{"0":{"loc":{"start":{"line":26,"column":4},"end":{"line":30,"column":8}},"type":"if","locations":[{"start":{"line":26,"column":4},"end":{"line":30,"column":8}},{"start":{},"end":{}}],"line":26},"1":{"loc":{"start":{"line":48,"column":4},"end":{"line":60,"column":5}},"type":"if","locations":[{"start":{"line":48,"column":4},"end":{"line":60,"column":5}},{"start":{"line":50,"column":11},"end":{"line":60,"column":5}}],"line":48},"2":{"loc":{"start":{"line":66,"column":17},"end":{"line":66,"column":72}},"type":"cond-expr","locations":[{"start":{"line":66,"column":50},"end":{"line":66,"column":60}},{"start":{"line":66,"column":63},"end":{"line":66,"column":72}}],"line":66},"3":{"loc":{"start":{"line":99,"column":25},"end":{"line":99,"column":70}},"type":"cond-expr","locations":[{"start":{"line":99,"column":48},"end":{"line":99,"column":57}},{"start":{"line":99,"column":60},"end":{"line":99,"column":70}}],"line":99},"4":{"loc":{"start":{"line":203,"column":4},"end":{"line":215,"column":5}},"type":"if","locations":[{"start":{"line":203,"column":4},"end":{"line":215,"column":5}},{"start":{"line":205,"column":11},"end":{"line":215,"column":5}}],"line":203},"5":{"loc":{"start":{"line":256,"column":23},"end":{"line":256,"column":69}},"type":"cond-expr","locations":[{"start":{"line":256,"column":47},"end":{"line":256,"column":57}},{"start":{"line":256,"column":60},"end":{"line":256,"column":69}}],"line":256},"6":{"loc":{"start":{"line":306,"column":6},"end":{"line":318,"column":7}},"type":"if","locations":[{"start":{"line":306,"column":6},"end":{"line":318,"column":7}},{"start":{"line":308,"column":13},"end":{"line":318,"column":7}}],"line":306},"7":{"loc":{"start":{"line":375,"column":4},"end":{"line":379,"column":8}},"type":"if","locations":[{"start":{"line":375,"column":4},"end":{"line":379,"column":8}},{"start":{},"end":{}}],"line":375},"8":{"loc":{"start":{"line":375,"column":8},"end":{"line":375,"column":55}},"type":"binary-expr","locations":[{"start":{"line":375,"column":8},"end":{"line":375,"column":29}},{"start":{"line":375,"column":33},"end":{"line":375,"column":55}}],"line":375}},"s":{"0":5,"1":5,"2":5,"3":5,"4":5,"5":5,"6":2,"7":2,"8":2,"9":2,"10":2,"11":1,"12":1,"13":1,"14":1,"15":1,"16":0,"17":1,"18":1,"19":1,"20":1,"21":1,"22":1,"23":1,"24":1,"25":1,"26":1,"27":1,"28":1,"29":1,"30":1,"31":0,"32":0,"33":5,"34":1,"35":1,"36":1,"37":0,"38":0,"39":5,"40":0,"41":0,"42":0,"43":0,"44":0,"45":5,"46":0,"47":0,"48":0,"49":0,"50":0,"51":0,"52":0,"53":0,"54":0,"55":0,"56":0,"57":0,"58":0,"59":0,"60":0,"61":0,"62":0,"63":0,"64":0,"65":0,"66":0,"67":0,"68":0,"69":5,"70":0,"71":0,"72":0,"73":0,"74":0,"75":0,"76":0,"77":0,"78":0,"79":0,"80":0,"81":0,"82":0,"83":0,"84":0,"85":0,"86":0,"87":0,"88":0,"89":0,"90":0,"91":0,"92":0,"93":0,"94":0,"95":0,"96":0,"97":0,"98":0,"99":5,"100":0,"101":0,"102":0,"103":0,"104":0,"105":0,"106":0,"107":0,"108":0,"109":0,"110":0,"111":0,"112":0,"113":0,"114":0,"115":5},"f":{"0":2,"1":1,"2":0,"3":0,"4":0,"5":0},"b":{"0":[1,1],"1":[0,1],"2":[0,1],"3":[1,0],"4":[0,0],"5":[0,0],"6":[0,0],"7":[0,0],"8":[0,0]},"_coverageSchema":"1a1c01bbd47fc00a2c39e90264f33305004495a9","hash":"f463b770b7304ed12d6b4b9f30d78c5695039a94"}
,"D:\\VSCODE\\TLCN\\DTHSoft1\\server\\routes\\api\\customer.js": {"path":"D:\\VSCODE\\TLCN\\DTHSoft1\\server\\routes\\api\\customer.js","statementMap":{"0":{"start":{"line":1,"column":15},"end":{"line":1,"column":42}},"1":{"start":{"line":2,"column":20},"end":{"line":2,"column":61}},"2":{"start":{"line":3,"column":17},"end":{"line":3,"column":49}},"3":{"start":{"line":4,"column":31},"end":{"line":4,"column":64}},"4":{"start":{"line":9,"column":0},"end":{"line":64,"column":2}},"5":{"start":{"line":11,"column":4},"end":{"line":11,"column":12}},"6":{"start":{"line":14,"column":20},"end":{"line":14,"column":68}},"7":{"start":{"line":15,"column":2},"end":{"line":19,"column":6}},"8":{"start":{"line":16,"column":4},"end":{"line":19,"column":6}},"9":{"start":{"line":20,"column":2},"end":{"line":63,"column":3}},"10":{"start":{"line":22,"column":23},"end":{"line":22,"column":72}},"11":{"start":{"line":23,"column":4},"end":{"line":27,"column":8}},"12":{"start":{"line":24,"column":6},"end":{"line":27,"column":8}},"13":{"start":{"line":30,"column":22},"end":{"line":30,"column":70}},"14":{"start":{"line":31,"column":4},"end":{"line":35,"column":8}},"15":{"start":{"line":32,"column":6},"end":{"line":35,"column":8}},"16":{"start":{"line":38,"column":24},"end":{"line":49,"column":6}},"17":{"start":{"line":50,"column":4},"end":{"line":50,"column":28}},"18":{"start":{"line":52,"column":4},"end":{"line":56,"column":6}},"19":{"start":{"line":58,"column":4},"end":{"line":58,"column":22}},"20":{"start":{"line":59,"column":4},"end":{"line":62,"column":6}},"21":{"start":{"line":69,"column":0},"end":{"line":85,"column":2}},"22":{"start":{"line":70,"column":2},"end":{"line":84,"column":3}},"23":{"start":{"line":71,"column":22},"end":{"line":73,"column":53}},"24":{"start":{"line":74,"column":4},"end":{"line":77,"column":6}},"25":{"start":{"line":79,"column":4},"end":{"line":79,"column":22}},"26":{"start":{"line":80,"column":4},"end":{"line":83,"column":6}},"27":{"start":{"line":90,"column":0},"end":{"line":111,"column":2}},"28":{"start":{"line":91,"column":2},"end":{"line":110,"column":3}},"29":{"start":{"line":92,"column":21},"end":{"line":94,"column":53}},"30":{"start":{"line":95,"column":4},"end":{"line":99,"column":8}},"31":{"start":{"line":96,"column":6},"end":{"line":99,"column":8}},"32":{"start":{"line":100,"column":4},"end":{"line":103,"column":6}},"33":{"start":{"line":105,"column":4},"end":{"line":105,"column":22}},"34":{"start":{"line":106,"column":4},"end":{"line":109,"column":6}},"35":{"start":{"line":116,"column":0},"end":{"line":160,"column":2}},"36":{"start":{"line":118,"column":4},"end":{"line":118,"column":12}},"37":{"start":{"line":119,"column":16},"end":{"line":119,"column":29}},"38":{"start":{"line":121,"column":20},"end":{"line":121,"column":68}},"39":{"start":{"line":122,"column":2},"end":{"line":126,"column":6}},"40":{"start":{"line":123,"column":4},"end":{"line":126,"column":6}},"41":{"start":{"line":127,"column":2},"end":{"line":159,"column":3}},"42":{"start":{"line":129,"column":25},"end":{"line":139,"column":5}},"43":{"start":{"line":141,"column":32},"end":{"line":141,"column":46}},"44":{"start":{"line":143,"column":4},"end":{"line":147,"column":5}},"45":{"start":{"line":148,"column":4},"end":{"line":152,"column":6}},"46":{"start":{"line":154,"column":4},"end":{"line":154,"column":22}},"47":{"start":{"line":155,"column":4},"end":{"line":158,"column":6}},"48":{"start":{"line":165,"column":0},"end":{"line":188,"column":2}},"49":{"start":{"line":166,"column":2},"end":{"line":187,"column":3}},"50":{"start":{"line":167,"column":36},"end":{"line":167,"column":58}},"51":{"start":{"line":168,"column":20},"end":{"line":168,"column":61}},"52":{"start":{"line":169,"column":21},"end":{"line":175,"column":5}},"53":{"start":{"line":176,"column":4},"end":{"line":180,"column":6}},"54":{"start":{"line":182,"column":4},"end":{"line":182,"column":22}},"55":{"start":{"line":183,"column":4},"end":{"line":186,"column":6}},"56":{"start":{"line":189,"column":0},"end":{"line":189,"column":23}}},"fnMap":{"0":{"name":"(anonymous_0)","decl":{"start":{"line":9,"column":30},"end":{"line":9,"column":31}},"loc":{"start":{"line":9,"column":50},"end":{"line":64,"column":1}},"line":9},"1":{"name":"(anonymous_1)","decl":{"start":{"line":69,"column":29},"end":{"line":69,"column":30}},"loc":{"start":{"line":69,"column":49},"end":{"line":85,"column":1}},"line":69},"2":{"name":"(anonymous_2)","decl":{"start":{"line":90,"column":32},"end":{"line":90,"column":33}},"loc":{"start":{"line":90,"column":52},"end":{"line":111,"column":1}},"line":90},"3":{"name":"(anonymous_3)","decl":{"start":{"line":116,"column":39},"end":{"line":116,"column":40}},"loc":{"start":{"line":116,"column":59},"end":{"line":160,"column":1}},"line":116},"4":{"name":"(anonymous_4)","decl":{"start":{"line":165,"column":39},"end":{"line":165,"column":40}},"loc":{"start":{"line":165,"column":59},"end":{"line":188,"column":1}},"line":165}},"branchMap":{"0":{"loc":{"start":{"line":15,"column":2},"end":{"line":19,"column":6}},"type":"if","locations":[{"start":{"line":15,"column":2},"end":{"line":19,"column":6}},{"start":{},"end":{}}],"line":15},"1":{"loc":{"start":{"line":23,"column":4},"end":{"line":27,"column":8}},"type":"if","locations":[{"start":{"line":23,"column":4},"end":{"line":27,"column":8}},{"start":{},"end":{}}],"line":23},"2":{"loc":{"start":{"line":31,"column":4},"end":{"line":35,"column":8}},"type":"if","locations":[{"start":{"line":31,"column":4},"end":{"line":35,"column":8}},{"start":{},"end":{}}],"line":31},"3":{"loc":{"start":{"line":43,"column":15},"end":{"line":43,"column":28}},"type":"binary-expr","locations":[{"start":{"line":43,"column":15},"end":{"line":43,"column":22}},{"start":{"line":43,"column":26},"end":{"line":43,"column":28}}],"line":43},"4":{"loc":{"start":{"line":44,"column":14},"end":{"line":44,"column":30}},"type":"binary-expr","locations":[{"start":{"line":44,"column":14},"end":{"line":44,"column":20}},{"start":{"line":44,"column":24},"end":{"line":44,"column":30}}],"line":44},"5":{"loc":{"start":{"line":45,"column":17},"end":{"line":45,"column":32}},"type":"binary-expr","locations":[{"start":{"line":45,"column":17},"end":{"line":45,"column":26}},{"start":{"line":45,"column":30},"end":{"line":45,"column":32}}],"line":45},"6":{"loc":{"start":{"line":46,"column":12},"end":{"line":46,"column":22}},"type":"binary-expr","locations":[{"start":{"line":46,"column":12},"end":{"line":46,"column":16}},{"start":{"line":46,"column":20},"end":{"line":46,"column":22}}],"line":46},"7":{"loc":{"start":{"line":95,"column":4},"end":{"line":99,"column":8}},"type":"if","locations":[{"start":{"line":95,"column":4},"end":{"line":99,"column":8}},{"start":{},"end":{}}],"line":95},"8":{"loc":{"start":{"line":122,"column":2},"end":{"line":126,"column":6}},"type":"if","locations":[{"start":{"line":122,"column":2},"end":{"line":126,"column":6}},{"start":{},"end":{}}],"line":122},"9":{"loc":{"start":{"line":133,"column":15},"end":{"line":133,"column":28}},"type":"binary-expr","locations":[{"start":{"line":133,"column":15},"end":{"line":133,"column":22}},{"start":{"line":133,"column":26},"end":{"line":133,"column":28}}],"line":133},"10":{"loc":{"start":{"line":134,"column":12},"end":{"line":134,"column":22}},"type":"binary-expr","locations":[{"start":{"line":134,"column":12},"end":{"line":134,"column":16}},{"start":{"line":134,"column":20},"end":{"line":134,"column":22}}],"line":134},"11":{"loc":{"start":{"line":135,"column":14},"end":{"line":135,"column":30}},"type":"binary-expr","locations":[{"start":{"line":135,"column":14},"end":{"line":135,"column":20}},{"start":{"line":135,"column":24},"end":{"line":135,"column":30}}],"line":135},"12":{"loc":{"start":{"line":136,"column":17},"end":{"line":136,"column":32}},"type":"binary-expr","locations":[{"start":{"line":136,"column":17},"end":{"line":136,"column":26}},{"start":{"line":136,"column":30},"end":{"line":136,"column":32}}],"line":136},"13":{"loc":{"start":{"line":137,"column":12},"end":{"line":137,"column":22}},"type":"binary-expr","locations":[{"start":{"line":137,"column":12},"end":{"line":137,"column":16}},{"start":{"line":137,"column":20},"end":{"line":137,"column":22}}],"line":137}},"s":{"0":5,"1":5,"2":5,"3":5,"4":5,"5":0,"6":0,"7":0,"8":0,"9":0,"10":0,"11":0,"12":0,"13":0,"14":0,"15":0,"16":0,"17":0,"18":0,"19":0,"20":0,"21":5,"22":0,"23":0,"24":0,"25":0,"26":0,"27":5,"28":0,"29":0,"30":0,"31":0,"32":0,"33":0,"34":0,"35":5,"36":0,"37":0,"38":0,"39":0,"40":0,"41":0,"42":0,"43":0,"44":0,"45":0,"46":0,"47":0,"48":5,"49":0,"50":0,"51":0,"52":0,"53":0,"54":0,"55":0,"56":5},"f":{"0":0,"1":0,"2":0,"3":0,"4":0},"b":{"0":[0,0],"1":[0,0],"2":[0,0],"3":[0,0],"4":[0,0],"5":[0,0],"6":[0,0],"7":[0,0],"8":[0,0],"9":[0,0],"10":[0,0],"11":[0,0],"12":[0,0],"13":[0,0]},"_coverageSchema":"1a1c01bbd47fc00a2c39e90264f33305004495a9","hash":"a1e0b230944a0dcb314c472378b4bf87cc6543ab"}
,"D:\\VSCODE\\TLCN\\DTHSoft1\\server\\routes\\api\\receipt.js": {"path":"D:\\VSCODE\\TLCN\\DTHSoft1\\server\\routes\\api\\receipt.js","statementMap":{"0":{"start":{"line":1,"column":15},"end":{"line":1,"column":42}},"1":{"start":{"line":2,"column":15},"end":{"line":2,"column":32}},"2":{"start":{"line":3,"column":20},"end":{"line":3,"column":61}},"3":{"start":{"line":4,"column":16},"end":{"line":4,"column":47}},"4":{"start":{"line":5,"column":16},"end":{"line":5,"column":47}},"5":{"start":{"line":6,"column":17},"end":{"line":6,"column":49}},"6":{"start":{"line":7,"column":17},"end":{"line":7,"column":48}},"7":{"start":{"line":8,"column":20},"end":{"line":8,"column":54}},"8":{"start":{"line":9,"column":18},"end":{"line":9,"column":47}},"9":{"start":{"line":10,"column":30},"end":{"line":10,"column":63}},"10":{"start":{"line":11,"column":10},"end":{"line":11,"column":27}},"11":{"start":{"line":16,"column":0},"end":{"line":91,"column":2}},"12":{"start":{"line":17,"column":54},"end":{"line":17,"column":62}},"13":{"start":{"line":18,"column":17},"end":{"line":18,"column":27}},"14":{"start":{"line":21,"column":20},"end":{"line":21,"column":47}},"15":{"start":{"line":22,"column":2},"end":{"line":26,"column":6}},"16":{"start":{"line":23,"column":4},"end":{"line":26,"column":6}},"17":{"start":{"line":27,"column":2},"end":{"line":90,"column":3}},"18":{"start":{"line":28,"column":24},"end":{"line":28,"column":55}},"19":{"start":{"line":29,"column":4},"end":{"line":33,"column":8}},"20":{"start":{"line":30,"column":6},"end":{"line":33,"column":8}},"21":{"start":{"line":36,"column":25},"end":{"line":36,"column":59}},"22":{"start":{"line":37,"column":4},"end":{"line":41,"column":8}},"23":{"start":{"line":38,"column":6},"end":{"line":41,"column":8}},"24":{"start":{"line":43,"column":23},"end":{"line":52,"column":6}},"25":{"start":{"line":53,"column":4},"end":{"line":53,"column":27}},"26":{"start":{"line":56,"column":4},"end":{"line":56,"column":80}},"27":{"start":{"line":59,"column":4},"end":{"line":59,"column":71}},"28":{"start":{"line":62,"column":21},"end":{"line":62,"column":66}},"29":{"start":{"line":64,"column":20},"end":{"line":71,"column":11}},"30":{"start":{"line":73,"column":4},"end":{"line":77,"column":6}},"31":{"start":{"line":79,"column":4},"end":{"line":83,"column":6}},"32":{"start":{"line":85,"column":4},"end":{"line":85,"column":22}},"33":{"start":{"line":86,"column":4},"end":{"line":89,"column":6}},"34":{"start":{"line":96,"column":0},"end":{"line":127,"column":2}},"35":{"start":{"line":97,"column":2},"end":{"line":126,"column":3}},"36":{"start":{"line":98,"column":21},"end":{"line":115,"column":53}},"37":{"start":{"line":116,"column":4},"end":{"line":119,"column":6}},"38":{"start":{"line":121,"column":4},"end":{"line":121,"column":22}},"39":{"start":{"line":122,"column":4},"end":{"line":125,"column":6}},"40":{"start":{"line":166,"column":0},"end":{"line":201,"column":2}},"41":{"start":{"line":167,"column":39},"end":{"line":167,"column":47}},"42":{"start":{"line":168,"column":17},"end":{"line":168,"column":27}},"43":{"start":{"line":170,"column":2},"end":{"line":200,"column":3}},"44":{"start":{"line":172,"column":24},"end":{"line":178,"column":5}},"45":{"start":{"line":180,"column":35},"end":{"line":180,"column":57}},"46":{"start":{"line":182,"column":25},"end":{"line":188,"column":5}},"47":{"start":{"line":189,"column":4},"end":{"line":193,"column":6}},"48":{"start":{"line":195,"column":4},"end":{"line":195,"column":22}},"49":{"start":{"line":196,"column":4},"end":{"line":199,"column":6}},"50":{"start":{"line":206,"column":0},"end":{"line":441,"column":2}},"51":{"start":{"line":207,"column":2},"end":{"line":440,"column":3}},"52":{"start":{"line":209,"column":21},"end":{"line":223,"column":6}},"53":{"start":{"line":226,"column":24},"end":{"line":235,"column":8}},"54":{"start":{"line":237,"column":20},"end":{"line":237,"column":22}},"55":{"start":{"line":238,"column":26},"end":{"line":238,"column":28}},"56":{"start":{"line":239,"column":22},"end":{"line":239,"column":24}},"57":{"start":{"line":240,"column":19},"end":{"line":240,"column":21}},"58":{"start":{"line":241,"column":19},"end":{"line":241,"column":21}},"59":{"start":{"line":242,"column":26},"end":{"line":242,"column":28}},"60":{"start":{"line":243,"column":25},"end":{"line":243,"column":27}},"61":{"start":{"line":244,"column":23},"end":{"line":257,"column":5}},"62":{"start":{"line":258,"column":21},"end":{"line":266,"column":5}},"63":{"start":{"line":268,"column":23},"end":{"line":268,"column":75}},"64":{"start":{"line":268,"column":51},"end":{"line":268,"column":74}},"65":{"start":{"line":270,"column":4},"end":{"line":291,"column":6}},"66":{"start":{"line":271,"column":20},"end":{"line":289,"column":7}},"67":{"start":{"line":290,"column":6},"end":{"line":290,"column":34}},"68":{"start":{"line":293,"column":25},"end":{"line":295,"column":6}},"69":{"start":{"line":294,"column":6},"end":{"line":294,"column":63}},"70":{"start":{"line":297,"column":23},"end":{"line":299,"column":6}},"71":{"start":{"line":298,"column":6},"end":{"line":298,"column":64}},"72":{"start":{"line":303,"column":4},"end":{"line":308,"column":6}},"73":{"start":{"line":304,"column":6},"end":{"line":307,"column":7}},"74":{"start":{"line":305,"column":22},"end":{"line":305,"column":74}},"75":{"start":{"line":306,"column":8},"end":{"line":306,"column":31}},"76":{"start":{"line":310,"column":4},"end":{"line":315,"column":6}},"77":{"start":{"line":311,"column":6},"end":{"line":314,"column":8}},"78":{"start":{"line":312,"column":22},"end":{"line":312,"column":45}},"79":{"start":{"line":313,"column":8},"end":{"line":313,"column":37}},"80":{"start":{"line":317,"column":4},"end":{"line":322,"column":6}},"81":{"start":{"line":318,"column":6},"end":{"line":321,"column":7}},"82":{"start":{"line":319,"column":22},"end":{"line":319,"column":70}},"83":{"start":{"line":320,"column":8},"end":{"line":320,"column":37}},"84":{"start":{"line":326,"column":4},"end":{"line":332,"column":6}},"85":{"start":{"line":327,"column":20},"end":{"line":330,"column":7}},"86":{"start":{"line":331,"column":6},"end":{"line":331,"column":28}},"87":{"start":{"line":334,"column":18},"end":{"line":342,"column":10}},"88":{"start":{"line":335,"column":22},"end":{"line":335,"column":64}},"89":{"start":{"line":335,"column":45},"end":{"line":335,"column":63}},"90":{"start":{"line":336,"column":6},"end":{"line":340,"column":7}},"91":{"start":{"line":337,"column":8},"end":{"line":337,"column":37}},"92":{"start":{"line":339,"column":8},"end":{"line":339,"column":22}},"93":{"start":{"line":341,"column":6},"end":{"line":341,"column":16}},"94":{"start":{"line":346,"column":4},"end":{"line":364,"column":6}},"95":{"start":{"line":347,"column":18},"end":{"line":347,"column":20}},"96":{"start":{"line":348,"column":20},"end":{"line":351,"column":7}},"97":{"start":{"line":352,"column":6},"end":{"line":362,"column":8}},"98":{"start":{"line":353,"column":22},"end":{"line":360,"column":9}},"99":{"start":{"line":361,"column":8},"end":{"line":361,"column":27}},"100":{"start":{"line":363,"column":6},"end":{"line":363,"column":53}},"101":{"start":{"line":363,"column":33},"end":{"line":363,"column":52}},"102":{"start":{"line":366,"column":18},"end":{"line":381,"column":5}},"103":{"start":{"line":368,"column":8},"end":{"line":377,"column":11}},"104":{"start":{"line":369,"column":10},"end":{"line":369,"column":25}},"105":{"start":{"line":370,"column":10},"end":{"line":370,"column":37}},"106":{"start":{"line":372,"column":10},"end":{"line":377,"column":11}},"107":{"start":{"line":379,"column":8},"end":{"line":379,"column":16}},"108":{"start":{"line":384,"column":23},"end":{"line":391,"column":5}},"109":{"start":{"line":386,"column":8},"end":{"line":388,"column":43}},"110":{"start":{"line":387,"column":10},"end":{"line":387,"column":25}},"111":{"start":{"line":388,"column":15},"end":{"line":388,"column":43}},"112":{"start":{"line":389,"column":8},"end":{"line":389,"column":16}},"113":{"start":{"line":393,"column":4},"end":{"line":405,"column":6}},"114":{"start":{"line":394,"column":21},"end":{"line":394,"column":23}},"115":{"start":{"line":395,"column":6},"end":{"line":403,"column":8}},"116":{"start":{"line":396,"column":25},"end":{"line":401,"column":9}},"117":{"start":{"line":402,"column":8},"end":{"line":402,"column":33}},"118":{"start":{"line":404,"column":6},"end":{"line":404,"column":59}},"119":{"start":{"line":404,"column":36},"end":{"line":404,"column":58}},"120":{"start":{"line":407,"column":21},"end":{"line":415,"column":5}},"121":{"start":{"line":409,"column":8},"end":{"line":412,"column":68}},"122":{"start":{"line":410,"column":10},"end":{"line":410,"column":28}},"123":{"start":{"line":411,"column":10},"end":{"line":411,"column":40}},"124":{"start":{"line":412,"column":15},"end":{"line":412,"column":68}},"125":{"start":{"line":413,"column":8},"end":{"line":413,"column":16}},"126":{"start":{"line":417,"column":22},"end":{"line":428,"column":5}},"127":{"start":{"line":430,"column":4},"end":{"line":433,"column":6}},"128":{"start":{"line":435,"column":4},"end":{"line":435,"column":22}},"129":{"start":{"line":436,"column":4},"end":{"line":439,"column":6}},"130":{"start":{"line":443,"column":0},"end":{"line":443,"column":23}}},"fnMap":{"0":{"name":"(anonymous_0)","decl":{"start":{"line":16,"column":30},"end":{"line":16,"column":31}},"loc":{"start":{"line":16,"column":50},"end":{"line":91,"column":1}},"line":16},"1":{"name":"(anonymous_1)","decl":{"start":{"line":96,"column":29},"end":{"line":96,"column":30}},"loc":{"start":{"line":96,"column":49},"end":{"line":127,"column":1}},"line":96},"2":{"name":"(anonymous_2)","decl":{"start":{"line":166,"column":39},"end":{"line":166,"column":40}},"loc":{"start":{"line":166,"column":59},"end":{"line":201,"column":1}},"line":166},"3":{"name":"(anonymous_3)","decl":{"start":{"line":206,"column":38},"end":{"line":206,"column":39}},"loc":{"start":{"line":206,"column":58},"end":{"line":441,"column":1}},"line":206},"4":{"name":"(anonymous_4)","decl":{"start":{"line":268,"column":41},"end":{"line":268,"column":42}},"loc":{"start":{"line":268,"column":51},"end":{"line":268,"column":74}},"line":268},"5":{"name":"(anonymous_5)","decl":{"start":{"line":270,"column":24},"end":{"line":270,"column":25}},"loc":{"start":{"line":270,"column":34},"end":{"line":291,"column":5}},"line":270},"6":{"name":"(anonymous_6)","decl":{"start":{"line":293,"column":48},"end":{"line":293,"column":49}},"loc":{"start":{"line":293,"column":62},"end":{"line":295,"column":5}},"line":293},"7":{"name":"(anonymous_7)","decl":{"start":{"line":297,"column":46},"end":{"line":297,"column":47}},"loc":{"start":{"line":297,"column":60},"end":{"line":299,"column":5}},"line":297},"8":{"name":"(anonymous_8)","decl":{"start":{"line":303,"column":26},"end":{"line":303,"column":27}},"loc":{"start":{"line":303,"column":37},"end":{"line":308,"column":5}},"line":303},"9":{"name":"(anonymous_9)","decl":{"start":{"line":310,"column":27},"end":{"line":310,"column":28}},"loc":{"start":{"line":310,"column":40},"end":{"line":315,"column":5}},"line":310},"10":{"name":"(anonymous_10)","decl":{"start":{"line":311,"column":31},"end":{"line":311,"column":32}},"loc":{"start":{"line":311,"column":41},"end":{"line":314,"column":7}},"line":311},"11":{"name":"(anonymous_11)","decl":{"start":{"line":317,"column":24},"end":{"line":317,"column":25}},"loc":{"start":{"line":317,"column":35},"end":{"line":322,"column":5}},"line":317},"12":{"name":"(anonymous_12)","decl":{"start":{"line":326,"column":24},"end":{"line":326,"column":25}},"loc":{"start":{"line":326,"column":34},"end":{"line":332,"column":5}},"line":326},"13":{"name":"(anonymous_13)","decl":{"start":{"line":334,"column":34},"end":{"line":334,"column":35}},"loc":{"start":{"line":334,"column":49},"end":{"line":342,"column":5}},"line":334},"14":{"name":"(anonymous_14)","decl":{"start":{"line":335,"column":31},"end":{"line":335,"column":32}},"loc":{"start":{"line":335,"column":45},"end":{"line":335,"column":63}},"line":335},"15":{"name":"(anonymous_15)","decl":{"start":{"line":346,"column":24},"end":{"line":346,"column":25}},"loc":{"start":{"line":346,"column":38},"end":{"line":364,"column":5}},"line":346},"16":{"name":"(anonymous_16)","decl":{"start":{"line":352,"column":40},"end":{"line":352,"column":41}},"loc":{"start":{"line":352,"column":50},"end":{"line":362,"column":7}},"line":352},"17":{"name":"(anonymous_17)","decl":{"start":{"line":363,"column":23},"end":{"line":363,"column":24}},"loc":{"start":{"line":363,"column":33},"end":{"line":363,"column":52}},"line":363},"18":{"name":"(anonymous_18)","decl":{"start":{"line":367,"column":22},"end":{"line":367,"column":23}},"loc":{"start":{"line":367,"column":52},"end":{"line":380,"column":7}},"line":367},"19":{"name":"(anonymous_19)","decl":{"start":{"line":385,"column":29},"end":{"line":385,"column":30}},"loc":{"start":{"line":385,"column":46},"end":{"line":390,"column":7}},"line":385},"20":{"name":"(anonymous_20)","decl":{"start":{"line":393,"column":24},"end":{"line":393,"column":25}},"loc":{"start":{"line":393,"column":38},"end":{"line":405,"column":5}},"line":393},"21":{"name":"(anonymous_21)","decl":{"start":{"line":395,"column":43},"end":{"line":395,"column":44}},"loc":{"start":{"line":395,"column":53},"end":{"line":403,"column":7}},"line":395},"22":{"name":"(anonymous_22)","decl":{"start":{"line":404,"column":26},"end":{"line":404,"column":27}},"loc":{"start":{"line":404,"column":36},"end":{"line":404,"column":58}},"line":404},"23":{"name":"(anonymous_23)","decl":{"start":{"line":408,"column":25},"end":{"line":408,"column":26}},"loc":{"start":{"line":408,"column":52},"end":{"line":414,"column":7}},"line":408}},"branchMap":{"0":{"loc":{"start":{"line":22,"column":2},"end":{"line":26,"column":6}},"type":"if","locations":[{"start":{"line":22,"column":2},"end":{"line":26,"column":6}},{"start":{},"end":{}}],"line":22},"1":{"loc":{"start":{"line":29,"column":4},"end":{"line":33,"column":8}},"type":"if","locations":[{"start":{"line":29,"column":4},"end":{"line":33,"column":8}},{"start":{},"end":{}}],"line":29},"2":{"loc":{"start":{"line":37,"column":4},"end":{"line":41,"column":8}},"type":"if","locations":[{"start":{"line":37,"column":4},"end":{"line":41,"column":8}},{"start":{},"end":{}}],"line":37},"3":{"loc":{"start":{"line":304,"column":6},"end":{"line":307,"column":7}},"type":"if","locations":[{"start":{"line":304,"column":6},"end":{"line":307,"column":7}},{"start":{},"end":{}}],"line":304},"4":{"loc":{"start":{"line":318,"column":6},"end":{"line":321,"column":7}},"type":"if","locations":[{"start":{"line":318,"column":6},"end":{"line":321,"column":7}},{"start":{},"end":{}}],"line":318},"5":{"loc":{"start":{"line":336,"column":6},"end":{"line":340,"column":7}},"type":"if","locations":[{"start":{"line":336,"column":6},"end":{"line":340,"column":7}},{"start":{"line":338,"column":13},"end":{"line":340,"column":7}}],"line":336},"6":{"loc":{"start":{"line":368,"column":8},"end":{"line":377,"column":11}},"type":"if","locations":[{"start":{"line":368,"column":8},"end":{"line":377,"column":11}},{"start":{"line":372,"column":10},"end":{"line":377,"column":11}}],"line":368},"7":{"loc":{"start":{"line":386,"column":8},"end":{"line":388,"column":43}},"type":"if","locations":[{"start":{"line":386,"column":8},"end":{"line":388,"column":43}},{"start":{"line":388,"column":15},"end":{"line":388,"column":43}}],"line":386},"8":{"loc":{"start":{"line":409,"column":8},"end":{"line":412,"column":68}},"type":"if","locations":[{"start":{"line":409,"column":8},"end":{"line":412,"column":68}},{"start":{"line":412,"column":15},"end":{"line":412,"column":68}}],"line":409}},"s":{"0":5,"1":5,"2":5,"3":5,"4":5,"5":5,"6":5,"7":5,"8":5,"9":5,"10":5,"11":5,"12":0,"13":0,"14":0,"15":0,"16":0,"17":0,"18":0,"19":0,"20":0,"21":0,"22":0,"23":0,"24":0,"25":0,"26":0,"27":0,"28":0,"29":0,"30":0,"31":0,"32":0,"33":0,"34":5,"35":0,"36":0,"37":0,"38":0,"39":0,"40":5,"41":0,"42":0,"43":0,"44":0,"45":0,"46":0,"47":0,"48":0,"49":0,"50":5,"51":0,"52":0,"53":0,"54":0,"55":0,"56":0,"57":0,"58":0,"59":0,"60":0,"61":0,"62":0,"63":0,"64":0,"65":0,"66":0,"67":0,"68":0,"69":0,"70":0,"71":0,"72":0,"73":0,"74":0,"75":0,"76":0,"77":0,"78":0,"79":0,"80":0,"81":0,"82":0,"83":0,"84":0,"85":0,"86":0,"87":0,"88":0,"89":0,"90":0,"91":0,"92":0,"93":0,"94":0,"95":0,"96":0,"97":0,"98":0,"99":0,"100":0,"101":0,"102":0,"103":0,"104":0,"105":0,"106":0,"107":0,"108":0,"109":0,"110":0,"111":0,"112":0,"113":0,"114":0,"115":0,"116":0,"117":0,"118":0,"119":0,"120":0,"121":0,"122":0,"123":0,"124":0,"125":0,"126":0,"127":0,"128":0,"129":0,"130":5},"f":{"0":0,"1":0,"2":0,"3":0,"4":0,"5":0,"6":0,"7":0,"8":0,"9":0,"10":0,"11":0,"12":0,"13":0,"14":0,"15":0,"16":0,"17":0,"18":0,"19":0,"20":0,"21":0,"22":0,"23":0},"b":{"0":[0,0],"1":[0,0],"2":[0,0],"3":[0,0],"4":[0,0],"5":[0,0],"6":[0,0],"7":[0,0],"8":[0,0]},"_coverageSchema":"1a1c01bbd47fc00a2c39e90264f33305004495a9","hash":"3bb87296a146c5a6fccdb70472b9487a0f4c07c8"}
,"D:\\VSCODE\\TLCN\\DTHSoft1\\server\\routes\\api\\room.js": {"path":"D:\\VSCODE\\TLCN\\DTHSoft1\\server\\routes\\api\\room.js","statementMap":{"0":{"start":{"line":1,"column":15},"end":{"line":1,"column":42}},"1":{"start":{"line":2,"column":37},"end":{"line":2,"column":79}},"2":{"start":{"line":3,"column":20},"end":{"line":3,"column":61}},"3":{"start":{"line":4,"column":13},"end":{"line":4,"column":41}},"4":{"start":{"line":5,"column":27},"end":{"line":5,"column":60}},"5":{"start":{"line":6,"column":17},"end":{"line":6,"column":48}},"6":{"start":{"line":11,"column":0},"end":{"line":53,"column":2}},"7":{"start":{"line":12,"column":57},"end":{"line":12,"column":65}},"8":{"start":{"line":15,"column":20},"end":{"line":15,"column":44}},"9":{"start":{"line":16,"column":2},"end":{"line":20,"column":6}},"10":{"start":{"line":17,"column":4},"end":{"line":20,"column":6}},"11":{"start":{"line":21,"column":2},"end":{"line":52,"column":3}},"12":{"start":{"line":23,"column":22},"end":{"line":23,"column":72}},"13":{"start":{"line":24,"column":4},"end":{"line":28,"column":8}},"14":{"start":{"line":25,"column":6},"end":{"line":28,"column":8}},"15":{"start":{"line":30,"column":20},"end":{"line":38,"column":6}},"16":{"start":{"line":40,"column":4},"end":{"line":40,"column":24}},"17":{"start":{"line":41,"column":4},"end":{"line":45,"column":6}},"18":{"start":{"line":47,"column":4},"end":{"line":47,"column":22}},"19":{"start":{"line":48,"column":4},"end":{"line":51,"column":6}},"20":{"start":{"line":58,"column":0},"end":{"line":74,"column":2}},"21":{"start":{"line":59,"column":2},"end":{"line":73,"column":3}},"22":{"start":{"line":60,"column":18},"end":{"line":62,"column":53}},"23":{"start":{"line":63,"column":4},"end":{"line":66,"column":6}},"24":{"start":{"line":68,"column":4},"end":{"line":68,"column":22}},"25":{"start":{"line":69,"column":4},"end":{"line":72,"column":6}},"26":{"start":{"line":79,"column":0},"end":{"line":95,"column":2}},"27":{"start":{"line":80,"column":2},"end":{"line":94,"column":3}},"28":{"start":{"line":81,"column":18},"end":{"line":83,"column":53}},"29":{"start":{"line":84,"column":4},"end":{"line":87,"column":6}},"30":{"start":{"line":89,"column":4},"end":{"line":89,"column":22}},"31":{"start":{"line":90,"column":4},"end":{"line":93,"column":6}},"32":{"start":{"line":100,"column":0},"end":{"line":121,"column":2}},"33":{"start":{"line":101,"column":2},"end":{"line":120,"column":3}},"34":{"start":{"line":102,"column":17},"end":{"line":104,"column":53}},"35":{"start":{"line":105,"column":4},"end":{"line":109,"column":8}},"36":{"start":{"line":106,"column":6},"end":{"line":109,"column":8}},"37":{"start":{"line":110,"column":4},"end":{"line":113,"column":6}},"38":{"start":{"line":115,"column":4},"end":{"line":115,"column":22}},"39":{"start":{"line":116,"column":4},"end":{"line":119,"column":6}},"40":{"start":{"line":126,"column":0},"end":{"line":168,"column":2}},"41":{"start":{"line":127,"column":57},"end":{"line":127,"column":65}},"42":{"start":{"line":130,"column":2},"end":{"line":134,"column":6}},"43":{"start":{"line":131,"column":4},"end":{"line":134,"column":6}},"44":{"start":{"line":136,"column":2},"end":{"line":167,"column":3}},"45":{"start":{"line":138,"column":21},"end":{"line":145,"column":5}},"46":{"start":{"line":147,"column":33},"end":{"line":147,"column":55}},"47":{"start":{"line":149,"column":4},"end":{"line":155,"column":5}},"48":{"start":{"line":156,"column":4},"end":{"line":160,"column":6}},"49":{"start":{"line":162,"column":4},"end":{"line":162,"column":22}},"50":{"start":{"line":163,"column":4},"end":{"line":166,"column":6}},"51":{"start":{"line":173,"column":0},"end":{"line":196,"column":2}},"52":{"start":{"line":174,"column":2},"end":{"line":195,"column":3}},"53":{"start":{"line":175,"column":32},"end":{"line":175,"column":54}},"54":{"start":{"line":176,"column":20},"end":{"line":176,"column":61}},"55":{"start":{"line":177,"column":22},"end":{"line":183,"column":5}},"56":{"start":{"line":184,"column":4},"end":{"line":188,"column":6}},"57":{"start":{"line":190,"column":4},"end":{"line":190,"column":22}},"58":{"start":{"line":191,"column":4},"end":{"line":194,"column":6}},"59":{"start":{"line":201,"column":0},"end":{"line":233,"column":2}},"60":{"start":{"line":202,"column":2},"end":{"line":232,"column":3}},"61":{"start":{"line":203,"column":19},"end":{"line":203,"column":32}},"62":{"start":{"line":204,"column":19},"end":{"line":204,"column":29}},"63":{"start":{"line":206,"column":6},"end":{"line":214,"column":17}},"64":{"start":{"line":215,"column":24},"end":{"line":219,"column":5}},"65":{"start":{"line":221,"column":4},"end":{"line":225,"column":6}},"66":{"start":{"line":227,"column":4},"end":{"line":227,"column":22}},"67":{"start":{"line":228,"column":4},"end":{"line":231,"column":6}},"68":{"start":{"line":235,"column":0},"end":{"line":235,"column":23}}},"fnMap":{"0":{"name":"(anonymous_0)","decl":{"start":{"line":11,"column":44},"end":{"line":11,"column":45}},"loc":{"start":{"line":11,"column":64},"end":{"line":53,"column":1}},"line":11},"1":{"name":"(anonymous_1)","decl":{"start":{"line":58,"column":29},"end":{"line":58,"column":30}},"loc":{"start":{"line":58,"column":49},"end":{"line":74,"column":1}},"line":58},"2":{"name":"(anonymous_2)","decl":{"start":{"line":79,"column":48},"end":{"line":79,"column":49}},"loc":{"start":{"line":79,"column":68},"end":{"line":95,"column":1}},"line":79},"3":{"name":"(anonymous_3)","decl":{"start":{"line":100,"column":32},"end":{"line":100,"column":33}},"loc":{"start":{"line":100,"column":52},"end":{"line":121,"column":1}},"line":100},"4":{"name":"(anonymous_4)","decl":{"start":{"line":126,"column":53},"end":{"line":126,"column":54}},"loc":{"start":{"line":126,"column":73},"end":{"line":168,"column":1}},"line":126},"5":{"name":"(anonymous_5)","decl":{"start":{"line":173,"column":53},"end":{"line":173,"column":54}},"loc":{"start":{"line":173,"column":73},"end":{"line":196,"column":1}},"line":173},"6":{"name":"(anonymous_6)","decl":{"start":{"line":201,"column":54},"end":{"line":201,"column":55}},"loc":{"start":{"line":201,"column":74},"end":{"line":233,"column":1}},"line":201}},"branchMap":{"0":{"loc":{"start":{"line":16,"column":2},"end":{"line":20,"column":6}},"type":"if","locations":[{"start":{"line":16,"column":2},"end":{"line":20,"column":6}},{"start":{},"end":{}}],"line":16},"1":{"loc":{"start":{"line":24,"column":4},"end":{"line":28,"column":8}},"type":"if","locations":[{"start":{"line":24,"column":4},"end":{"line":28,"column":8}},{"start":{},"end":{}}],"line":24},"2":{"loc":{"start":{"line":105,"column":4},"end":{"line":109,"column":8}},"type":"if","locations":[{"start":{"line":105,"column":4},"end":{"line":109,"column":8}},{"start":{},"end":{}}],"line":105},"3":{"loc":{"start":{"line":130,"column":2},"end":{"line":134,"column":6}},"type":"if","locations":[{"start":{"line":130,"column":2},"end":{"line":134,"column":6}},{"start":{},"end":{}}],"line":130},"4":{"loc":{"start":{"line":130,"column":6},"end":{"line":130,"column":27}},"type":"binary-expr","locations":[{"start":{"line":130,"column":6},"end":{"line":130,"column":17}},{"start":{"line":130,"column":21},"end":{"line":130,"column":27}}],"line":130},"5":{"loc":{"start":{"line":206,"column":6},"end":{"line":214,"column":17}},"type":"cond-expr","locations":[{"start":{"line":207,"column":10},"end":{"line":207,"column":18}},{"start":{"line":208,"column":10},"end":{"line":214,"column":17}}],"line":206},"6":{"loc":{"start":{"line":208,"column":10},"end":{"line":214,"column":17}},"type":"cond-expr","locations":[{"start":{"line":209,"column":10},"end":{"line":209,"column":20}},{"start":{"line":210,"column":10},"end":{"line":214,"column":17}}],"line":208},"7":{"loc":{"start":{"line":210,"column":10},"end":{"line":214,"column":17}},"type":"cond-expr","locations":[{"start":{"line":211,"column":10},"end":{"line":211,"column":20}},{"start":{"line":212,"column":10},"end":{"line":214,"column":17}}],"line":210},"8":{"loc":{"start":{"line":212,"column":10},"end":{"line":214,"column":17}},"type":"cond-expr","locations":[{"start":{"line":213,"column":10},"end":{"line":213,"column":19}},{"start":{"line":214,"column":10},"end":{"line":214,"column":17}}],"line":212}},"s":{"0":5,"1":5,"2":5,"3":5,"4":5,"5":5,"6":5,"7":0,"8":0,"9":0,"10":0,"11":0,"12":0,"13":0,"14":0,"15":0,"16":0,"17":0,"18":0,"19":0,"20":5,"21":1,"22":1,"23":1,"24":0,"25":0,"26":5,"27":0,"28":0,"29":0,"30":0,"31":0,"32":5,"33":1,"34":1,"35":1,"36":0,"37":1,"38":0,"39":0,"40":5,"41":0,"42":0,"43":0,"44":0,"45":0,"46":0,"47":0,"48":0,"49":0,"50":0,"51":5,"52":0,"53":0,"54":0,"55":0,"56":0,"57":0,"58":0,"59":5,"60":2,"61":2,"62":2,"63":2,"64":2,"65":2,"66":0,"67":0,"68":5},"f":{"0":0,"1":1,"2":0,"3":1,"4":0,"5":0,"6":2},"b":{"0":[0,0],"1":[0,0],"2":[0,1],"3":[0,0],"4":[0,0],"5":[1,1],"6":[0,1],"7":[0,1],"8":[0,1]},"_coverageSchema":"1a1c01bbd47fc00a2c39e90264f33305004495a9","hash":"7a03cc37aaf269fb51cd25ce28db5e8548e4e1c3"}
,"D:\\VSCODE\\TLCN\\DTHSoft1\\server\\routes\\api\\service.js": {"path":"D:\\VSCODE\\TLCN\\DTHSoft1\\server\\routes\\api\\service.js","statementMap":{"0":{"start":{"line":1,"column":15},"end":{"line":1,"column":42}},"1":{"start":{"line":2,"column":25},"end":{"line":2,"column":67}},"2":{"start":{"line":3,"column":20},"end":{"line":3,"column":61}},"3":{"start":{"line":4,"column":16},"end":{"line":4,"column":47}},"4":{"start":{"line":9,"column":0},"end":{"line":47,"column":2}},"5":{"start":{"line":10,"column":26},"end":{"line":10,"column":34}},"6":{"start":{"line":13,"column":2},"end":{"line":17,"column":6}},"7":{"start":{"line":14,"column":4},"end":{"line":17,"column":6}},"8":{"start":{"line":18,"column":2},"end":{"line":46,"column":3}},"9":{"start":{"line":20,"column":25},"end":{"line":20,"column":72}},"10":{"start":{"line":21,"column":4},"end":{"line":25,"column":8}},"11":{"start":{"line":22,"column":6},"end":{"line":25,"column":8}},"12":{"start":{"line":27,"column":23},"end":{"line":32,"column":6}},"13":{"start":{"line":34,"column":4},"end":{"line":34,"column":27}},"14":{"start":{"line":35,"column":4},"end":{"line":39,"column":6}},"15":{"start":{"line":41,"column":4},"end":{"line":41,"column":22}},"16":{"start":{"line":42,"column":4},"end":{"line":45,"column":6}},"17":{"start":{"line":52,"column":0},"end":{"line":68,"column":2}},"18":{"start":{"line":53,"column":2},"end":{"line":67,"column":3}},"19":{"start":{"line":54,"column":21},"end":{"line":56,"column":53}},"20":{"start":{"line":57,"column":4},"end":{"line":60,"column":6}},"21":{"start":{"line":62,"column":4},"end":{"line":62,"column":22}},"22":{"start":{"line":63,"column":4},"end":{"line":66,"column":6}},"23":{"start":{"line":73,"column":0},"end":{"line":94,"column":2}},"24":{"start":{"line":74,"column":2},"end":{"line":93,"column":3}},"25":{"start":{"line":75,"column":20},"end":{"line":77,"column":53}},"26":{"start":{"line":78,"column":4},"end":{"line":82,"column":8}},"27":{"start":{"line":79,"column":6},"end":{"line":82,"column":8}},"28":{"start":{"line":83,"column":4},"end":{"line":86,"column":6}},"29":{"start":{"line":88,"column":4},"end":{"line":88,"column":22}},"30":{"start":{"line":89,"column":4},"end":{"line":92,"column":6}},"31":{"start":{"line":99,"column":0},"end":{"line":138,"column":2}},"32":{"start":{"line":100,"column":36},"end":{"line":100,"column":44}},"33":{"start":{"line":103,"column":2},"end":{"line":107,"column":6}},"34":{"start":{"line":104,"column":4},"end":{"line":107,"column":6}},"35":{"start":{"line":109,"column":2},"end":{"line":137,"column":3}},"36":{"start":{"line":111,"column":24},"end":{"line":116,"column":5}},"37":{"start":{"line":117,"column":36},"end":{"line":117,"column":58}},"38":{"start":{"line":119,"column":4},"end":{"line":125,"column":5}},"39":{"start":{"line":126,"column":4},"end":{"line":130,"column":6}},"40":{"start":{"line":132,"column":4},"end":{"line":132,"column":22}},"41":{"start":{"line":133,"column":4},"end":{"line":136,"column":6}},"42":{"start":{"line":143,"column":0},"end":{"line":166,"column":2}},"43":{"start":{"line":144,"column":2},"end":{"line":165,"column":3}},"44":{"start":{"line":145,"column":35},"end":{"line":145,"column":57}},"45":{"start":{"line":146,"column":20},"end":{"line":146,"column":61}},"46":{"start":{"line":147,"column":25},"end":{"line":153,"column":5}},"47":{"start":{"line":154,"column":4},"end":{"line":158,"column":6}},"48":{"start":{"line":160,"column":4},"end":{"line":160,"column":22}},"49":{"start":{"line":161,"column":4},"end":{"line":164,"column":6}},"50":{"start":{"line":167,"column":0},"end":{"line":167,"column":23}}},"fnMap":{"0":{"name":"(anonymous_0)","decl":{"start":{"line":9,"column":44},"end":{"line":9,"column":45}},"loc":{"start":{"line":9,"column":64},"end":{"line":47,"column":1}},"line":9},"1":{"name":"(anonymous_1)","decl":{"start":{"line":52,"column":29},"end":{"line":52,"column":30}},"loc":{"start":{"line":52,"column":49},"end":{"line":68,"column":1}},"line":52},"2":{"name":"(anonymous_2)","decl":{"start":{"line":73,"column":32},"end":{"line":73,"column":33}},"loc":{"start":{"line":73,"column":52},"end":{"line":94,"column":1}},"line":73},"3":{"name":"(anonymous_3)","decl":{"start":{"line":99,"column":53},"end":{"line":99,"column":54}},"loc":{"start":{"line":99,"column":73},"end":{"line":138,"column":1}},"line":99},"4":{"name":"(anonymous_4)","decl":{"start":{"line":143,"column":53},"end":{"line":143,"column":54}},"loc":{"start":{"line":143,"column":73},"end":{"line":166,"column":1}},"line":143}},"branchMap":{"0":{"loc":{"start":{"line":13,"column":2},"end":{"line":17,"column":6}},"type":"if","locations":[{"start":{"line":13,"column":2},"end":{"line":17,"column":6}},{"start":{},"end":{}}],"line":13},"1":{"loc":{"start":{"line":13,"column":6},"end":{"line":13,"column":21}},"type":"binary-expr","locations":[{"start":{"line":13,"column":6},"end":{"line":13,"column":11}},{"start":{"line":13,"column":15},"end":{"line":13,"column":21}}],"line":13},"2":{"loc":{"start":{"line":21,"column":4},"end":{"line":25,"column":8}},"type":"if","locations":[{"start":{"line":21,"column":4},"end":{"line":25,"column":8}},{"start":{},"end":{}}],"line":21},"3":{"loc":{"start":{"line":78,"column":4},"end":{"line":82,"column":8}},"type":"if","locations":[{"start":{"line":78,"column":4},"end":{"line":82,"column":8}},{"start":{},"end":{}}],"line":78},"4":{"loc":{"start":{"line":103,"column":2},"end":{"line":107,"column":6}},"type":"if","locations":[{"start":{"line":103,"column":2},"end":{"line":107,"column":6}},{"start":{},"end":{}}],"line":103},"5":{"loc":{"start":{"line":103,"column":6},"end":{"line":103,"column":21}},"type":"binary-expr","locations":[{"start":{"line":103,"column":6},"end":{"line":103,"column":11}},{"start":{"line":103,"column":15},"end":{"line":103,"column":21}}],"line":103}},"s":{"0":5,"1":5,"2":5,"3":5,"4":5,"5":6,"6":6,"7":2,"8":4,"9":4,"10":4,"11":3,"12":1,"13":1,"14":0,"15":1,"16":1,"17":5,"18":0,"19":0,"20":0,"21":0,"22":0,"23":5,"24":0,"25":0,"26":0,"27":0,"28":0,"29":0,"30":0,"31":5,"32":4,"33":4,"34":2,"35":2,"36":2,"37":2,"38":2,"39":1,"40":1,"41":1,"42":5,"43":0,"44":0,"45":0,"46":0,"47":0,"48":0,"49":0,"50":5},"f":{"0":6,"1":0,"2":0,"3":4,"4":0},"b":{"0":[2,4],"1":[6,5],"2":[3,1],"3":[0,0],"4":[2,2],"5":[4,3]},"_coverageSchema":"1a1c01bbd47fc00a2c39e90264f33305004495a9","hash":"59e0bcd67764b65b749b76da8dba5cedd7280555"}
[...]
e":1,"column":13},"end":{"line":1,"column":38}},"1":{"start":{"line":2,"column":15},"end":{"line":2,"column":32}},"2":{"start":{"line":3,"column":10},"end":{"line":3,"column":27}},"3":{"start":{"line":4,"column":16},"end":{"line":4,"column":44}},"4":{"start":{"line":6,"column":0},"end":{"line":32,"column":1}},"5":{"start":{"line":7,"column":2},"end":{"line":31,"column":3}},"6":{"start":{"line":9,"column":21},"end":{"line":9,"column":48}},"7":{"start":{"line":10,"column":4},"end":{"line":24,"column":5}},"8":{"start":{"line":11,"column":6},"end":{"line":17,"column":7}},"9":{"start":{"line":12,"column":8},"end":{"line":12,"column":37}},"10":{"start":{"line":13,"column":13},"end":{"line":17,"column":7}},"11":{"start":{"line":14,"column":8},"end":{"line":14,"column":37}},"12":{"start":{"line":16,"column":8},"end":{"line":16,"column":33}},"13":{"start":{"line":19,"column":21},"end":{"line":19,"column":38}},"14":{"start":{"line":20,"column":21},"end":{"line":20,"column":67}},"15":{"start":{"line":21,"column":6},"end":{"line":23,"column":8}},"16":{"start":{"line":26,"column":4},"end":{"line":26,"column":22}},"17":{"start":{"line":27,"column":4},"end":{"line":30,"column":6}},"18":{"start":{"line":33,"column":0},"end":{"line":48,"column":1}},"19":{"start":{"line":34,"column":2},"end":{"line":47,"column":3}},"20":{"start":{"line":35,"column":19},"end":{"line":35,"column":32}},"21":{"start":{"line":36,"column":19},"end":{"line":36,"column":55}},"22":{"start":{"line":37,"column":4},"end":{"line":39,"column":6}},"23":{"start":{"line":40,"column":4},"end":{"line":40,"column":22}},"24":{"start":{"line":42,"column":4},"end":{"line":42,"column":22}},"25":{"start":{"line":43,"column":4},"end":{"line":46,"column":6}},"26":{"start":{"line":50,"column":0},"end":{"line":53,"column":1}},"27":{"start":{"line":51,"column":19},"end":{"line":51,"column":46}},"28":{"start":{"line":52,"column":2},"end":{"line":52,"column":48}},"29":{"start":{"line":52,"column":37},"end":{"line":52,"column":47}},"30":{"start":{"line":55,"column":0},"end":{"line":77,"column":1}},"31":{"start":{"line":56,"column":14},"end":{"line":56,"column":18}},"32":{"start":{"line":57,"column":14},"end":{"line":57,"column":35}},"33":{"start":{"line":58,"column":19},"end":{"line":58,"column":46}},"34":{"start":{"line":59,"column":22},"end":{"line":59,"column":60}},"35":{"start":{"line":61,"column":2},"end":{"line":75,"column":3}},"36":{"start":{"line":62,"column":19},"end":{"line":62,"column":38}},"37":{"start":{"line":63,"column":4},"end":{"line":74,"column":5}},"38":{"start":{"line":64,"column":6},"end":{"line":73,"column":7}},"39":{"start":{"line":65,"column":24},"end":{"line":65,"column":53}},"40":{"start":{"line":66,"column":25},"end":{"line":66,"column":55}},"41":{"start":{"line":67,"column":8},"end":{"line":72,"column":9}},"42":{"start":{"line":71,"column":10},"end":{"line":71,"column":23}},"43":{"start":{"line":76,"column":2},"end":{"line":76,"column":14}},"44":{"start":{"line":79,"column":0},"end":{"line":85,"column":1}},"45":{"start":{"line":80,"column":16},"end":{"line":80,"column":43}},"46":{"start":{"line":81,"column":2},"end":{"line":83,"column":3}},"47":{"start":{"line":82,"column":4},"end":{"line":82,"column":31}},"48":{"start":{"line":84,"column":2},"end":{"line":84,"column":14}},"49":{"start":{"line":87,"column":0},"end":{"line":96,"column":1}},"50":{"start":{"line":88,"column":16},"end":{"line":88,"column":55}},"51":{"start":{"line":89,"column":14},"end":{"line":89,"column":54}},"52":{"start":{"line":92,"column":4},"end":{"line":94,"column":61}},"53":{"start":{"line":95,"column":2},"end":{"line":95,"column":16}},"54":{"start":{"line":97,"column":0},"end":{"line":102,"column":1}},"55":{"start":{"line":98,"column":16},"end":{"line":98,"column":55}},"56":{"start":{"line":99,"column":14},"end":{"line":99,"column":54}},"57":{"start":{"line":100,"column":19},"end":{"line":100,"column":61}},"58":{"start":{"line":101,"column":2},"end":{"line":101,"column":17}},"59":{"start":{"line":104,"column":0},"end":{"line":126,"column":1}},"60":{"start":{"line":105,"column":14},"end":{"line":105,"column":16}},"61":{"start":{"line":106,"column":16},"end":{"line":106,"column":55}},"62":{"start":{"line":107,"column":14},"end":{"line":110,"column":4}},"63":{"start":{"line":113,"column":15},"end":{"line":113,"column":57}},"64":{"start":{"line":114,"column":2},"end":{"line":114,"column":22}},"65":{"start":{"line":116,"column":2},"end":{"line":124,"column":3}},"66":{"start":{"line":117,"column":4},"end":{"line":117,"column":37}},"67":{"start":{"line":118,"column":9},"end":{"line":124,"column":3}},"68":{"start":{"line":119,"column":4},"end":{"line":119,"column":37}},"69":{"start":{"line":120,"column":9},"end":{"line":124,"column":3}},"70":{"start":{"line":121,"column":4},"end":{"line":121,"column":35}},"71":{"start":{"line":123,"column":4},"end":{"line":123,"column":35}},"72":{"start":{"line":125,"column":2},"end":{"line":125,"column":14}},"73":{"start":{"line":128,"column":0},"end":{"line":150,"column":1}},"74":{"start":{"line":129,"column":13},"end":{"line":129,"column":15}},"75":{"start":{"line":130,"column":16},"end":{"line":133,"column":4}},"76":{"start":{"line":134,"column":14},"end":{"line":134,"column":54}},"77":{"start":{"line":137,"column":15},"end":{"line":137,"column":57}},"78":{"start":{"line":138,"column":2},"end":{"line":138,"column":21}},"79":{"start":{"line":140,"column":2},"end":{"line":148,"column":3}},"80":{"start":{"line":141,"column":4},"end":{"line":141,"column":36}},"81":{"start":{"line":142,"column":9},"end":{"line":148,"column":3}},"82":{"start":{"line":143,"column":4},"end":{"line":143,"column":36}},"83":{"start":{"line":144,"column":9},"end":{"line":148,"column":3}},"84":{"start":{"line":145,"column":4},"end":{"line":145,"column":34}},"85":{"start":{"line":147,"column":4},"end":{"line":147,"column":34}},"86":{"start":{"line":149,"column":2},"end":{"line":149,"column":13}},"87":{"start":{"line":152,"column":0},"end":{"line":160,"column":1}},"88":{"start":{"line":153,"column":14},"end":{"line":153,"column":15}},"89":{"start":{"line":154,"column":2},"end":{"line":158,"column":3}},"90":{"start":{"line":155,"column":4},"end":{"line":155,"column":28}},"91":{"start":{"line":157,"column":4},"end":{"line":157,"column":71}},"92":{"start":{"line":159,"column":2},"end":{"line":159,"column":14}},"93":{"start":{"line":162,"column":23},"end":{"line":167,"column":1}},"94":{"start":{"line":163,"column":18},"end":{"line":165,"column":4}},"95":{"start":{"line":164,"column":4},"end":{"line":164,"column":30}},"96":{"start":{"line":166,"column":2},"end":{"line":166,"column":35}}},"fnMap":{"0":{"name":"(anonymous_0)","decl":{"start":{"line":6,"column":33},"end":{"line":6,"column":34}},"loc":{"start":{"line":6,"column":66},"end":{"line":32,"column":1}},"line":6},"1":{"name":"(anonymous_1)","decl":{"start":{"line":33,"column":30},"end":{"line":33,"column":31}},"loc":{"start":{"line":33,"column":62},"end":{"line":48,"column":1}},"line":33},"2":{"name":"(anonymous_2)","decl":{"start":{"line":50,"column":30},"end":{"line":50,"column":31}},"loc":{"start":{"line":50,"column":47},"end":{"line":53,"column":1}},"line":50},"3":{"name":"(anonymous_3)","decl":{"start":{"line":52,"column":27},"end":{"line":52,"column":28}},"loc":{"start":{"line":52,"column":37},"end":{"line":52,"column":47}},"line":52},"4":{"name":"(anonymous_4)","decl":{"start":{"line":55,"column":26},"end":{"line":55,"column":27}},"loc":{"start":{"line":55,"column":56},"end":{"line":77,"column":1}},"line":55},"5":{"name":"(anonymous_5)","decl":{"start":{"line":79,"column":21},"end":{"line":79,"column":22}},"loc":{"start":{"line":79,"column":60},"end":{"line":85,"column":1}},"line":79},"6":{"name":"(anonymous_6)","decl":{"start":{"line":87,"column":26},"end":{"line":87,"column":27}},"loc":{"start":{"line":87,"column":57},"end":{"line":96,"column":1}},"line":87},"7":{"name":"(anonymous_7)","decl":{"start":{"line":97,"column":26},"end":{"line":97,"column":27}},"loc":{"start":{"line":97,"column":57},"end":{"line":102,"column":1}},"line":97},"8":{"name":"(anonymous_8)","decl":{"start":{"line":104,"column":23},"end":{"line":104,"column":24}},"loc":{"start":{"line":104,"column":52},"end":{"line":126,"column":1}},"line":104},"9":{"name":"(anonymous_9)","decl":{"start":{"line":128,"column":23},"end":{"line":128,"column":24}},"loc":{"start":{"line":128,"column":53},"end":{"line":150,"column":1}},"line":128},"10":{"name":"(anonymous_10)","decl":{"start":{"line":152,"column":22},"end":{"line":152,"column":23}},"loc":{"start":{"line":152,"column":48},"end":{"line":160,"column":1}},"line":152},"11":{"name":"(anonymous_11)","decl":{"start":{"line":162,"column":23},"end":{"line":162,"column":24}},"loc":{"start":{"line":162,"column":40},"end":{"line":167,"column":1}},"line":162},"12":{"name":"(anonymous_12)","decl":{"start":{"line":163,"column":28},"end":{"line":163,"column":29}},"loc":{"start":{"line":163,"column":38},"end":{"line":165,"column":3}},"line":163}},"branchMap":{"0":{"loc":{"start":{"line":11,"column":6},"end":{"line":17,"column":7}},"type":"if","locations":[{"start":{"line":11,"column":6},"end":{"line":17,"column":7}},{"start":{"line":13,"column":13},"end":{"line":17,"column":7}}],"line":11},"1":{"loc":{"start":{"line":13,"column":13},"end":{"line":17,"column":7}},"type":"if","locations":[{"start":{"line":13,"column":13},"end":{"line":17,"column":7}},{"start":{"line":15,"column":13},"end":{"line":17,"column":7}}],"line":13},"2":{"loc":{"start":{"line":13,"column":17},"end":{"line":13,"column":67}},"type":"binary-expr","locations":[{"start":{"line":13,"column":17},"end":{"line":13,"column":42}},{"start":{"line":13,"column":46},"end":{"line":13,"column":67}}],"line":13},"3":{"loc":{"start":{"line":64,"column":6},"end":{"line":73,"column":7}},"type":"if","locations":[{"start":{"line":64,"column":6},"end":{"line":73,"column":7}},{"start":{},"end":{}}],"line":64},"4":{"loc":{"start":{"line":67,"column":8},"end":{"line":72,"column":9}},"type":"if","locations":[{"start":{"line":67,"column":8},"end":{"line":72,"column":9}},{"start":{},"end":{}}],"line":67},"5":{"loc":{"start":{"line":68,"column":10},"end":{"line":69,"column":45}},"type":"binary-expr","locations":[{"start":{"line":68,"column":10},"end":{"line":68,"column":44}},{"start":{"line":69,"column":10},"end":{"line":69,"column":45}}],"line":68},"6":{"loc":{"start":{"line":81,"column":2},"end":{"line":83,"column":3}},"type":"if","locations":[{"start":{"line":81,"column":2},"end":{"line":83,"column":3}},{"start":{},"end":{}}],"line":81},"7":{"loc":{"start":{"line":92,"column":4},"end":{"line":94,"column":61}},"type":"cond-expr","locations":[{"start":{"line":93,"column":8},"end":{"line":93,"column":9}},{"start":{"line":94,"column":8},"end":{"line":94,"column":61}}],"line":92},"8":{"loc":{"start":{"line":116,"column":2},"end":{"line":124,"column":3}},"type":"if","locations":[{"start":{"line":116,"column":2},"end":{"line":124,"column":3}},{"start":{"line":118,"column":9},"end":{"line":124,"column":3}}],"line":116},"9":{"loc":{"start":{"line":116,"column":6},"end":{"line":116,"column":27}},"type":"binary-expr","locations":[{"start":{"line":116,"column":6},"end":{"line":116,"column":15}},{"start":{"line":116,"column":19},"end":{"line":116,"column":27}}],"line":116},"10":{"loc":{"start":{"line":118,"column":9},"end":{"line":124,"column":3}},"type":"if","locations":[{"start":{"line":118,"column":9},"end":{"line":124,"column":3}},{"start":{"line":120,"column":9},"end":{"line":124,"column":3}}],"line":118},"11":{"loc":{"start":{"line":118,"column":13},"end":{"line":118,"column":34}},"type":"binary-expr","locations":[{"start":{"line":118,"column":13},"end":{"line":118,"column":22}},{"start":{"line":118,"column":26},"end":{"line":118,"column":34}}],"line":118},"12":{"loc":{"start":{"line":120,"column":9},"end":{"line":124,"column":3}},"type":"if","locations":[{"start":{"line":120,"column":9},"end":{"line":124,"column":3}},{"start":{"line":122,"column":9},"end":{"line":124,"column":3}}],"line":120},"13":{"loc":{"start":{"line":140,"column":2},"end":{"line":148,"column":3}},"type":"if","locations":[{"start":{"line":140,"column":2},"end":{"line":148,"column":3}},{"start":{"line":142,"column":9},"end":{"line":148,"column":3}}],"line":140},"14":{"loc":{"start":{"line":140,"column":6},"end":{"line":140,"column":27}},"type":"binary-expr","locations":[{"start":{"line":140,"column":6},"end":{"line":140,"column":15}},{"start":{"line":140,"column":19},"end":{"line":140,"column":27}}],"line":140},"15":{"loc":{"start":{"line":142,"column":9},"end":{"line":148,"column":3}},"type":"if","locations":[{"start":{"line":142,"column":9},"end":{"line":148,"column":3}},{"start":{"line":144,"column":9},"end":{"line":148,"column":3}}],"line":142},"16":{"loc":{"start":{"line":142,"column":13},"end":{"line":142,"column":34}},"type":"binary-expr","locations":[{"start":{"line":142,"column":13},"end":{"line":142,"column":22}},{"start":{"line":142,"column":26},"end":{"line":142,"column":34}}],"line":142},"17":{"loc":{"start":{"line":144,"column":9},"end":{"line":148,"column":3}},"type":"if","locations":[{"start":{"line":144,"column":9},"end":{"line":148,"column":3}},{"start":{"line":146,"column":9},"end":{"line":148,"column":3}}],"line":144},"18":{"loc":{"start":{"line":154,"column":2},"end":{"line":158,"column":3}},"type":"if","locations":[{"start":{"line":154,"column":2},"end":{"line":158,"column":3}},{"start":{"line":156,"column":9},"end":{"line":158,"column":3}}],"line":154}},"s":{"0":5,"1":5,"2":5,"3":5,"4":5,"5":1,"6":1,"7":1,"8":1,"9":0,"10":1,"11":0,"12":1,"13":1,"14":1,"15":1,"16":0,"17":0,"18":5,"19":2,"20":2,"21":2,"22":2,"23":2,"24":0,"25":0,"26":5,"27":1,"28":1,"29":1,"30":5,"31":2,"32":2,"33":2,"34":2,"35":2,"36":2,"37":2,"38":25,"39":4,"40":4,"41":4,"42":1,"43":2,"44":5,"45":0,"46":0,"47":0,"48":0,"49":5,"50":0,"51":0,"52":0,"53":0,"54":5,"55":1,"56":1,"57":1,"58":1,"59":5,"60":1,"61":1,"62":1,"63":1,"64":1,"65":1,"66":0,"67":1,"68":0,"69":1,"70":0,"71":1,"72":1,"73":5,"74":1,"75":1,"76":1,"77":1,"78":1,"79":1,"80":0,"81":1,"82":0,"83":1,"84":0,"85":1,"86":1,"87":5,"88":0,"89":0,"90":0,"91":0,"92":0,"93":5,"94":4,"95":4,"96":4},"f":{"0":1,"1":2,"2":1,"3":1,"4":2,"5":0,"6":0,"7":1,"8":1,"9":1,"10":0,"11":4,"12":4},"b":{"0":[0,1],"1":[0,1],"2":[1,0],"3":[4,21],"4":[1,3],"5":[4,1],"6":[0,0],"7":[0,0],"8":[0,1],"9":[1,1],"10":[0,1],"11":[1,1],"12":[0,1],"13":[0,1],"14":[1,1],"15":[0,1],"16":[1,1],"17":[0,1],"18":[0,0]},"_coverageSchema":"1a1c01bbd47fc00a2c39e90264f33305004495a9","hash":"f1e31abfd4fa4c4c95ccef3781b30407a8441a08"}
,"D:\\VSCODE\\TLCN\\DTHSoft1\\server\\tools\\serviceTool.js": {"path":"D:\\VSCODE\\TLCN\\DTHSoft1\\server\\tools\\serviceTool.js","statementMap":{"0":{"start":{"line":1,"column":10},"end":{"line":1,"column":27}},"1":{"start":{"line":2,"column":16},"end":{"line":2,"column":44}},"2":{"start":{"line":4,"column":0},"end":{"line":7,"column":1}},"3":{"start":{"line":5,"column":22},"end":{"line":5,"column":55}},"4":{"start":{"line":6,"column":2},"end":{"line":6,"column":51}},"5":{"start":{"line":6,"column":40},"end":{"line":6,"column":50}},"6":{"start":{"line":9,"column":26},"end":{"line":14,"column":1}},"7":{"start":{"line":10,"column":18},"end":{"line":12,"column":4}},"8":{"start":{"line":11,"column":4},"end":{"line":11,"column":36}},"9":{"start":{"line":13,"column":2},"end":{"line":13,"column":35}}},"fnMap":{"0":{"name":"(anonymous_0)","decl":{"start":{"line":4,"column":33},"end":{"line":4,"column":34}},"loc":{"start":{"line":4,"column":53},"end":{"line":7,"column":1}},"line":4},"1":{"name":"(anonymous_1)","decl":{"start":{"line":6,"column":30},"end":{"line":6,"column":31}},"loc":{"start":{"line":6,"column":40},"end":{"line":6,"column":50}},"line":6},"2":{"name":"(anonymous_2)","decl":{"start":{"line":9,"column":26},"end":{"line":9,"column":27}},"loc":{"start":{"line":9,"column":46},"end":{"line":14,"column":1}},"line":9},"3":{"name":"(anonymous_3)","decl":{"start":{"line":10,"column":31},"end":{"line":10,"column":32}},"loc":{"start":{"line":10,"column":44},"end":{"line":12,"column":3}},"line":10}},"branchMap":{},"s":{"0":5,"1":5,"2":5,"3":1,"4":1,"5":0,"6":5,"7":1,"8":0,"9":1},"f":{"0":1,"1":0,"2":1,"3":0},"b":{},"_coverageSchema":"1a1c01bbd47fc00a2c39e90264f33305004495a9","hash":"37292eeb1f8098892de5bd4667e6ee75a0035cd4"}
,"D:\\VSCODE\\TLCN\\DTHSoft1\\server\\tools\\validation.js": {"path":"D:\\VSCODE\\TLCN\\DTHSoft1\\server\\tools\\validation.js","statementMap":{"0":{"start":{"line":2,"column":12},"end":{"line":2,"column":32}},"1":{"start":{"line":3,"column":0},"end":{"line":3,"column":43}},"2":{"start":{"line":6,"column":23},"end":{"line":16,"column":1}},"3":{"start":{"line":7,"column":17},"end":{"line":14,"column":4}},"4":{"start":{"line":15,"column":2},"end":{"line":15,"column":30}},"5":{"start":{"line":19,"column":27},"end":{"line":27,"column":1}},"6":{"start":{"line":20,"column":17},"end":{"line":25,"column":4}},"7":{"start":{"line":26,"column":2},"end":{"line":26,"column":30}},"8":{"start":{"line":29,"column":23},"end":{"line":38,"column":1}},"9":{"start":{"line":30,"column":17},"end":{"line":36,"column":4}},"10":{"start":{"line":37,"column":2},"end":{"line":37,"column":30}},"11":{"start":{"line":41,"column":26},"end":{"line":49,"column":1}},"12":{"start":{"line":42,"column":17},"end":{"line":47,"column":4}},"13":{"start":{"line":48,"column":2},"end":{"line":48,"column":30}},"14":{"start":{"line":50,"column":0},"end":{"line":50,"column":46}},"15":{"start":{"line":51,"column":0},"end":{"line":51,"column":54}},"16":{"start":{"line":52,"column":0},"end":{"line":52,"column":46}},"17":{"start":{"line":53,"column":0},"end":{"line":53,"column":52}}},"fnMap":{"0":{"name":"(anonymous_0)","decl":{"start":{"line":6,"column":23},"end":{"line":6,"column":24}},"loc":{"start":{"line":6,"column":33},"end":{"line":16,"column":1}},"line":6},"1":{"name":"(anonymous_1)","decl":{"start":{"line":19,"column":27},"end":{"line":19,"column":28}},"loc":{"start":{"line":19,"column":37},"end":{"line":27,"column":1}},"line":19},"2":{"name":"(anonymous_2)","decl":{"start":{"line":29,"column":23},"end":{"line":29,"column":24}},"loc":{"start":{"line":29,"column":33},"end":{"line":38,"column":1}},"line":29},"3":{"name":"(anonymous_3)","decl":{"start":{"line":41,"column":26},"end":{"line":41,"column":27}},"loc":{"start":{"line":41,"column":36},"end":{"line":49,"column":1}},"line":41}},"branchMap":{},"s":{"0":5,"1":5,"2":5,"3":0,"4":0,"5":5,"6":0,"7":0,"8":5,"9":0,"10":0,"11":5,"12":0,"13":0,"14":5,"15":5,"16":5,"17":5},"f":{"0":0,"1":0,"2":0,"3":0},"b":{},"_coverageSchema":"1a1c01bbd47fc00a2c39e90264f33305004495a9","hash":"c74bc3108e813167ad394509b9277b6dd034fcb6"}
,"D:\\VSCODE\\TLCN\\DTHSoft1\\server\\utils\\mailer.js": {"path":"D:\\VSCODE\\TLCN\\DTHSoft1\\server\\utils\\mailer.js","statementMap":{"0":{"start":{"line":1,"column":19},"end":{"line":1,"column":40}},"1":{"start":{"line":2,"column":19},"end":{"line":2,"column":40}},"2":{"start":{"line":3,"column":15},"end":{"line":3,"column":33}},"3":{"start":{"line":5,"column":18},"end":{"line":42,"column":1}},"4":{"start":{"line":6,"column":23},"end":{"line":10,"column":3}},"5":{"start":{"line":12,"column":2},"end":{"line":14,"column":4}},"6":{"start":{"line":15,"column":22},"end":{"line":15,"column":51}},"7":{"start":{"line":18,"column":22},"end":{"line":31,"column":4}},"8":{"start":{"line":33,"column":22},"end":{"line":39,"column":3}},"9":{"start":{"line":41,"column":2},"end":{"line":41,"column":41}},"10":{"start":{"line":44,"column":0},"end":{"line":44,"column":26}}},"fnMap":{"0":{"name":"(anonymous_0)","decl":{"start":{"line":5,"column":18},"end":{"line":5,"column":19}},"loc":{"start":{"line":5,"column":37},"end":{"line":42,"column":1}},"line":5}},"branchMap":{},"s":{"0":5,"1":5,"2":5,"3":5,"4":0,"5":0,"6":0,"7":0,"8":0,"9":0,"10":5},"f":{"0":0},"b":{},"_coverageSchema":"1a1c01bbd47fc00a2c39e90264f33305004495a9","hash":"e8e14477e04dfeebddc31fb816f98a29a21f07b6"}
}
