{"D:\\VSCODE\\TLCN\\DTHSoft1\\server\\index.js": {"path":"D:\\VSCODE\\TLCN\\DTHSoft1\\server\\index.js","statementMap":{"0":{"start":{"line":1,"column":0},"end":{"line":1,"column":26}},"1":{"start":{"line":2,"column":0},"end":{"line":2,"column":40}},"2":{"start":{"line":3,"column":16},"end":{"line":3,"column":34}},"3":{"start":{"line":4,"column":12},"end":{"line":4,"column":21}},"4":{"start":{"line":5,"column":13},"end":{"line":5,"column":28}},"5":{"start":{"line":8,"column":15},"end":{"line":8,"column":34}},"6":{"start":{"line":11,"column":0},"end":{"line":11,"column":23}},"7":{"start":{"line":12,"column":0},"end":{"line":12,"column":15}},"8":{"start":{"line":13,"column":0},"end":{"line":13,"column":15}},"9":{"start":{"line":15,"column":0},"end":{"line":15,"column":20}}},"fnMap":{},"branchMap":{},"s":{"0":2,"1":2,"2":2,"3":2,"4":2,"5":2,"6":2,"7":2,"8":2,"9":2},"f":{},"b":{},"_coverageSchema":"1a1c01bbd47fc00a2c39e90264f33305004495a9","hash":"7cc906a6cf9466bb2364188135f6f461bc834edc"}
,"D:\\VSCODE\\TLCN\\DTHSoft1\\server\\config\\database.js": {"path":"D:\\VSCODE\\TLCN\\DTHSoft1\\server\\config\\database.js","statementMap":{"0":{"start":{"line":1,"column":17},"end":{"line":1,"column":36}},"1":{"start":{"line":3,"column":18},"end":{"line":15,"column":1}},"2":{"start":{"line":4,"column":2},"end":{"line":14,"column":3}},"3":{"start":{"line":5,"column":4},"end":{"line":8,"column":6}},"4":{"start":{"line":9,"column":4},"end":{"line":9,"column":53}},"5":{"start":{"line":11,"column":4},"end":{"line":11,"column":61}},"6":{"start":{"line":12,"column":4},"end":{"line":12,"column":22}},"7":{"start":{"line":13,"column":4},"end":{"line":13,"column":19}},"8":{"start":{"line":16,"column":0},"end":{"line":16,"column":29}}},"fnMap":{"0":{"name":"(anonymous_0)","decl":{"start":{"line":3,"column":18},"end":{"line":3,"column":19}},"loc":{"start":{"line":3,"column":30},"end":{"line":15,"column":1}},"line":3}},"branchMap":{},"s":{"0":2,"1":2,"2":2,"3":2,"4":2,"5":0,"6":0,"7":0,"8":2},"f":{"0":2},"b":{},"_coverageSchema":"1a1c01bbd47fc00a2c39e90264f33305004495a9","hash":"aebe9b97a791a34379298ee0894496c162a9b89a"}
,"D:\\VSCODE\\TLCN\\DTHSoft1\\server\\config\\key.js": {"path":"D:\\VSCODE\\TLCN\\DTHSoft1\\server\\config\\key.js","statementMap":{"0":{"start":{"line":1,"column":0},"end":{"line":6,"column":1}}},"fnMap":{},"branchMap":{},"s":{"0":2},"f":{},"b":{},"_coverageSchema":"1a1c01bbd47fc00a2c39e90264f33305004495a9","hash":"b8638ab5a9b08e81097caa7bb0c6dde21c0191fa"}
,"D:\\VSCODE\\TLCN\\DTHSoft1\\server\\middleware\\authentication.js": {"path":"D:\\VSCODE\\TLCN\\DTHSoft1\\server\\middleware\\authentication.js","statementMap":{"0":{"start":{"line":1,"column":13},"end":{"line":1,"column":38}},"1":{"start":{"line":4,"column":19},"end":{"line":20,"column":1}},"2":{"start":{"line":5,"column":2},"end":{"line":19,"column":3}},"3":{"start":{"line":6,"column":17},"end":{"line":6,"column":48}},"4":{"start":{"line":7,"column":4},"end":{"line":11,"column":8}},"5":{"start":{"line":8,"column":6},"end":{"line":11,"column":8}},"6":{"start":{"line":12,"column":4},"end":{"line":12,"column":10}},"7":{"start":{"line":14,"column":4},"end":{"line":14,"column":22}},"8":{"start":{"line":15,"column":4},"end":{"line":18,"column":6}},"9":{"start":{"line":23,"column":21},"end":{"line":39,"column":1}},"10":{"start":{"line":24,"column":2},"end":{"line":38,"column":3}},"11":{"start":{"line":25,"column":17},"end":{"line":25,"column":48}},"12":{"start":{"line":26,"column":4},"end":{"line":30,"column":8}},"13":{"start":{"line":27,"column":6},"end":{"line":30,"column":8}},"14":{"start":{"line":31,"column":4},"end":{"line":31,"column":10}},"15":{"start":{"line":33,"column":4},"end":{"line":33,"column":22}},"16":{"start":{"line":34,"column":4},"end":{"line":37,"column":6}},"17":{"start":{"line":40,"column":0},"end":{"line":40,"column":38}},"18":{"start":{"line":41,"column":0},"end":{"line":41,"column":42}}},"fnMap":{"0":{"name":"(anonymous_0)","decl":{"start":{"line":4,"column":19},"end":{"line":4,"column":20}},"loc":{"start":{"line":4,"column":45},"end":{"line":20,"column":1}},"line":4},"1":{"name":"(anonymous_1)","decl":{"start":{"line":23,"column":21},"end":{"line":23,"column":22}},"loc":{"start":{"line":23,"column":47},"end":{"line":39,"column":1}},"line":23}},"branchMap":{"0":{"loc":{"start":{"line":7,"column":4},"end":{"line":11,"column":8}},"type":"if","locations":[{"start":{"line":7,"column":4},"end":{"line":11,"column":8}},{"start":{},"end":{}}],"line":7},"1":{"loc":{"start":{"line":7,"column":8},"end":{"line":7,"column":61}},"type":"binary-expr","locations":[{"start":{"line":7,"column":8},"end":{"line":7,"column":33}},{"start":{"line":7,"column":37},"end":{"line":7,"column":61}}],"line":7},"2":{"loc":{"start":{"line":26,"column":4},"end":{"line":30,"column":8}},"type":"if","locations":[{"start":{"line":26,"column":4},"end":{"line":30,"column":8}},{"start":{},"end":{}}],"line":26}},"s":{"0":2,"1":2,"2":0,"3":0,"4":0,"5":0,"6":0,"7":0,"8":0,"9":2,"10":0,"11":0,"12":0,"13":0,"14":0,"15":0,"16":0,"17":2,"18":2},"f":{"0":0,"1":0},"b":{"0":[0,0],"1":[0,0],"2":[0,0]},"_coverageSchema":"1a1c01bbd47fc00a2c39e90264f33305004495a9","hash":"52e7f64199c9a898059776cd3b170a11c8d685f0"}
,"D:\\VSCODE\\TLCN\\DTHSoft1\\server\\middleware\\authorization.js": {"path":"D:\\VSCODE\\TLCN\\DTHSoft1\\server\\middleware\\authorization.js","statementMap":{"0":{"start":{"line":1,"column":12},"end":{"line":1,"column":35}},"1":{"start":{"line":4,"column":20},"end":{"line":25,"column":1}},"2":{"start":{"line":5,"column":21},"end":{"line":5,"column":48}},"3":{"start":{"line":6,"column":16},"end":{"line":6,"column":54}},"4":{"start":{"line":8,"column":2},"end":{"line":12,"column":6}},"5":{"start":{"line":9,"column":4},"end":{"line":12,"column":6}},"6":{"start":{"line":14,"column":2},"end":{"line":24,"column":3}},"7":{"start":{"line":15,"column":20},"end":{"line":15,"column":70}},"8":{"start":{"line":16,"column":4},"end":{"line":16,"column":31}},"9":{"start":{"line":17,"column":4},"end":{"line":17,"column":10}},"10":{"start":{"line":19,"column":4},"end":{"line":19,"column":22}},"11":{"start":{"line":20,"column":4},"end":{"line":23,"column":6}},"12":{"start":{"line":27,"column":0},"end":{"line":27,"column":28}}},"fnMap":{"0":{"name":"(anonymous_0)","decl":{"start":{"line":4,"column":20},"end":{"line":4,"column":21}},"loc":{"start":{"line":4,"column":40},"end":{"line":25,"column":1}},"line":4}},"branchMap":{"0":{"loc":{"start":{"line":6,"column":16},"end":{"line":6,"column":54}},"type":"binary-expr","locations":[{"start":{"line":6,"column":16},"end":{"line":6,"column":26}},{"start":{"line":6,"column":30},"end":{"line":6,"column":54}}],"line":6},"1":{"loc":{"start":{"line":8,"column":2},"end":{"line":12,"column":6}},"type":"if","locations":[{"start":{"line":8,"column":2},"end":{"line":12,"column":6}},{"start":{},"end":{}}],"line":8}},"s":{"0":2,"1":2,"2":4,"3":4,"4":4,"5":1,"6":3,"7":3,"8":2,"9":2,"10":1,"11":1,"12":2},"f":{"0":4},"b":{"0":[4,3],"1":[1,3]},"_coverageSchema":"1a1c01bbd47fc00a2c39e90264f33305004495a9","hash":"05b65892b08cd049c958266aa70e92dc7785956e"}
,"D:\\VSCODE\\TLCN\\DTHSoft1\\server\\models\\Booking.js": {"path":"D:\\VSCODE\\TLCN\\DTHSoft1\\server\\models\\Booking.js","statementMap":{"0":{"start":{"line":1,"column":17},"end":{"line":1,"column":36}},"1":{"start":{"line":2,"column":15},"end":{"line":2,"column":30}},"2":{"start":{"line":47,"column":22},"end":{"line":123,"column":1}},"3":{"start":{"line":125,"column":0},"end":{"line":125,"column":58}}},"fnMap":{},"branchMap":{},"s":{"0":2,"1":2,"2":2,"3":2},"f":{},"b":{},"_coverageSchema":"1a1c01bbd47fc00a2c39e90264f33305004495a9","hash":"16a6a89943df70fbbef1a77d872702260987a77e"}
,"D:\\VSCODE\\TLCN\\DTHSoft1\\server\\models\\Customer.js": {"path":"D:\\VSCODE\\TLCN\\DTHSoft1\\server\\models\\Customer.js","statementMap":{"0":{"start":{"line":1,"column":17},"end":{"line":1,"column":36}},"1":{"start":{"line":2,"column":15},"end":{"line":2,"column":30}},"2":{"start":{"line":4,"column":23},"end":{"line":52,"column":1}},"3":{"start":{"line":54,"column":0},"end":{"line":54,"column":60}}},"fnMap":{},"branchMap":{},"s":{"0":2,"1":2,"2":2,"3":2},"f":{},"b":{},"_coverageSchema":"1a1c01bbd47fc00a2c39e90264f33305004495a9","hash":"bcf2ba8af55c090feee2025d97ed34b04487083a"}
,"D:\\VSCODE\\TLCN\\DTHSoft1\\server\\models\\Receipt.js": {"path":"D:\\VSCODE\\TLCN\\DTHSoft1\\server\\models\\Receipt.js","statementMap":{"0":{"start":{"line":1,"column":17},"end":{"line":1,"column":36}},"1":{"start":{"line":2,"column":15},"end":{"line":2,"column":30}},"2":{"start":{"line":4,"column":22},"end":{"line":40,"column":1}},"3":{"start":{"line":42,"column":0},"end":{"line":42,"column":58}}},"fnMap":{},"branchMap":{},"s":{"0":2,"1":2,"2":2,"3":2},"f":{},"b":{},"_coverageSchema":"1a1c01bbd47fc00a2c39e90264f33305004495a9","hash":"d31ab21b960769aa801856fb93e01a86002ccebd"}
,"D:\\VSCODE\\TLCN\\DTHSoft1\\server\\models\\Room.js": {"path":"D:\\VSCODE\\TLCN\\DTHSoft1\\server\\models\\Room.js","statementMap":{"0":{"start":{"line":1,"column":17},"end":{"line":1,"column":36}},"1":{"start":{"line":2,"column":15},"end":{"line":2,"column":30}},"2":{"start":{"line":4,"column":19},"end":{"line":45,"column":1}},"3":{"start":{"line":47,"column":0},"end":{"line":47,"column":52}}},"fnMap":{},"branchMap":{},"s":{"0":2,"1":2,"2":2,"3":2},"f":{},"b":{},"_coverageSchema":"1a1c01bbd47fc00a2c39e90264f33305004495a9","hash":"f766c4091c9c2ee6a7e0601ca176ae20d694bf6c"}
,"D:\\VSCODE\\TLCN\\DTHSoft1\\server\\models\\Service.js": {"path":"D:\\VSCODE\\TLCN\\DTHSoft1\\server\\models\\Service.js","statementMap":{"0":{"start":{"line":1,"column":17},"end":{"line":1,"column":36}},"1":{"start":{"line":2,"column":15},"end":{"line":2,"column":30}},"2":{"start":{"line":4,"column":22},"end":{"line":31,"column":1}},"3":{"start":{"line":33,"column":0},"end":{"line":33,"column":58}}},"fnMap":{},"branchMap":{},"s":{"0":2,"1":2,"2":2,"3":2},"f":{},"b":{},"_coverageSchema":"1a1c01bbd47fc00a2c39e90264f33305004495a9","hash":"078bb5c84564329900afd5b9a606ec46b88d2ce6"}
,"D:\\VSCODE\\TLCN\\DTHSoft1\\server\\models\\User.js": {"path":"D:\\VSCODE\\TLCN\\DTHSoft1\\server\\models\\User.js","statementMap":{"0":{"start":{"line":1,"column":17},"end":{"line":1,"column":36}},"1":{"start":{"line":2,"column":15},"end":{"line":2,"column":30}},"2":{"start":{"line":4,"column":19},"end":{"line":53,"column":1}},"3":{"start":{"line":55,"column":0},"end":{"line":55,"column":52}}},"fnMap":{},"branchMap":{},"s":{"0":2,"1":2,"2":2,"3":2},"f":{},"b":{},"_coverageSchema":"1a1c01bbd47fc00a2c39e90264f33305004495a9","hash":"a1dec477138c9dc3411fb3d3205137ffd5c4e9a7"}
,"D:\\VSCODE\\TLCN\\DTHSoft1\\server\\routes\\index.js": {"path":"D:\\VSCODE\\TLCN\\DTHSoft1\\server\\routes\\index.js","statementMap":{"0":{"start":{"line":1,"column":15},"end":{"line":1,"column":42}},"1":{"start":{"line":2,"column":12},"end":{"line":2,"column":36}},"2":{"start":{"line":3,"column":19},"end":{"line":3,"column":26}},"3":{"start":{"line":4,"column":12},"end":{"line":4,"column":24}},"4":{"start":{"line":7,"column":19},"end":{"line":7,"column":40}},"5":{"start":{"line":8,"column":19},"end":{"line":8,"column":40}},"6":{"start":{"line":9,"column":19},"end":{"line":9,"column":40}},"7":{"start":{"line":10,"column":23},"end":{"line":10,"column":48}},"8":{"start":{"line":11,"column":22},"end":{"line":11,"column":46}},"9":{"start":{"line":12,"column":22},"end":{"line":12,"column":46}},"10":{"start":{"line":13,"column":22},"end":{"line":13,"column":46}},"11":{"start":{"line":16,"column":0},"end":{"line":16,"column":37}},"12":{"start":{"line":17,"column":0},"end":{"line":17,"column":37}},"13":{"start":{"line":18,"column":0},"end":{"line":18,"column":45}},"14":{"start":{"line":19,"column":0},"end":{"line":19,"column":37}},"15":{"start":{"line":20,"column":0},"end":{"line":20,"column":43}},"16":{"start":{"line":21,"column":0},"end":{"line":21,"column":43}},"17":{"start":{"line":22,"column":0},"end":{"line":22,"column":43}},"18":{"start":{"line":23,"column":0},"end":{"line":28,"column":1}},"19":{"start":{"line":24,"column":2},"end":{"line":27,"column":4}},"20":{"start":{"line":30,"column":0},"end":{"line":30,"column":23}}},"fnMap":{"0":{"name":"(anonymous_0)","decl":{"start":{"line":23,"column":16},"end":{"line":23,"column":17}},"loc":{"start":{"line":24,"column":2},"end":{"line":27,"column":4}},"line":24}},"branchMap":{},"s":{"0":2,"1":2,"2":2,"3":2,"4":2,"5":2,"6":2,"7":2,"8":2,"9":2,"10":2,"11":2,"12":2,"13":2,"14":2,"15":2,"16":2,"17":2,"18":2,"19":0,"20":2},"f":{"0":0},"b":{},"_coverageSchema":"1a1c01bbd47fc00a2c39e90264f33305004495a9","hash":"44f608854c9e3bb347f7aa6e91fce3a4c192b317"}
,"D:\\VSCODE\\TLCN\\DTHSoft1\\server\\routes\\api\\auth.js": {"path":"D:\\VSCODE\\TLCN\\DTHSoft1\\server\\routes\\api\\auth.js","statementMap":{"0":{"start":{"line":1,"column":15},"end":{"line":1,"column":42}},"1":{"start":{"line":2,"column":15},"end":{"line":2,"column":34}},"2":{"start":{"line":3,"column":12},"end":{"line":3,"column":35}},"3":{"start":{"line":4,"column":15},"end":{"line":4,"column":32}},"4":{"start":{"line":5,"column":13},"end":{"line":5,"column":41}},"5":{"start":{"line":6,"column":18},"end":{"line":6,"column":47}},"6":{"start":{"line":7,"column":20},"end":{"line":7,"column":61}},"7":{"start":{"line":8,"column":0},"end":{"line":8,"column":26}},"8":{"start":{"line":13,"column":0},"end":{"line":32,"column":2}},"9":{"start":{"line":14,"column":2},"end":{"line":31,"column":3}},"10":{"start":{"line":15,"column":17},"end":{"line":18,"column":53}},"11":{"start":{"line":19,"column":4},"end":{"line":23,"column":8}},"12":{"start":{"line":20,"column":6},"end":{"line":23,"column":8}},"13":{"start":{"line":24,"column":4},"end":{"line":24,"column":37}},"14":{"start":{"line":26,"column":4},"end":{"line":26,"column":22}},"15":{"start":{"line":27,"column":4},"end":{"line":30,"column":6}},"16":{"start":{"line":37,"column":0},"end":{"line":70,"column":2}},"17":{"start":{"line":38,"column":30},"end":{"line":38,"column":38}},"18":{"start":{"line":39,"column":2},"end":{"line":69,"column":3}},"19":{"start":{"line":41,"column":17},"end":{"line":41,"column":46}},"20":{"start":{"line":42,"column":4},"end":{"line":45,"column":73}},"21":{"start":{"line":43,"column":6},"end":{"line":45,"column":73}},"22":{"start":{"line":48,"column":26},"end":{"line":48,"column":71}},"23":{"start":{"line":49,"column":4},"end":{"line":52,"column":73}},"24":{"start":{"line":50,"column":6},"end":{"line":52,"column":73}},"25":{"start":{"line":56,"column":24},"end":{"line":60,"column":5}},"26":{"start":{"line":61,"column":4},"end":{"line":65,"column":6}},"27":{"start":{"line":67,"column":4},"end":{"line":67,"column":22}},"28":{"start":{"line":68,"column":4},"end":{"line":68,"column":78}},"29":{"start":{"line":124,"column":0},"end":{"line":177,"column":2}},"30":{"start":{"line":125,"column":20},"end":{"line":125,"column":28}},"31":{"start":{"line":126,"column":2},"end":{"line":176,"column":3}},"32":{"start":{"line":128,"column":17},"end":{"line":128,"column":46}},"33":{"start":{"line":129,"column":4},"end":{"line":134,"column":8}},"34":{"start":{"line":130,"column":6},"end":{"line":134,"column":8}},"35":{"start":{"line":137,"column":19},"end":{"line":137,"column":41}},"36":{"start":{"line":138,"column":23},"end":{"line":138,"column":45}},"37":{"start":{"line":140,"column":4},"end":{"line":140,"column":40}},"38":{"start":{"line":141,"column":4},"end":{"line":141,"column":59}},"39":{"start":{"line":143,"column":4},"end":{"line":149,"column":6}},"40":{"start":{"line":144,"column":6},"end":{"line":148,"column":10}},"41":{"start":{"line":145,"column":8},"end":{"line":148,"column":10}},"42":{"start":{"line":152,"column":21},"end":{"line":154,"column":45}},"43":{"start":{"line":157,"column":6},"end":{"line":161,"column":104}},"44":{"start":{"line":163,"column":4},"end":{"line":167,"column":6}},"45":{"start":{"line":169,"column":4},"end":{"line":172,"column":6}},"46":{"start":{"line":174,"column":4},"end":{"line":174,"column":22}},"47":{"start":{"line":175,"column":4},"end":{"line":175,"column":78}},"48":{"start":{"line":182,"column":0},"end":{"line":224,"column":2}},"49":{"start":{"line":183,"column":23},"end":{"line":183,"column":31}},"50":{"start":{"line":184,"column":16},"end":{"line":184,"column":32}},"51":{"start":{"line":187,"column":2},"end":{"line":191,"column":3}},"52":{"start":{"line":188,"column":4},"end":{"line":190,"column":70}},"53":{"start":{"line":192,"column":2},"end":{"line":223,"column":3}},"54":{"start":{"line":193,"column":22},"end":{"line":196,"column":6}},"55":{"start":{"line":198,"column":4},"end":{"line":203,"column":8}},"56":{"start":{"line":199,"column":6},"end":{"line":203,"column":8}},"57":{"start":{"line":206,"column":17},"end":{"line":206,"column":41}},"58":{"start":{"line":207,"column":27},"end":{"line":207,"column":60}},"59":{"start":{"line":209,"column":4},"end":{"line":209,"column":39}},"60":{"start":{"line":210,"column":4},"end":{"line":210,"column":37}},"61":{"start":{"line":211,"column":4},"end":{"line":211,"column":41}},"62":{"start":{"line":213,"column":4},"end":{"line":213,"column":26}},"63":{"start":{"line":215,"column":4},"end":{"line":219,"column":6}},"64":{"start":{"line":221,"column":4},"end":{"line":221,"column":22}},"65":{"start":{"line":222,"column":4},"end":{"line":222,"column":78}},"66":{"start":{"line":225,"column":0},"end":{"line":225,"column":23}}},"fnMap":{"0":{"name":"(anonymous_0)","decl":{"start":{"line":13,"column":29},"end":{"line":13,"column":30}},"loc":{"start":{"line":13,"column":49},"end":{"line":32,"column":1}},"line":13},"1":{"name":"(anonymous_1)","decl":{"start":{"line":37,"column":22},"end":{"line":37,"column":23}},"loc":{"start":{"line":37,"column":42},"end":{"line":70,"column":1}},"line":37},"2":{"name":"(anonymous_2)","decl":{"start":{"line":124,"column":32},"end":{"line":124,"column":33}},"loc":{"start":{"line":124,"column":52},"end":{"line":177,"column":1}},"line":124},"3":{"name":"(anonymous_3)","decl":{"start":{"line":143,"column":14},"end":{"line":143,"column":15}},"loc":{"start":{"line":143,"column":29},"end":{"line":149,"column":5}},"line":143},"4":{"name":"(anonymous_4)","decl":{"start":{"line":182,"column":38},"end":{"line":182,"column":39}},"loc":{"start":{"line":182,"column":58},"end":{"line":224,"column":1}},"line":182}},"branchMap":{"0":{"loc":{"start":{"line":19,"column":4},"end":{"line":23,"column":8}},"type":"if","locations":[{"start":{"line":19,"column":4},"end":{"line":23,"column":8}},{"start":{},"end":{}}],"line":19},"1":{"loc":{"start":{"line":42,"column":4},"end":{"line":45,"column":73}},"type":"if","locations":[{"start":{"line":42,"column":4},"end":{"line":45,"column":73}},{"start":{},"end":{}}],"line":42},"2":{"loc":{"start":{"line":49,"column":4},"end":{"line":52,"column":73}},"type":"if","locations":[{"start":{"line":49,"column":4},"end":{"line":52,"column":73}},{"start":{},"end":{}}],"line":49},"3":{"loc":{"start":{"line":129,"column":4},"end":{"line":134,"column":8}},"type":"if","locations":[{"start":{"line":129,"column":4},"end":{"line":134,"column":8}},{"start":{},"end":{}}],"line":129},"4":{"loc":{"start":{"line":144,"column":6},"end":{"line":148,"column":10}},"type":"if","locations":[{"start":{"line":144,"column":6},"end":{"line":148,"column":10}},{"start":{},"end":{}}],"line":144},"5":{"loc":{"start":{"line":187,"column":2},"end":{"line":191,"column":3}},"type":"if","locations":[{"start":{"line":187,"column":2},"end":{"line":191,"column":3}},{"start":{},"end":{}}],"line":187},"6":{"loc":{"start":{"line":198,"column":4},"end":{"line":203,"column":8}},"type":"if","locations":[{"start":{"line":198,"column":4},"end":{"line":203,"column":8}},{"start":{},"end":{}}],"line":198}},"s":{"0":2,"1":2,"2":2,"3":2,"4":2,"5":2,"6":2,"7":2,"8":2,"9":1,"10":1,"11":1,"12":0,"13":1,"14":0,"15":0,"16":2,"17":7,"18":7,"19":7,"20":7,"21":1,"22":6,"23":6,"24":1,"25":5,"26":5,"27":0,"28":0,"29":2,"30":0,"31":0,"32":0,"33":0,"34":0,"35":0,"36":0,"37":0,"38":0,"39":0,"40":0,"41":0,"42":0,"43":0,"44":0,"45":0,"46":0,"47":0,"48":2,"49":0,"50":0,"51":0,"52":0,"53":0,"54":0,"55":0,"56":0,"57":0,"58":0,"59":0,"60":0,"61":0,"62":0,"63":0,"64":0,"65":0,"66":2},"f":{"0":1,"1":7,"2":0,"3":0,"4":0},"b":{"0":[0,1],"1":[1,6],"2":[1,5],"3":[0,0],"4":[0,0],"5":[0,0],"6":[0,0]},"_coverageSchema":"1a1c01bbd47fc00a2c39e90264f33305004495a9","hash":"0b15a27496ba1f1659f9583de1490348b215fcb6"}
,"D:\\VSCODE\\TLCN\\DTHSoft1\\server\\routes\\api\\booking.js": {"path":"D:\\VSCODE\\TLCN\\DTHSoft1\\server\\routes\\api\\booking.js","statementMap":{"0":{"start":{"line":1,"column":15},"end":{"line":1,"column":42}},"1":{"start":{"line":2,"column":16},"end":{"line":2,"column":47}},"2":{"start":{"line":3,"column":20},"end":{"line":3,"column":61}},"3":{"start":{"line":4,"column":17},"end":{"line":4,"column":48}},"4":{"start":{"line":5,"column":20},"end":{"line":5,"column":54}},"5":{"start":{"line":10,"column":0},"end":{"line":90,"column":2}},"6":{"start":{"line":19,"column":6},"end":{"line":19,"column":14}},"7":{"start":{"line":21,"column":17},"end":{"line":21,"column":27}},"8":{"start":{"line":22,"column":2},"end":{"line":89,"column":3}},"9":{"start":{"line":24,"column":24},"end":{"line":24,"column":61}},"10":{"start":{"line":25,"column":4},"end":{"line":29,"column":8}},"11":{"start":{"line":26,"column":6},"end":{"line":29,"column":8}},"12":{"start":{"line":32,"column":17},"end":{"line":32,"column":46}},"13":{"start":{"line":35,"column":23},"end":{"line":35,"column":74}},"14":{"start":{"line":38,"column":23},"end":{"line":38,"column":64}},"15":{"start":{"line":40,"column":28},"end":{"line":40,"column":51}},"16":{"start":{"line":42,"column":26},"end":{"line":42,"column":76}},"17":{"start":{"line":45,"column":17},"end":{"line":45,"column":72}},"18":{"start":{"line":48,"column":16},"end":{"line":48,"column":18}},"19":{"start":{"line":49,"column":23},"end":{"line":52,"column":15}},"20":{"start":{"line":54,"column":23},"end":{"line":71,"column":6}},"21":{"start":{"line":72,"column":4},"end":{"line":72,"column":27}},"22":{"start":{"line":75,"column":25},"end":{"line":75,"column":70}},"23":{"start":{"line":76,"column":4},"end":{"line":76,"column":70}},"24":{"start":{"line":78,"column":4},"end":{"line":82,"column":6}},"25":{"start":{"line":84,"column":4},"end":{"line":84,"column":22}},"26":{"start":{"line":85,"column":4},"end":{"line":88,"column":6}},"27":{"start":{"line":95,"column":0},"end":{"line":120,"column":2}},"28":{"start":{"line":96,"column":2},"end":{"line":119,"column":3}},"29":{"start":{"line":97,"column":21},"end":{"line":108,"column":53}},"30":{"start":{"line":109,"column":4},"end":{"line":112,"column":6}},"31":{"start":{"line":114,"column":4},"end":{"line":114,"column":22}},"32":{"start":{"line":115,"column":4},"end":{"line":118,"column":6}},"33":{"start":{"line":125,"column":0},"end":{"line":150,"column":2}},"34":{"start":{"line":126,"column":2},"end":{"line":149,"column":3}},"35":{"start":{"line":127,"column":20},"end":{"line":138,"column":53}},"36":{"start":{"line":139,"column":4},"end":{"line":142,"column":6}},"37":{"start":{"line":144,"column":4},"end":{"line":144,"column":22}},"38":{"start":{"line":145,"column":4},"end":{"line":148,"column":6}},"39":{"start":{"line":155,"column":0},"end":{"line":227,"column":2}},"40":{"start":{"line":165,"column":6},"end":{"line":165,"column":14}},"41":{"start":{"line":167,"column":17},"end":{"line":167,"column":27}},"42":{"start":{"line":168,"column":2},"end":{"line":226,"column":3}},"43":{"start":{"line":170,"column":23},"end":{"line":170,"column":74}},"44":{"start":{"line":173,"column":23},"end":{"line":173,"column":64}},"45":{"start":{"line":174,"column":28},"end":{"line":174,"column":51}},"46":{"start":{"line":177,"column":26},"end":{"line":177,"column":76}},"47":{"start":{"line":180,"column":16},"end":{"line":180,"column":18}},"48":{"start":{"line":181,"column":23},"end":{"line":184,"column":15}},"49":{"start":{"line":187,"column":24},"end":{"line":201,"column":5}},"50":{"start":{"line":203,"column":35},"end":{"line":203,"column":57}},"51":{"start":{"line":205,"column":25},"end":{"line":211,"column":5}},"52":{"start":{"line":213,"column":4},"end":{"line":213,"column":64}},"53":{"start":{"line":215,"column":4},"end":{"line":219,"column":6}},"54":{"start":{"line":221,"column":4},"end":{"line":221,"column":22}},"55":{"start":{"line":222,"column":4},"end":{"line":225,"column":6}},"56":{"start":{"line":232,"column":0},"end":{"line":298,"column":1}},"57":{"start":{"line":236,"column":19},"end":{"line":236,"column":29}},"58":{"start":{"line":237,"column":22},"end":{"line":237,"column":42}},"59":{"start":{"line":238,"column":25},"end":{"line":238,"column":48}},"60":{"start":{"line":239,"column":25},"end":{"line":239,"column":48}},"61":{"start":{"line":241,"column":4},"end":{"line":296,"column":5}},"62":{"start":{"line":242,"column":22},"end":{"line":242,"column":55}},"63":{"start":{"line":243,"column":28},"end":{"line":243,"column":49}},"64":{"start":{"line":244,"column":26},"end":{"line":244,"column":45}},"65":{"start":{"line":245,"column":27},"end":{"line":245,"column":47}},"66":{"start":{"line":246,"column":23},"end":{"line":250,"column":7}},"67":{"start":{"line":253,"column":25},"end":{"line":253,"column":76}},"68":{"start":{"line":256,"column":25},"end":{"line":256,"column":69}},"69":{"start":{"line":257,"column":30},"end":{"line":257,"column":53}},"70":{"start":{"line":260,"column":18},"end":{"line":260,"column":20}},"71":{"start":{"line":261,"column":25},"end":{"line":264,"column":18}},"72":{"start":{"line":267,"column":37},"end":{"line":267,"column":55}},"73":{"start":{"line":269,"column":26},"end":{"line":274,"column":7}},"74":{"start":{"line":275,"column":27},"end":{"line":281,"column":7}},"75":{"start":{"line":283,"column":6},"end":{"line":283,"column":73}},"76":{"start":{"line":284,"column":6},"end":{"line":284,"column":71}},"77":{"start":{"line":285,"column":6},"end":{"line":289,"column":8}},"78":{"start":{"line":291,"column":6},"end":{"line":291,"column":24}},"79":{"start":{"line":292,"column":6},"end":{"line":295,"column":8}},"80":{"start":{"line":303,"column":0},"end":{"line":345,"column":2}},"81":{"start":{"line":304,"column":17},"end":{"line":304,"column":27}},"82":{"start":{"line":305,"column":20},"end":{"line":305,"column":40}},"83":{"start":{"line":306,"column":2},"end":{"line":344,"column":3}},"84":{"start":{"line":307,"column":20},"end":{"line":307,"column":53}},"85":{"start":{"line":308,"column":18},"end":{"line":308,"column":31}},"86":{"start":{"line":309,"column":19},"end":{"line":309,"column":33}},"87":{"start":{"line":310,"column":4},"end":{"line":314,"column":8}},"88":{"start":{"line":311,"column":6},"end":{"line":314,"column":8}},"89":{"start":{"line":317,"column":35},"end":{"line":317,"column":53}},"90":{"start":{"line":319,"column":24},"end":{"line":323,"column":5}},"91":{"start":{"line":324,"column":25},"end":{"line":330,"column":5}},"92":{"start":{"line":332,"column":4},"end":{"line":332,"column":65}},"93":{"start":{"line":333,"column":4},"end":{"line":337,"column":6}},"94":{"start":{"line":339,"column":4},"end":{"line":339,"column":22}},"95":{"start":{"line":340,"column":4},"end":{"line":343,"column":6}},"96":{"start":{"line":347,"column":0},"end":{"line":347,"column":23}}},"fnMap":{"0":{"name":"(anonymous_0)","decl":{"start":{"line":10,"column":35},"end":{"line":10,"column":36}},"loc":{"start":{"line":10,"column":55},"end":{"line":90,"column":1}},"line":10},"1":{"name":"(anonymous_1)","decl":{"start":{"line":95,"column":29},"end":{"line":95,"column":30}},"loc":{"start":{"line":95,"column":49},"end":{"line":120,"column":1}},"line":95},"2":{"name":"(anonymous_2)","decl":{"start":{"line":125,"column":32},"end":{"line":125,"column":33}},"loc":{"start":{"line":125,"column":52},"end":{"line":150,"column":1}},"line":125},"3":{"name":"(anonymous_3)","decl":{"start":{"line":155,"column":39},"end":{"line":155,"column":40}},"loc":{"start":{"line":155,"column":59},"end":{"line":227,"column":1}},"line":155},"4":{"name":"(anonymous_4)","decl":{"start":{"line":235,"column":2},"end":{"line":235,"column":3}},"loc":{"start":{"line":235,"column":22},"end":{"line":297,"column":3}},"line":235},"5":{"name":"(anonymous_5)","decl":{"start":{"line":303,"column":49},"end":{"line":303,"column":50}},"loc":{"start":{"line":303,"column":69},"end":{"line":345,"column":1}},"line":303}},"branchMap":{"0":{"loc":{"start":{"line":25,"column":4},"end":{"line":29,"column":8}},"type":"if","locations":[{"start":{"line":25,"column":4},"end":{"line":29,"column":8}},{"start":{},"end":{}}],"line":25},"1":{"loc":{"start":{"line":45,"column":17},"end":{"line":45,"column":72}},"type":"cond-expr","locations":[{"start":{"line":45,"column":50},"end":{"line":45,"column":60}},{"start":{"line":45,"column":63},"end":{"line":45,"column":72}}],"line":45},"2":{"loc":{"start":{"line":75,"column":25},"end":{"line":75,"column":70}},"type":"cond-expr","locations":[{"start":{"line":75,"column":48},"end":{"line":75,"column":57}},{"start":{"line":75,"column":60},"end":{"line":75,"column":70}}],"line":75},"3":{"loc":{"start":{"line":310,"column":4},"end":{"line":314,"column":8}},"type":"if","locations":[{"start":{"line":310,"column":4},"end":{"line":314,"column":8}},{"start":{},"end":{}}],"line":310},"4":{"loc":{"start":{"line":310,"column":8},"end":{"line":310,"column":55}},"type":"binary-expr","locations":[{"start":{"line":310,"column":8},"end":{"line":310,"column":29}},{"start":{"line":310,"column":33},"end":{"line":310,"column":55}}],"line":310}},"s":{"0":2,"1":2,"2":2,"3":2,"4":2,"5":2,"6":0,"7":0,"8":0,"9":0,"10":0,"11":0,"12":0,"13":0,"14":0,"15":0,"16":0,"17":0,"18":0,"19":0,"20":0,"21":0,"22":0,"23":0,"24":0,"25":0,"26":0,"27":2,"28":0,"29":0,"30":0,"31":0,"32":0,"33":2,"34":0,"35":0,"36":0,"37":0,"38":0,"39":2,"40":0,"41":0,"42":0,"43":0,"44":0,"45":0,"46":0,"47":0,"48":0,"49":0,"50":0,"51":0,"52":0,"53":0,"54":0,"55":0,"56":2,"57":0,"58":0,"59":0,"60":0,"61":0,"62":0,"63":0,"64":0,"65":0,"66":0,"67":0,"68":0,"69":0,"70":0,"71":0,"72":0,"73":0,"74":0,"75":0,"76":0,"77":0,"78":0,"79":0,"80":2,"81":0,"82":0,"83":0,"84":0,"85":0,"86":0,"87":0,"88":0,"89":0,"90":0,"91":0,"92":0,"93":0,"94":0,"95":0,"96":2},"f":{"0":0,"1":0,"2":0,"3":0,"4":0,"5":0},"b":{"0":[0,0],"1":[0,0],"2":[0,0],"3":[0,0],"4":[0,0]},"_coverageSchema":"1a1c01bbd47fc00a2c39e90264f33305004495a9","hash":"49940c35983b9a9abce8e46c39d34108fb42345c"}
,"D:\\VSCODE\\TLCN\\DTHSoft1\\server\\routes\\api\\customer.js": {"path":"D:\\VSCODE\\TLCN\\DTHSoft1\\server\\routes\\api\\customer.js","statementMap":{"0":{"start":{"line":1,"column":15},"end":{"line":1,"column":42}},"1":{"start":{"line":2,"column":20},"end":{"line":2,"column":61}},"2":{"start":{"line":3,"column":17},"end":{"line":3,"column":49}},"3":{"start":{"line":4,"column":31},"end":{"line":4,"column":64}},"4":{"start":{"line":9,"column":0},"end":{"line":55,"column":2}},"5":{"start":{"line":11,"column":4},"end":{"line":11,"column":12}},"6":{"start":{"line":14,"column":20},"end":{"line":14,"column":48}},"7":{"start":{"line":15,"column":2},"end":{"line":19,"column":6}},"8":{"start":{"line":16,"column":4},"end":{"line":19,"column":6}},"9":{"start":{"line":20,"column":2},"end":{"line":54,"column":3}},"10":{"start":{"line":22,"column":23},"end":{"line":22,"column":56}},"11":{"start":{"line":23,"column":4},"end":{"line":27,"column":8}},"12":{"start":{"line":24,"column":6},"end":{"line":27,"column":8}},"13":{"start":{"line":29,"column":24},"end":{"line":40,"column":6}},"14":{"start":{"line":41,"column":4},"end":{"line":41,"column":28}},"15":{"start":{"line":43,"column":4},"end":{"line":47,"column":6}},"16":{"start":{"line":49,"column":4},"end":{"line":49,"column":22}},"17":{"start":{"line":50,"column":4},"end":{"line":53,"column":6}},"18":{"start":{"line":60,"column":0},"end":{"line":76,"column":2}},"19":{"start":{"line":61,"column":2},"end":{"line":75,"column":3}},"20":{"start":{"line":62,"column":22},"end":{"line":64,"column":53}},"21":{"start":{"line":65,"column":4},"end":{"line":68,"column":6}},"22":{"start":{"line":70,"column":4},"end":{"line":70,"column":22}},"23":{"start":{"line":71,"column":4},"end":{"line":74,"column":6}},"24":{"start":{"line":81,"column":0},"end":{"line":102,"column":2}},"25":{"start":{"line":82,"column":2},"end":{"line":101,"column":3}},"26":{"start":{"line":83,"column":21},"end":{"line":85,"column":53}},"27":{"start":{"line":86,"column":4},"end":{"line":90,"column":8}},"28":{"start":{"line":87,"column":6},"end":{"line":90,"column":8}},"29":{"start":{"line":91,"column":4},"end":{"line":94,"column":6}},"30":{"start":{"line":96,"column":4},"end":{"line":96,"column":22}},"31":{"start":{"line":97,"column":4},"end":{"line":100,"column":6}},"32":{"start":{"line":107,"column":0},"end":{"line":151,"column":2}},"33":{"start":{"line":109,"column":4},"end":{"line":109,"column":12}},"34":{"start":{"line":110,"column":16},"end":{"line":110,"column":29}},"35":{"start":{"line":112,"column":20},"end":{"line":112,"column":48}},"36":{"start":{"line":113,"column":2},"end":{"line":117,"column":6}},"37":{"start":{"line":114,"column":4},"end":{"line":117,"column":6}},"38":{"start":{"line":118,"column":2},"end":{"line":150,"column":3}},"39":{"start":{"line":120,"column":25},"end":{"line":130,"column":5}},"40":{"start":{"line":132,"column":32},"end":{"line":132,"column":46}},"41":{"start":{"line":134,"column":4},"end":{"line":138,"column":5}},"42":{"start":{"line":139,"column":4},"end":{"line":143,"column":6}},"43":{"start":{"line":145,"column":4},"end":{"line":145,"column":22}},"44":{"start":{"line":146,"column":4},"end":{"line":149,"column":6}},"45":{"start":{"line":156,"column":0},"end":{"line":179,"column":2}},"46":{"start":{"line":157,"column":2},"end":{"line":178,"column":3}},"47":{"start":{"line":158,"column":36},"end":{"line":158,"column":58}},"48":{"start":{"line":159,"column":20},"end":{"line":159,"column":61}},"49":{"start":{"line":160,"column":21},"end":{"line":166,"column":5}},"50":{"start":{"line":167,"column":4},"end":{"line":171,"column":6}},"51":{"start":{"line":173,"column":4},"end":{"line":173,"column":22}},"52":{"start":{"line":174,"column":4},"end":{"line":177,"column":6}},"53":{"start":{"line":180,"column":0},"end":{"line":180,"column":23}}},"fnMap":{"0":{"name":"(anonymous_0)","decl":{"start":{"line":9,"column":30},"end":{"line":9,"column":31}},"loc":{"start":{"line":9,"column":50},"end":{"line":55,"column":1}},"line":9},"1":{"name":"(anonymous_1)","decl":{"start":{"line":60,"column":29},"end":{"line":60,"column":30}},"loc":{"start":{"line":60,"column":49},"end":{"line":76,"column":1}},"line":60},"2":{"name":"(anonymous_2)","decl":{"start":{"line":81,"column":32},"end":{"line":81,"column":33}},"loc":{"start":{"line":81,"column":52},"end":{"line":102,"column":1}},"line":81},"3":{"name":"(anonymous_3)","decl":{"start":{"line":107,"column":39},"end":{"line":107,"column":40}},"loc":{"start":{"line":107,"column":59},"end":{"line":151,"column":1}},"line":107},"4":{"name":"(anonymous_4)","decl":{"start":{"line":156,"column":39},"end":{"line":156,"column":40}},"loc":{"start":{"line":156,"column":59},"end":{"line":179,"column":1}},"line":156}},"branchMap":{"0":{"loc":{"start":{"line":15,"column":2},"end":{"line":19,"column":6}},"type":"if","locations":[{"start":{"line":15,"column":2},"end":{"line":19,"column":6}},{"start":{},"end":{}}],"line":15},"1":{"loc":{"start":{"line":23,"column":4},"end":{"line":27,"column":8}},"type":"if","locations":[{"start":{"line":23,"column":4},"end":{"line":27,"column":8}},{"start":{},"end":{}}],"line":23},"2":{"loc":{"start":{"line":33,"column":15},"end":{"line":33,"column":28}},"type":"binary-expr","locations":[{"start":{"line":33,"column":15},"end":{"line":33,"column":22}},{"start":{"line":33,"column":26},"end":{"line":33,"column":28}}],"line":33},"3":{"loc":{"start":{"line":34,"column":12},"end":{"line":34,"column":22}},"type":"binary-expr","locations":[{"start":{"line":34,"column":12},"end":{"line":34,"column":16}},{"start":{"line":34,"column":20},"end":{"line":34,"column":22}}],"line":34},"4":{"loc":{"start":{"line":35,"column":14},"end":{"line":35,"column":30}},"type":"binary-expr","locations":[{"start":{"line":35,"column":14},"end":{"line":35,"column":20}},{"start":{"line":35,"column":24},"end":{"line":35,"column":30}}],"line":35},"5":{"loc":{"start":{"line":36,"column":17},"end":{"line":36,"column":32}},"type":"binary-expr","locations":[{"start":{"line":36,"column":17},"end":{"line":36,"column":26}},{"start":{"line":36,"column":30},"end":{"line":36,"column":32}}],"line":36},"6":{"loc":{"start":{"line":37,"column":12},"end":{"line":37,"column":22}},"type":"binary-expr","locations":[{"start":{"line":37,"column":12},"end":{"line":37,"column":16}},{"start":{"line":37,"column":20},"end":{"line":37,"column":22}}],"line":37},"7":{"loc":{"start":{"line":86,"column":4},"end":{"line":90,"column":8}},"type":"if","locations":[{"start":{"line":86,"column":4},"end":{"line":90,"column":8}},{"start":{},"end":{}}],"line":86},"8":{"loc":{"start":{"line":113,"column":2},"end":{"line":117,"column":6}},"type":"if","locations":[{"start":{"line":113,"column":2},"end":{"line":117,"column":6}},{"start":{},"end":{}}],"line":113},"9":{"loc":{"start":{"line":124,"column":15},"end":{"line":124,"column":28}},"type":"binary-expr","locations":[{"start":{"line":124,"column":15},"end":{"line":124,"column":22}},{"start":{"line":124,"column":26},"end":{"line":124,"column":28}}],"line":124},"10":{"loc":{"start":{"line":125,"column":12},"end":{"line":125,"column":22}},"type":"binary-expr","locations":[{"start":{"line":125,"column":12},"end":{"line":125,"column":16}},{"start":{"line":125,"column":20},"end":{"line":125,"column":22}}],"line":125},"11":{"loc":{"start":{"line":126,"column":14},"end":{"line":126,"column":30}},"type":"binary-expr","locations":[{"start":{"line":126,"column":14},"end":{"line":126,"column":20}},{"start":{"line":126,"column":24},"end":{"line":126,"column":30}}],"line":126},"12":{"loc":{"start":{"line":127,"column":17},"end":{"line":127,"column":32}},"type":"binary-expr","locations":[{"start":{"line":127,"column":17},"end":{"line":127,"column":26}},{"start":{"line":127,"column":30},"end":{"line":127,"column":32}}],"line":127},"13":{"loc":{"start":{"line":128,"column":12},"end":{"line":128,"column":22}},"type":"binary-expr","locations":[{"start":{"line":128,"column":12},"end":{"line":128,"column":16}},{"start":{"line":128,"column":20},"end":{"line":128,"column":22}}],"line":128}},"s":{"0":2,"1":2,"2":2,"3":2,"4":2,"5":0,"6":0,"7":0,"8":0,"9":0,"10":0,"11":0,"12":0,"13":0,"14":0,"15":0,"16":0,"17":0,"18":2,"19":0,"20":0,"21":0,"22":0,"23":0,"24":2,"25":0,"26":0,"27":0,"28":0,"29":0,"30":0,"31":0,"32":2,"33":0,"34":0,"35":0,"36":0,"37":0,"38":0,"39":0,"40":0,"41":0,"42":0,"43":0,"44":0,"45":2,"46":0,"47":0,"48":0,"49":0,"50":0,"51":0,"52":0,"53":2},"f":{"0":0,"1":0,"2":0,"3":0,"4":0},"b":{"0":[0,0],"1":[0,0],"2":[0,0],"3":[0,0],"4":[0,0],"5":[0,0],"6":[0,0],"7":[0,0],"8":[0,0],"9":[0,0],"10":[0,0],"11":[0,0],"12":[0,0],"13":[0,0]},"_coverageSchema":"1a1c01bbd47fc00a2c39e90264f33305004495a9","hash":"75502fe21b39834d1ca7285f2d5832ed00fb7139"}
,"D:\\VSCODE\\TLCN\\DTHSoft1\\server\\routes\\api\\receipt.js": {"path":"D:\\VSCODE\\TLCN\\DTHSoft1\\server\\routes\\api\\receipt.js","statementMap":{"0":{"start":{"line":1,"column":15},"end":{"line":1,"column":42}},"1":{"start":{"line":2,"column":20},"end":{"line":2,"column":61}},"2":{"start":{"line":3,"column":16},"end":{"line":3,"column":47}},"3":{"start":{"line":4,"column":16},"end":{"line":4,"column":47}},"4":{"start":{"line":5,"column":17},"end":{"line":5,"column":49}},"5":{"start":{"line":6,"column":17},"end":{"line":6,"column":48}},"6":{"start":{"line":7,"column":20},"end":{"line":7,"column":54}},"7":{"start":{"line":8,"column":18},"end":{"line":8,"column":47}},"8":{"start":{"line":9,"column":30},"end":{"line":9,"column":63}},"9":{"start":{"line":14,"column":0},"end":{"line":82,"column":2}},"10":{"start":{"line":15,"column":39},"end":{"line":15,"column":47}},"11":{"start":{"line":16,"column":17},"end":{"line":16,"column":27}},"12":{"start":{"line":19,"column":20},"end":{"line":19,"column":47}},"13":{"start":{"line":20,"column":2},"end":{"line":24,"column":6}},"14":{"start":{"line":21,"column":4},"end":{"line":24,"column":6}},"15":{"start":{"line":25,"column":2},"end":{"line":81,"column":3}},"16":{"start":{"line":26,"column":24},"end":{"line":26,"column":55}},"17":{"start":{"line":27,"column":4},"end":{"line":31,"column":8}},"18":{"start":{"line":28,"column":6},"end":{"line":31,"column":8}},"19":{"start":{"line":34,"column":25},"end":{"line":34,"column":59}},"20":{"start":{"line":35,"column":4},"end":{"line":39,"column":8}},"21":{"start":{"line":36,"column":6},"end":{"line":39,"column":8}},"22":{"start":{"line":41,"column":23},"end":{"line":49,"column":6}},"23":{"start":{"line":50,"column":4},"end":{"line":50,"column":27}},"24":{"start":{"line":53,"column":4},"end":{"line":53,"column":80}},"25":{"start":{"line":56,"column":4},"end":{"line":56,"column":71}},"26":{"start":{"line":59,"column":21},"end":{"line":59,"column":66}},"27":{"start":{"line":62,"column":6},"end":{"line":63,"column":74}},"28":{"start":{"line":65,"column":4},"end":{"line":69,"column":6}},"29":{"start":{"line":70,"column":4},"end":{"line":74,"column":6}},"30":{"start":{"line":76,"column":4},"end":{"line":76,"column":22}},"31":{"start":{"line":77,"column":4},"end":{"line":80,"column":6}},"32":{"start":{"line":87,"column":0},"end":{"line":114,"column":2}},"33":{"start":{"line":88,"column":2},"end":{"line":113,"column":3}},"34":{"start":{"line":89,"column":21},"end":{"line":102,"column":53}},"35":{"start":{"line":103,"column":4},"end":{"line":106,"column":6}},"36":{"start":{"line":108,"column":4},"end":{"line":108,"column":22}},"37":{"start":{"line":109,"column":4},"end":{"line":112,"column":6}},"38":{"start":{"line":119,"column":0},"end":{"line":147,"column":2}},"39":{"start":{"line":120,"column":2},"end":{"line":146,"column":3}},"40":{"start":{"line":121,"column":20},"end":{"line":135,"column":53}},"41":{"start":{"line":136,"column":4},"end":{"line":139,"column":6}},"42":{"start":{"line":141,"column":4},"end":{"line":141,"column":22}},"43":{"start":{"line":142,"column":4},"end":{"line":145,"column":6}},"44":{"start":{"line":152,"column":0},"end":{"line":187,"column":2}},"45":{"start":{"line":153,"column":39},"end":{"line":153,"column":47}},"46":{"start":{"line":154,"column":17},"end":{"line":154,"column":27}},"47":{"start":{"line":156,"column":2},"end":{"line":186,"column":3}},"48":{"start":{"line":158,"column":24},"end":{"line":164,"column":5}},"49":{"start":{"line":166,"column":35},"end":{"line":166,"column":57}},"50":{"start":{"line":168,"column":25},"end":{"line":174,"column":5}},"51":{"start":{"line":175,"column":4},"end":{"line":179,"column":6}},"52":{"start":{"line":181,"column":4},"end":{"line":181,"column":22}},"53":{"start":{"line":182,"column":4},"end":{"line":185,"column":6}},"54":{"start":{"line":189,"column":0},"end":{"line":189,"column":23}}},"fnMap":{"0":{"name":"(anonymous_0)","decl":{"start":{"line":14,"column":30},"end":{"line":14,"column":31}},"loc":{"start":{"line":14,"column":50},"end":{"line":82,"column":1}},"line":14},"1":{"name":"(anonymous_1)","decl":{"start":{"line":87,"column":29},"end":{"line":87,"column":30}},"loc":{"start":{"line":87,"column":49},"end":{"line":114,"column":1}},"line":87},"2":{"name":"(anonymous_2)","decl":{"start":{"line":119,"column":32},"end":{"line":119,"column":33}},"loc":{"start":{"line":119,"column":52},"end":{"line":147,"column":1}},"line":119},"3":{"name":"(anonymous_3)","decl":{"start":{"line":152,"column":39},"end":{"line":152,"column":40}},"loc":{"start":{"line":152,"column":59},"end":{"line":187,"column":1}},"line":152}},"branchMap":{"0":{"loc":{"start":{"line":20,"column":2},"end":{"line":24,"column":6}},"type":"if","locations":[{"start":{"line":20,"column":2},"end":{"line":24,"column":6}},{"start":{},"end":{}}],"line":20},"1":{"loc":{"start":{"line":27,"column":4},"end":{"line":31,"column":8}},"type":"if","locations":[{"start":{"line":27,"column":4},"end":{"line":31,"column":8}},{"start":{},"end":{}}],"line":27},"2":{"loc":{"start":{"line":35,"column":4},"end":{"line":39,"column":8}},"type":"if","locations":[{"start":{"line":35,"column":4},"end":{"line":39,"column":8}},{"start":{},"end":{}}],"line":35}},"s":{"0":2,"1":2,"2":2,"3":2,"4":2,"5":2,"6":2,"7":2,"8":2,"9":2,"10":0,"11":0,"12":0,"13":0,"14":0,"15":0,"16":0,"17":0,"18":0,"19":0,"20":0,"21":0,"22":0,"23":0,"24":0,"25":0,"26":0,"27":0,"28":0,"29":0,"30":0,"31":0,"32":2,"33":0,"34":0,"35":0,"36":0,"37":0,"38":2,"39":0,"40":0,"41":0,"42":0,"43":0,"44":2,"45":0,"46":0,"47":0,"48":0,"49":0,"50":0,"51":0,"52":0,"53":0,"54":2},"f":{"0":0,"1":0,"2":0,"3":0},"b":{"0":[0,0],"1":[0,0],"2":[0,0]},"_coverageSchema":"1a1c01bbd47fc00a2c39e90264f33305004495a9","hash":"ae9008106c7702e1ba3277039e59ce75bae1eb43"}
,"D:\\VSCODE\\TLCN\\DTHSoft1\\server\\routes\\api\\room.js": {"path":"D:\\VSCODE\\TLCN\\DTHSoft1\\server\\routes\\api\\room.js","statementMap":{"0":{"start":{"line":1,"column":15},"end":{"line":1,"column":42}},"1":{"start":{"line":2,"column":37},"end":{"line":2,"column":79}},"2":{"start":{"line":3,"column":20},"end":{"line":3,"column":61}},"3":{"start":{"line":4,"column":13},"end":{"line":4,"column":41}},"4":{"start":{"line":5,"column":27},"end":{"line":5,"column":60}},"5":{"start":{"line":6,"column":17},"end":{"line":6,"column":48}},"6":{"start":{"line":11,"column":0},"end":{"line":53,"column":2}},"7":{"start":{"line":12,"column":57},"end":{"line":12,"column":65}},"8":{"start":{"line":15,"column":20},"end":{"line":15,"column":44}},"9":{"start":{"line":16,"column":2},"end":{"line":20,"column":6}},"10":{"start":{"line":17,"column":4},"end":{"line":20,"column":6}},"11":{"start":{"line":21,"column":2},"end":{"line":52,"column":3}},"12":{"start":{"line":23,"column":22},"end":{"line":23,"column":56}},"13":{"start":{"line":24,"column":4},"end":{"line":28,"column":8}},"14":{"start":{"line":25,"column":6},"end":{"line":28,"column":8}},"15":{"start":{"line":30,"column":20},"end":{"line":38,"column":6}},"16":{"start":{"line":40,"column":4},"end":{"line":40,"column":24}},"17":{"start":{"line":41,"column":4},"end":{"line":45,"column":6}},"18":{"start":{"line":47,"column":4},"end":{"line":47,"column":22}},"19":{"start":{"line":48,"column":4},"end":{"line":51,"column":6}},"20":{"start":{"line":58,"column":0},"end":{"line":74,"column":2}},"21":{"start":{"line":59,"column":2},"end":{"line":73,"column":3}},"22":{"start":{"line":60,"column":18},"end":{"line":62,"column":53}},"23":{"start":{"line":63,"column":4},"end":{"line":66,"column":6}},"24":{"start":{"line":68,"column":4},"end":{"line":68,"column":22}},"25":{"start":{"line":69,"column":4},"end":{"line":72,"column":6}},"26":{"start":{"line":79,"column":0},"end":{"line":95,"column":2}},"27":{"start":{"line":80,"column":2},"end":{"line":94,"column":3}},"28":{"start":{"line":81,"column":18},"end":{"line":83,"column":53}},"29":{"start":{"line":84,"column":4},"end":{"line":87,"column":6}},"30":{"start":{"line":89,"column":4},"end":{"line":89,"column":22}},"31":{"start":{"line":90,"column":4},"end":{"line":93,"column":6}},"32":{"start":{"line":100,"column":0},"end":{"line":121,"column":2}},"33":{"start":{"line":101,"column":2},"end":{"line":120,"column":3}},"34":{"start":{"line":102,"column":17},"end":{"line":104,"column":53}},"35":{"start":{"line":105,"column":4},"end":{"line":109,"column":8}},"36":{"start":{"line":106,"column":6},"end":{"line":109,"column":8}},"37":{"start":{"line":110,"column":4},"end":{"line":113,"column":6}},"38":{"start":{"line":115,"column":4},"end":{"line":115,"column":22}},"39":{"start":{"line":116,"column":4},"end":{"line":119,"column":6}},"40":{"start":{"line":126,"column":0},"end":{"line":168,"column":2}},"41":{"start":{"line":127,"column":57},"end":{"line":127,"column":65}},"42":{"start":{"line":130,"column":2},"end":{"line":134,"column":6}},"43":{"start":{"line":131,"column":4},"end":{"line":134,"column":6}},"44":{"start":{"line":136,"column":2},"end":{"line":167,"column":3}},"45":{"start":{"line":138,"column":21},"end":{"line":145,"column":5}},"46":{"start":{"line":147,"column":33},"end":{"line":147,"column":55}},"47":{"start":{"line":149,"column":4},"end":{"line":155,"column":5}},"48":{"start":{"line":156,"column":4},"end":{"line":160,"column":6}},"49":{"start":{"line":162,"column":4},"end":{"line":162,"column":22}},"50":{"start":{"line":163,"column":4},"end":{"line":166,"column":6}},"51":{"start":{"line":173,"column":0},"end":{"line":196,"column":2}},"52":{"start":{"line":174,"column":2},"end":{"line":195,"column":3}},"53":{"start":{"line":175,"column":32},"end":{"line":175,"column":54}},"54":{"start":{"line":176,"column":20},"end":{"line":176,"column":61}},"55":{"start":{"line":177,"column":22},"end":{"line":183,"column":5}},"56":{"start":{"line":184,"column":4},"end":{"line":188,"column":6}},"57":{"start":{"line":190,"column":4},"end":{"line":190,"column":22}},"58":{"start":{"line":191,"column":4},"end":{"line":194,"column":6}},"59":{"start":{"line":201,"column":0},"end":{"line":224,"column":2}},"60":{"start":{"line":202,"column":2},"end":{"line":223,"column":3}},"61":{"start":{"line":203,"column":19},"end":{"line":203,"column":32}},"62":{"start":{"line":204,"column":19},"end":{"line":204,"column":29}},"63":{"start":{"line":205,"column":19},"end":{"line":205,"column":67}},"64":{"start":{"line":206,"column":24},"end":{"line":210,"column":5}},"65":{"start":{"line":212,"column":4},"end":{"line":216,"column":6}},"66":{"start":{"line":218,"column":4},"end":{"line":218,"column":22}},"67":{"start":{"line":219,"column":4},"end":{"line":222,"column":6}},"68":{"start":{"line":226,"column":0},"end":{"line":226,"column":23}}},"fnMap":{"0":{"name":"(anonymous_0)","decl":{"start":{"line":11,"column":44},"end":{"line":11,"column":45}},"loc":{"start":{"line":11,"column":64},"end":{"line":53,"column":1}},"line":11},"1":{"name":"(anonymous_1)","decl":{"start":{"line":58,"column":29},"end":{"line":58,"column":30}},"loc":{"start":{"line":58,"column":49},"end":{"line":74,"column":1}},"line":58},"2":{"name":"(anonymous_2)","decl":{"start":{"line":79,"column":48},"end":{"line":79,"column":49}},"loc":{"start":{"line":79,"column":68},"end":{"line":95,"column":1}},"line":79},"3":{"name":"(anonymous_3)","decl":{"start":{"line":100,"column":32},"end":{"line":100,"column":33}},"loc":{"start":{"line":100,"column":52},"end":{"line":121,"column":1}},"line":100},"4":{"name":"(anonymous_4)","decl":{"start":{"line":126,"column":53},"end":{"line":126,"column":54}},"loc":{"start":{"line":126,"column":73},"end":{"line":168,"column":1}},"line":126},"5":{"name":"(anonymous_5)","decl":{"start":{"line":173,"column":53},"end":{"line":173,"column":54}},"loc":{"start":{"line":173,"column":73},"end":{"line":196,"column":1}},"line":173},"6":{"name":"(anonymous_6)","decl":{"start":{"line":201,"column":54},"end":{"line":201,"column":55}},"loc":{"start":{"line":201,"column":74},"end":{"line":224,"column":1}},"line":201}},"branchMap":{"0":{"loc":{"start":{"line":16,"column":2},"end":{"line":20,"column":6}},"type":"if","locations":[{"start":{"line":16,"column":2},"end":{"line":20,"column":6}},{"start":{},"end":{}}],"line":16},"1":{"loc":{"start":{"line":24,"column":4},"end":{"line":28,"column":8}},"type":"if","locations":[{"start":{"line":24,"column":4},"end":{"line":28,"column":8}},{"start":{},"end":{}}],"line":24},"2":{"loc":{"start":{"line":105,"column":4},"end":{"line":109,"column":8}},"type":"if","locations":[{"start":{"line":105,"column":4},"end":{"line":109,"column":8}},{"start":{},"end":{}}],"line":105},"3":{"loc":{"start":{"line":130,"column":2},"end":{"line":134,"column":6}},"type":"if","locations":[{"start":{"line":130,"column":2},"end":{"line":134,"column":6}},{"start":{},"end":{}}],"line":130},"4":{"loc":{"start":{"line":130,"column":6},"end":{"line":130,"column":27}},"type":"binary-expr","locations":[{"start":{"line":130,"column":6},"end":{"line":130,"column":17}},{"start":{"line":130,"column":21},"end":{"line":130,"column":27}}],"line":130},"5":{"loc":{"start":{"line":205,"column":19},"end":{"line":205,"column":67}},"type":"cond-expr","locations":[{"start":{"line":205,"column":49},"end":{"line":205,"column":57}},{"start":{"line":205,"column":60},"end":{"line":205,"column":67}}],"line":205}},"s":{"0":2,"1":2,"2":2,"3":2,"4":2,"5":2,"6":2,"7":0,"8":0,"9":0,"10":0,"11":0,"12":0,"13":0,"14":0,"15":0,"16":0,"17":0,"18":0,"19":0,"20":2,"21":0,"22":0,"23":0,"24":0,"25":0,"26":2,"27":0,"28":0,"29":0,"30":0,"31":0,"32":2,"33":0,"34":0,"35":0,"36":0,"37":0,"38":0,"39":0,"40":2,"41":0,"42":0,"43":0,"44":0,"45":0,"46":0,"47":0,"48":0,"49":0,"50":0,"51":2,"52":0,"53":0,"54":0,"55":0,"56":0,"57":0,"58":0,"59":2,"60":0,"61":0,"62":0,"63":0,"64":0,"65":0,"66":0,"67":0,"68":2},"f":{"0":0,"1":0,"2":0,"3":0,"4":0,"5":0,"6":0},"b":{"0":[0,0],"1":[0,0],"2":[0,0],"3":[0,0],"4":[0,0],"5":[0,0]},"_coverageSchema":"1a1c01bbd47fc00a2c39e90264f33305004495a9","hash":"74162053156072cf44d58418cff007d332801503"}
,"D:\\VSCODE\\TLCN\\DTHSoft1\\server\\routes\\api\\service.js": {"path":"D:\\VSCODE\\TLCN\\DTHSoft1\\server\\routes\\api\\service.js","statementMap":{"0":{"start":{"line":1,"column":15},"end":{"line":1,"column":42}},"1":{"start":{"line":2,"column":25},"end":{"line":2,"column":67}},"2":{"start":{"line":3,"column":20},"end":{"line":3,"column":61}},"3":{"start":{"line":4,"column":16},"end":{"line":4,"column":47}},"4":{"start":{"line":9,"column":0},"end":{"line":47,"column":2}},"5":{"start":{"line":10,"column":26},"end":{"line":10,"column":34}},"6":{"start":{"line":13,"column":2},"end":{"line":17,"column":6}},"7":{"start":{"line":14,"column":4},"end":{"line":17,"column":6}},"8":{"start":{"line":18,"column":2},"end":{"line":46,"column":3}},"9":{"start":{"line":20,"column":25},"end":{"line":20,"column":56}},"10":{"start":{"line":21,"column":4},"end":{"line":25,"column":8}},"11":{"start":{"line":22,"column":6},"end":{"line":25,"column":8}},"12":{"start":{"line":27,"column":23},"end":{"line":32,"column":6}},"13":{"start":{"line":34,"column":4},"end":{"line":34,"column":27}},"14":{"start":{"line":35,"column":4},"end":{"line":39,"column":6}},"15":{"start":{"line":41,"column":4},"end":{"line":41,"column":22}},"16":{"start":{"line":42,"column":4},"end":{"line":45,"column":6}},"17":{"start":{"line":52,"column":0},"end":{"line":68,"column":2}},"18":{"start":{"line":53,"column":2},"end":{"line":67,"column":3}},"19":{"start":{"line":54,"column":21},"end":{"line":56,"column":53}},"20":{"start":{"line":57,"column":4},"end":{"line":60,"column":6}},"21":{"start":{"line":62,"column":4},"end":{"line":62,"column":22}},"22":{"start":{"line":63,"column":4},"end":{"line":66,"column":6}},"23":{"start":{"line":73,"column":0},"end":{"line":94,"column":2}},"24":{"start":{"line":74,"column":2},"end":{"line":93,"column":3}},"25":{"start":{"line":75,"column":20},"end":{"line":77,"column":53}},"26":{"start":{"line":78,"column":4},"end":{"line":82,"column":8}},"27":{"start":{"line":79,"column":6},"end":{"line":82,"column":8}},"28":{"start":{"line":83,"column":4},"end":{"line":86,"column":6}},"29":{"start":{"line":88,"column":4},"end":{"line":88,"column":22}},"30":{"start":{"line":89,"column":4},"end":{"line":92,"column":6}},"31":{"start":{"line":99,"column":0},"end":{"line":138,"column":2}},"32":{"start":{"line":100,"column":36},"end":{"line":100,"column":44}},"33":{"start":{"line":103,"column":2},"end":{"line":107,"column":6}},"34":{"start":{"line":104,"column":4},"end":{"line":107,"column":6}},"35":{"start":{"line":109,"column":2},"end":{"line":137,"column":3}},"36":{"start":{"line":111,"column":24},"end":{"line":116,"column":5}},"37":{"start":{"line":117,"column":36},"end":{"line":117,"column":58}},"38":{"start":{"line":119,"column":4},"end":{"line":125,"column":5}},"39":{"start":{"line":126,"column":4},"end":{"line":130,"column":6}},"40":{"start":{"line":132,"column":4},"end":{"line":132,"column":22}},"41":{"start":{"line":133,"column":4},"end":{"line":136,"column":6}},"42":{"start":{"line":143,"column":0},"end":{"line":166,"column":2}},"43":{"start":{"line":144,"column":2},"end":{"line":165,"column":3}},"44":{"start":{"line":145,"column":35},"end":{"line":145,"column":57}},"45":{"start":{"line":146,"column":20},"end":{"line":146,"column":61}},"46":{"start":{"line":147,"column":25},"end":{"line":153,"column":5}},"47":{"start":{"line":154,"column":4},"end":{"line":158,"column":6}},"48":{"start":{"line":160,"column":4},"end":{"line":160,"column":22}},"49":{"start":{"line":161,"column":4},"end":{"line":164,"column":6}},"50":{"start":{"line":167,"column":0},"end":{"line":167,"column":23}}},"fnMap":{"0":{"name":"(anonymous_0)","decl":{"start":{"line":9,"column":44},"end":{"line":9,"column":45}},"loc":{"start":{"line":9,"column":64},"end":{"line":47,"column":1}},"line":9},"1":{"name":"(anonymous_1)","decl":{"start":{"line":52,"column":29},"end":{"line":52,"column":30}},"loc":{"start":{"line":52,"column":49},"end":{"line":68,"column":1}},"line":52},"2":{"name":"(anonymous_2)","decl":{"start":{"line":73,"column":32},"end":{"line":73,"column":33}},"loc":{"start":{"line":73,"column":52},"end":{"line":94,"column":1}},"line":73},"3":{"name":"(anonymous_3)","decl":{"start":{"line":99,"column":53},"end":{"line":99,"column":54}},"loc":{"start":{"line":99,"column":73},"end":{"line":138,"column":1}},"line":99},"4":{"name":"(anonymous_4)","decl":{"start":{"line":143,"column":53},"end":{"line":143,"column":54}},"loc":{"start":{"line":143,"column":73},"end":{"line":166,"column":1}},"line":143}},"branchMap":{"0":{"loc":{"start":{"line":13,"column":2},"end":{"line":17,"column":6}},"type":"if","locations":[{"start":{"line":13,"column":2},"end":{"line":17,"column":6}},{"start":{},"end":{}}],"line":13},"1":{"loc":{"start":{"line":13,"column":6},"end":{"line":13,"column":21}},"type":"binary-expr","locations":[{"start":{"line":13,"column":6},"end":{"line":13,"column":11}},{"start":{"line":13,"column":15},"end":{"line":13,"column":21}}],"line":13},"2":{"loc":{"start":{"line":21,"column":4},"end":{"line":25,"column":8}},"type":"if","locations":[{"start":{"line":21,"column":4},"end":{"line":25,"column":8}},{"start":{},"end":{}}],"line":21},"3":{"loc":{"start":{"line":78,"column":4},"end":{"line":82,"column":8}},"type":"if","locations":[{"start":{"line":78,"column":4},"end":{"line":82,"column":8}},{"start":{},"end":{}}],"line":78},"4":{"loc":{"start":{"line":103,"column":2},"end":{"line":107,"column":6}},"type":"if","locations":[{"start":{"line":103,"column":2},"end":{"line":107,"column":6}},{"start":{},"end":{}}],"line":103},"5":{"loc":{"start":{"line":103,"column":6},"end":{"line":103,"column":21}},"type":"binary-expr","locations":[{"start":{"line":103,"column":6},"end":{"line":103,"column":11}},{"start":{"line":103,"column":15},"end":{"line":103,"column":21}}],"line":103}},"s":{"0":2,"1":2,"2":2,"3":2,"4":2,"5":0,"6":0,"7":0,"8":0,"9":0,"10":0,"11":0,"12":0,"13":0,"14":0,"15":0,"16":0,"17":2,"18":0,"19":0,"20":0,"21":0,"22":0,"23":2,"24":0,"25":0,"26":0,"27":0,"28":0,"29":0,"30":0,"31":2,"32":0,"33":0,"34":0,"35":0,"36":0,"37":0,"38":0,"39":0,"40":0,"41":0,"42":2,"43":0,"44":0,"45":0,"46":0,"47":0,"48":0,"49":0,"50":2},"f":{"0":0,"1":0,"2":0,"3":0,"4":0},"b":{"0":[0,0],"1":[0,0],"2":[0,0],"3":[0,0],"4":[0,0],"5":[0,0]},"_coverageSchema":"1a1c01bbd47fc00a2c39e90264f33305004495a9","hash":"ed5538a93ed2f164cbc537f5f5aa7051d8c69c77"}
,"D:\\VSCODE\\TLCN\\DTHSoft1\\server\\routes\\api\\user.js": {"path":"D:\\VSCODE\\TLCN\\DTHSoft1\\server\\routes\\api\\user.js","statementMap":{"0":{"start":{"line":1,"column":15},"end":{"line":1,"column":42}},"1":{"start":{"line":2,"column":15},"end":{"line":2,"column":34}},"2":{"start":{"line":3,"column":12},"end":{"line":3,"column":35}},"3":{"start":{"line":4,"column":13},"end":{"line":4,"column":41}},"4":{"start":{"line":5,"column":27},"end":{"line":5,"column":60}},"5":{"start":{"line":6,"column":37},"end":{"line":6,"column":79}},"6":{"start":{"line":7,"column":20},"end":{"line":7,"column":61}},"7":{"start":{"line":8,"column":0},"end":{"line":8,"column":26}},"8":{"start":{"line":13,"column":0},"end":{"line":29,"column":2}},"9":{"start":{"line":14,"column":2},"end":{"line":28,"column":3}},"10":{"start":{"line":15,"column":18},"end":{"line":17,"column":53}},"11":{"start":{"line":18,"column":4},"end":{"line":21,"column":6}},"12":{"start":{"line":23,"column":4},"end":{"line":23,"column":22}},"13":{"start":{"line":24,"column":4},"end":{"line":27,"column":6}},"14":{"start":{"line":34,"column":0},"end":{"line":50,"column":2}},"15":{"start":{"line":35,"column":2},"end":{"line":49,"column":3}},"16":{"start":{"line":36,"column":17},"end":{"line":38,"column":53}},"17":{"start":{"line":39,"column":4},"end":{"line":42,"column":6}},"18":{"start":{"line":44,"column":4},"end":{"line":44,"column":22}},"19":{"start":{"line":45,"column":4},"end":{"line":48,"column":6}},"20":{"start":{"line":54,"column":0},"end":{"line":108,"column":2}},"21":{"start":{"line":55,"column":66},"end":{"line":55,"column":74}},"22":{"start":{"line":58,"column":20},"end":{"line":58,"column":44}},"23":{"start":{"line":59,"column":2},"end":{"line":63,"column":6}},"24":{"start":{"line":60,"column":4},"end":{"line":63,"column":6}},"25":{"start":{"line":64,"column":2},"end":{"line":107,"column":3}},"26":{"start":{"line":66,"column":23},"end":{"line":66,"column":52}},"27":{"start":{"line":67,"column":4},"end":{"line":71,"column":8}},"28":{"start":{"line":68,"column":6},"end":{"line":71,"column":8}},"29":{"start":{"line":73,"column":17},"end":{"line":73,"column":41}},"30":{"start":{"line":74,"column":27},"end":{"line":74,"column":60}},"31":{"start":{"line":75,"column":20},"end":{"line":87,"column":6}},"32":{"start":{"line":88,"column":4},"end":{"line":88,"column":24}},"33":{"start":{"line":96,"column":4},"end":{"line":100,"column":6}},"34":{"start":{"line":102,"column":4},"end":{"line":102,"column":22}},"35":{"start":{"line":103,"column":4},"end":{"line":106,"column":6}},"36":{"start":{"line":113,"column":0},"end":{"line":151,"column":2}},"37":{"start":{"line":114,"column":49},"end":{"line":114,"column":57}},"38":{"start":{"line":117,"column":2},"end":{"line":121,"column":6}},"39":{"start":{"line":118,"column":4},"end":{"line":121,"column":6}},"40":{"start":{"line":123,"column":2},"end":{"line":150,"column":3}},"41":{"start":{"line":124,"column":21},"end":{"line":131,"column":5}},"42":{"start":{"line":133,"column":32},"end":{"line":133,"column":54}},"43":{"start":{"line":135,"column":4},"end":{"line":137,"column":6}},"44":{"start":{"line":139,"column":4},"end":{"line":143,"column":6}},"45":{"start":{"line":145,"column":4},"end":{"line":145,"column":22}},"46":{"start":{"line":146,"column":4},"end":{"line":149,"column":6}},"47":{"start":{"line":156,"column":0},"end":{"line":180,"column":2}},"48":{"start":{"line":157,"column":2},"end":{"line":179,"column":3}},"49":{"start":{"line":158,"column":32},"end":{"line":158,"column":54}},"50":{"start":{"line":159,"column":20},"end":{"line":159,"column":61}},"51":{"start":{"line":160,"column":22},"end":{"line":166,"column":5}},"52":{"start":{"line":168,"column":4},"end":{"line":172,"column":6}},"53":{"start":{"line":174,"column":4},"end":{"line":174,"column":22}},"54":{"start":{"line":175,"column":4},"end":{"line":178,"column":6}},"55":{"start":{"line":185,"column":0},"end":{"line":209,"column":2}},"56":{"start":{"line":186,"column":19},"end":{"line":186,"column":27}},"57":{"start":{"line":187,"column":2},"end":{"line":208,"column":3}},"58":{"start":{"line":188,"column":32},"end":{"line":188,"column":54}},"59":{"start":{"line":189,"column":20},"end":{"line":189,"column":57}},"60":{"start":{"line":190,"column":22},"end":{"line":196,"column":5}},"61":{"start":{"line":197,"column":4},"end":{"line":201,"column":6}},"62":{"start":{"line":203,"column":4},"end":{"line":203,"column":22}},"63":{"start":{"line":204,"column":4},"end":{"line":207,"column":6}},"64":{"start":{"line":211,"column":0},"end":{"line":211,"column":23}}},"fnMap":{"0":{"name":"(anonymous_0)","decl":{"start":{"line":13,"column":29},"end":{"line":13,"column":30}},"loc":{"start":{"line":13,"column":49},"end":{"line":29,"column":1}},"line":13},"1":{"name":"(anonymous_1)","decl":{"start":{"line":34,"column":32},"end":{"line":34,"column":33}},"loc":{"start":{"line":34,"column":52},"end":{"line":50,"column":1}},"line":34},"2":{"name":"(anonymous_2)","decl":{"start":{"line":54,"column":44},"end":{"line":54,"column":45}},"loc":{"start":{"line":54,"column":64},"end":{"line":108,"column":1}},"line":54},"3":{"name":"(anonymous_3)","decl":{"start":{"line":113,"column":53},"end":{"line":113,"column":54}},"loc":{"start":{"line":113,"column":73},"end":{"line":151,"column":1}},"line":113},"4":{"name":"(anonymous_4)","decl":{"start":{"line":156,"column":53},"end":{"line":156,"column":54}},"loc":{"start":{"line":156,"column":73},"end":{"line":180,"column":1}},"line":156},"5":{"name":"(anonymous_5)","decl":{"start":{"line":185,"column":56},"end":{"line":185,"column":57}},"loc":{"start":{"line":185,"column":76},"end":{"line":209,"column":1}},"line":185}},"branchMap":{"0":{"loc":{"start":{"line":59,"column":2},"end":{"line":63,"column":6}},"type":"if","locations":[{"start":{"line":59,"column":2},"end":{"line":63,"column":6}},{"start":{},"end":{}}],"line":59},"1":{"loc":{"start":{"line":67,"column":4},"end":{"line":71,"column":8}},"type":"if","locations":[{"start":{"line":67,"column":4},"end":{"line":71,"column":8}},{"start":{},"end":{}}],"line":67},"2":{"loc":{"start":{"line":79,"column":13},"end":{"line":79,"column":24}},"type":"binary-expr","locations":[{"start":{"line":79,"column":13},"end":{"line":79,"column":18}},{"start":{"line":79,"column":22},"end":{"line":79,"column":24}}],"line":79},"3":{"loc":{"start":{"line":80,"column":15},"end":{"line":80,"column":28}},"type":"binary-expr","locations":[{"start":{"line":80,"column":15},"end":{"line":80,"column":22}},{"start":{"line":80,"column":26},"end":{"line":80,"column":28}}],"line":80},"4":{"loc":{"start":{"line":81,"column":13},"end":{"line":81,"column":24}},"type":"binary-expr","locations":[{"start":{"line":81,"column":13},"end":{"line":81,"column":18}},{"start":{"line":81,"column":22},"end":{"line":81,"column":24}}],"line":81},"5":{"loc":{"start":{"line":82,"column":13},"end":{"line":82,"column":32}},"type":"binary-expr","locations":[{"start":{"line":82,"column":13},"end":{"line":82,"column":18}},{"start":{"line":82,"column":22},"end":{"line":82,"column":32}}],"line":82},"6":{"loc":{"start":{"line":117,"column":2},"end":{"line":121,"column":6}},"type":"if","locations":[{"start":{"line":117,"column":2},"end":{"line":121,"column":6}},{"start":{},"end":{}}],"line":117},"7":{"loc":{"start":{"line":117,"column":6},"end":{"line":117,"column":21}},"type":"binary-expr","locations":[{"start":{"line":117,"column":6},"end":{"line":117,"column":11}},{"start":{"line":117,"column":15},"end":{"line":117,"column":21}}],"line":117},"8":{"loc":{"start":{"line":127,"column":13},"end":{"line":127,"column":24}},"type":"binary-expr","locations":[{"start":{"line":127,"column":13},"end":{"line":127,"column":18}},{"start":{"line":127,"column":22},"end":{"line":127,"column":24}}],"line":127},"9":{"loc":{"start":{"line":128,"column":15},"end":{"line":128,"column":28}},"type":"binary-expr","locations":[{"start":{"line":128,"column":15},"end":{"line":128,"column":22}},{"start":{"line":128,"column":26},"end":{"line":128,"column":28}}],"line":128},"10":{"loc":{"start":{"line":129,"column":13},"end":{"line":129,"column":24}},"type":"binary-expr","locations":[{"start":{"line":129,"column":13},"end":{"line":129,"column":18}},{"start":{"line":129,"column":22},"end":{"line":129,"column":24}}],"line":129}},"s":{"0":2,"1":2,"2":2,"3":2,"4":2,"5":2,"6":2,"7":2,"8":2,"9":1,"10":1,"11":1,"12":0,"13":0,"14":2,"15":0,"16":0,"17":0,"18":0,"19":0,"20":2,"21":0,"22":0,"23":0,"24":0,"25":0,"26":0,"27":0,"28":0,"29":0,"30":0,"31":0,"32":0,"33":0,"34":0,"35":0,"36":2,"37":0,"38":0,"39":0,"40":0,"41":0,"42":0,"43":0,"44":0,"45":0,"46":0,"47":2,"48":0,"49":0,"50":0,"51":0,"52":0,"53":0,"54":0,"55":2,"56":0,"57":0,"58":0,"59":0,"60":0,"61":0,"62":0,"63":0,"64":2},"f":{"0":1,"1":0,"2":0,"3":0,"4":0,"5":0},"b":{"0":[0,0],"1":[0,0],"2":[0,0],"3":[0,0],"4":[0,0],"5":[0,0],"6":[0,0],"7":[0,0],"8":[0,0],"9":[0,0],"10":[0,0]},"_coverageSchema":"1a1c01bbd47fc00a2c39e90264f33305004495a9","hash":"9b8b68fc7869eb3b0feed911e762fa5beeea9734"}
,"D:\\VSCODE\\TLCN\\DTHSoft1\\server\\tools\\receiptTool.js": {"path":"D:\\VSCODE\\TLCN\\DTHSoft1\\server\\tools\\receiptTool.js","statementMap":{"0":{"start":{"line":1,"column":16},"end":{"line":1,"column":44}},"1":{"start":{"line":3,"column":0},"end":{"line":18,"column":1}},"2":{"start":{"line":4,"column":2},"end":{"line":17,"column":3}},"3":{"start":{"line":5,"column":19},"end":{"line":5,"column":37}},"4":{"start":{"line":6,"column":19},"end":{"line":6,"column":72}},"5":{"start":{"line":8,"column":4},"end":{"line":10,"column":6}},"6":{"start":{"line":12,"column":4},"end":{"line":12,"column":22}},"7":{"start":{"line":13,"column":4},"end":{"line":16,"column":6}}},"fnMap":{"0":{"name":"(anonymous_0)","decl":{"start":{"line":3,"column":30},"end":{"line":3,"column":31}},"loc":{"start":{"line":3,"column":67},"end":{"line":18,"column":1}},"line":3}},"branchMap":{},"s":{"0":2,"1":2,"2":0,"3":0,"4":0,"5":0,"6":0,"7":0},"f":{"0":0},"b":{},"_coverageSchema":"1a1c01bbd47fc00a2c39e90264f33305004495a9","hash":"72a4a7be9ad930079e7536e7405c5b1acea7600c"}
,"D:\\VSCODE\\TLCN\\DTHSoft1\\server\\tools\\roomTool.js": {"path":"D:\\VSCODE\\TLCN\\DTHSoft1\\server\\tools\\roomTool.js","statementMap":{"0":{"start":{"line":1,"column":13},"end":{"line":1,"column":38}},"1":{"start":{"line":2,"column":10},"end":{"line":2,"column":27}},"2":{"start":{"line":3,"column":0},"end":{"line":19,"column":1}},"3":{"start":{"line":4,"column":2},"end":{"line":18,"column":3}},"4":{"start":{"line":5,"column":4},"end":{"line":11,"column":5}},"5":{"start":{"line":6,"column":21},"end":{"line":6,"column":34}},"6":{"start":{"line":7,"column":21},"end":{"line":7,"column":57}},"7":{"start":{"line":8,"column":6},"end":{"line":10,"column":8}},"8":{"start":{"line":13,"column":4},"end":{"line":13,"column":22}},"9":{"start":{"line":14,"column":4},"end":{"line":17,"column":6}},"10":{"start":{"line":20,"column":0},"end":{"line":35,"column":1}},"11":{"start":{"line":21,"column":2},"end":{"line":34,"column":3}},"12":{"start":{"line":22,"column":19},"end":{"line":22,"column":32}},"13":{"start":{"line":23,"column":19},"end":{"line":23,"column":55}},"14":{"start":{"line":24,"column":4},"end":{"line":26,"column":6}},"15":{"start":{"line":27,"column":4},"end":{"line":27,"column":22}},"16":{"start":{"line":29,"column":4},"end":{"line":29,"column":22}},"17":{"start":{"line":30,"column":4},"end":{"line":33,"column":6}},"18":{"start":{"line":36,"column":0},"end":{"line":39,"column":1}},"19":{"start":{"line":37,"column":19},"end":{"line":37,"column":46}},"20":{"start":{"line":38,"column":2},"end":{"line":38,"column":48}},"21":{"start":{"line":38,"column":37},"end":{"line":38,"column":47}},"22":{"start":{"line":41,"column":0},"end":{"line":48,"column":1}},"23":{"start":{"line":42,"column":14},"end":{"line":42,"column":18}},"24":{"start":{"line":43,"column":19},"end":{"line":43,"column":46}},"25":{"start":{"line":44,"column":2},"end":{"line":46,"column":3}},"26":{"start":{"line":45,"column":4},"end":{"line":45,"column":78}},"27":{"start":{"line":45,"column":65},"end":{"line":45,"column":78}},"28":{"start":{"line":47,"column":2},"end":{"line":47,"column":14}},"29":{"start":{"line":50,"column":0},"end":{"line":54,"column":1}},"30":{"start":{"line":51,"column":16},"end":{"line":51,"column":64}},"31":{"start":{"line":51,"column":43},"end":{"line":51,"column":62}},"32":{"start":{"line":52,"column":2},"end":{"line":52,"column":29}},"33":{"start":{"line":53,"column":2},"end":{"line":53,"column":14}},"34":{"start":{"line":56,"column":0},"end":{"line":70,"column":1}},"35":{"start":{"line":57,"column":16},"end":{"line":57,"column":31}},"36":{"start":{"line":58,"column":16},"end":{"line":58,"column":29}},"37":{"start":{"line":61,"column":17},"end":{"line":61,"column":36}},"38":{"start":{"line":64,"column":21},"end":{"line":64,"column":54}},"39":{"start":{"line":67,"column":21},"end":{"line":67,"column":52}},"40":{"start":{"line":69,"column":2},"end":{"line":69,"column":19}},"41":{"start":{"line":72,"column":23},"end":{"line":77,"column":1}},"42":{"start":{"line":73,"column":18},"end":{"line":75,"column":4}},"43":{"start":{"line":74,"column":4},"end":{"line":74,"column":30}},"44":{"start":{"line":76,"column":2},"end":{"line":76,"column":35}}},"fnMap":{"0":{"name":"(anonymous_0)","decl":{"start":{"line":3,"column":33},"end":{"line":3,"column":34}},"loc":{"start":{"line":3,"column":66},"end":{"line":19,"column":1}},"line":3},"1":{"name":"(anonymous_1)","decl":{"start":{"line":20,"column":30},"end":{"line":20,"column":31}},"loc":{"start":{"line":20,"column":62},"end":{"line":35,"column":1}},"line":20},"2":{"name":"(anonymous_2)","decl":{"start":{"line":36,"column":30},"end":{"line":36,"column":31}},"loc":{"start":{"line":36,"column":47},"end":{"line":39,"column":1}},"line":36},"3":{"name":"(anonymous_3)","decl":{"start":{"line":38,"column":27},"end":{"line":38,"column":28}},"loc":{"start":{"line":38,"column":37},"end":{"line":38,"column":47}},"line":38},"4":{"name":"(anonymous_4)","decl":{"start":{"line":41,"column":26},"end":{"line":41,"column":27}},"loc":{"start":{"line":41,"column":43},"end":{"line":48,"column":1}},"line":41},"5":{"name":"(anonymous_5)","decl":{"start":{"line":50,"column":21},"end":{"line":50,"column":22}},"loc":{"start":{"line":50,"column":60},"end":{"line":54,"column":1}},"line":50},"6":{"name":"(anonymous_6)","decl":{"start":{"line":51,"column":32},"end":{"line":51,"column":33}},"loc":{"start":{"line":51,"column":43},"end":{"line":51,"column":62}},"line":51},"7":{"name":"(anonymous_7)","decl":{"start":{"line":56,"column":26},"end":{"line":56,"column":27}},"loc":{"start":{"line":56,"column":42},"end":{"line":70,"column":1}},"line":56},"8":{"name":"(anonymous_8)","decl":{"start":{"line":72,"column":23},"end":{"line":72,"column":24}},"loc":{"start":{"line":72,"column":40},"end":{"line":77,"column":1}},"line":72},"9":{"name":"(anonymous_9)","decl":{"start":{"line":73,"column":28},"end":{"line":73,"column":29}},"loc":{"start":{"line":73,"column":38},"end":{"line":75,"column":3}},"line":73}},"branchMap":{"0":{"loc":{"start":{"line":45,"column":4},"end":{"line":45,"column":78}},"type":"if","locations":[{"start":{"line":45,"column":4},"end":{"line":45,"column":78}},{"start":{},"end":{}}],"line":45},"1":{"loc":{"start":{"line":45,"column":8},"end":{"line":45,"column":63}},"type":"binary-expr","locations":[{"start":{"line":45,"column":8},"end":{"line":45,"column":33}},{"start":{"line":45,"column":37},"end":{"line":45,"column":63}}],"line":45}},"s":{"0":2,"1":2,"2":2,"3":0,"4":0,"5":0,"6":0,"7":0,"8":0,"9":0,"10":2,"11":0,"12":0,"13":0,"14":0,"15":0,"16":0,"17":0,"18":2,"19":0,"20":0,"21":0,"22":2,"23":0,"24":0,"25":0,"26":0,"27":0,"28":0,"29":2,"30":0,"31":0,"32":0,"33":0,"34":2,"35":0,"36":0,"37":0,"38":0,"39":0,"40":0,"41":2,"42":0,"43":0,"44":0},"f":{"0":0,"1":0,"2":0,"3":0,"4":0,"5":0,"6":0,"7":0,"8":0,"9":0},"b":{"0":[0,0],"1":[0,0]},"_coverageSchema":"1a1c01bbd47fc00a2c39e90264f33305004495a9","hash":"beee876089aa513c73ba1885a3aedf3e9b717d20"}
,"D:\\VSCODE\\TLCN\\DTHSoft1\\server\\tools\\serviceTool.js": {"path":"D:\\VSCODE\\TLCN\\DTHSoft1\\server\\tools\\serviceTool.js","statementMap":{"0":{"start":{"line":1,"column":10},"end":{"line":1,"column":27}},"1":{"start":{"line":2,"column":16},"end":{"line":2,"column":44}},"2":{"start":{"line":4,"column":0},"end":{"line":7,"column":1}},"3":{"start":{"line":5,"column":22},"end":{"line":5,"column":55}},"4":{"start":{"line":6,"column":2},"end":{"line":6,"column":51}},"5":{"start":{"line":6,"column":40},"end":{"line":6,"column":50}},"6":{"start":{"line":9,"column":26},"end":{"line":14,"column":1}},"7":{"start":{"line":10,"column":18},"end":{"line":12,"column":4}},"8":{"start":{"line":11,"column":4},"end":{"line":11,"column":36}},"9":{"start":{"line":13,"column":2},"end":{"line":13,"column":35}}},"fnMap":{"0":{"name":"(anonymous_0)","decl":{"start":{"line":4,"column":33},"end":{"line":4,"column":34}},"loc":{"start":{"line":4,"column":53},"end":{"line":7,"column":1}},"line":4},"1":{"name":"(anonymous_1)","decl":{"start":{"line":6,"column":30},"end":{"line":6,"column":31}},"loc":{"start":{"line":6,"column":40},"end":{"line":6,"column":50}},"line":6},"2":{"name":"(anonymous_2)","decl":{"start":{"line":9,"column":26},"end":{"line":9,"column":27}},"loc":{"start":{"line":9,"column":46},"end":{"line":14,"column":1}},"line":9},"3":{"name":"(anonymous_3)","decl":{"start":{"line":10,"column":31},"end":{"line":10,"column":32}},"loc":{"start":{"line":10,"column":44},"end":{"line":12,"column":3}},"line":10}},"branchMap":{},"s":{"0":2,"1":2,"2":2,"3":0,"4":0,"5":0,"6":2,"7":0,"8":0,"9":0},"f":{"0":0,"1":0,"2":0,"3":0},"b":{},"_coverageSchema":"1a1c01bbd47fc00a2c39e90264f33305004495a9","hash":"37292eeb1f8098892de5bd4667e6ee75a0035cd4"}
,"D:\\VSCODE\\TLCN\\DTHSoft1\\server\\tools\\validation.js": {"path":"D:\\VSCODE\\TLCN\\DTHSoft1\\server\\tools\\validation.js","statementMap":{"0":{"start":{"line":2,"column":12},"end":{"line":2,"column":32}},"1":{"start":{"line":3,"column":0},"end":{"line":3,"column":43}},"2":{"start":{"line":6,"column":23},"end":{"line":17,"column":1}},"3":{"start":{"line":7,"column":17},"end":{"line":15,"column":4}},"4":{"start":{"line":16,"column":2},"end":{"line":16,"column":30}},"5":{"start":{"line":20,"column":27},"end":{"line":32,"column":1}},"6":{"start":{"line":21,"column":17},"end":{"line":30,"column":4}},"7":{"start":{"line":31,"column":2},"end":{"line":31,"column":30}},"8":{"start":{"line":34,"column":23},"end":{"line":43,"column":1}},"9":{"start":{"line":35,"column":17},"end":{"line":41,"column":4}},"10":{"start":{"line":42,"column":2},"end":{"line":42,"column":30}},"11":{"start":{"line":46,"column":26},"end":{"line":53,"column":1}},"12":{"start":{"line":47,"column":17},"end":{"line":51,"column":4}},"13":{"start":{"line":52,"column":2},"end":{"line":52,"column":30}},"14":{"start":{"line":54,"column":0},"end":{"line":54,"column":46}},"15":{"start":{"line":55,"column":0},"end":{"line":55,"column":54}},"16":{"start":{"line":56,"column":0},"end":{"line":56,"column":46}},"17":{"start":{"line":57,"column":0},"end":{"line":57,"column":52}}},"fnMap":{"0":{"name":"(anonymous_0)","decl":{"start":{"line":6,"column":23},"end":{"line":6,"column":24}},"loc":{"start":{"line":6,"column":33},"end":{"line":17,"column":1}},"line":6},"1":{"name":"(anonymous_1)","decl":{"start":{"line":20,"column":27},"end":{"line":20,"column":28}},"loc":{"start":{"line":20,"column":37},"end":{"line":32,"column":1}},"line":20},"2":{"name":"(anonymous_2)","decl":{"start":{"line":34,"column":23},"end":{"line":34,"column":24}},"loc":{"start":{"line":34,"column":33},"end":{"line":43,"column":1}},"line":34},"3":{"name":"(anonymous_3)","decl":{"start":{"line":46,"column":26},"end":{"line":46,"column":27}},"loc":{"start":{"line":46,"column":36},"end":{"line":53,"column":1}},"line":46}},"branchMap":{},"s":{"0":2,"1":2,"2":2,"3":0,"4":0,"5":2,"6":0,"7":0,"8":2,"9":0,"10":0,"11":2,"12":0,"13":0,"14":2,"15":2,"16":2,"17":2},"f":{"0":0,"1":0,"2":0,"3":0},"b":{},"_coverageSchema":"1a1c01bbd47fc00a2c39e90264f33305004495a9","hash":"66d4e68e2b8d24e78ab4bb4d1dcc5155490a807a"}
,"D:\\VSCODE\\TLCN\\DTHSoft1\\server\\utils\\mailer.js": {"path":"D:\\VSCODE\\TLCN\\DTHSoft1\\server\\utils\\mailer.js","statementMap":{"0":{"start":{"line":1,"column":19},"end":{"line":1,"column":40}},"1":{"start":{"line":2,"column":19},"end":{"line":2,"column":40}},"2":{"start":{"line":3,"column":15},"end":{"line":3,"column":33}},"3":{"start":{"line":5,"column":18},"end":{"line":44,"column":1}},"4":{"start":{"line":6,"column":23},"end":{"line":10,"column":3}},"5":{"start":{"line":12,"column":2},"end":{"line":14,"column":4}},"6":{"start":{"line":15,"column":22},"end":{"line":15,"column":51}},"7":{"start":{"line":18,"column":22},"end":{"line":33,"column":4}},"8":{"start":{"line":35,"column":22},"end":{"line":41,"column":3}},"9":{"start":{"line":43,"column":2},"end":{"line":43,"column":41}},"10":{"start":{"line":46,"column":0},"end":{"line":46,"column":26}}},"fnMap":{"0":{"name":"(anonymous_0)","decl":{"start":{"line":5,"column":18},"end":{"line":5,"column":19}},"loc":{"start":{"line":5,"column":37},"end":{"line":44,"column":1}},"line":5}},"branchMap":{},"s":{"0":2,"1":2,"2":2,"3":2,"4":0,"5":0,"6":0,"7":0,"8":0,"9":0,"10":2},"f":{"0":0},"b":{},"_coverageSchema":"1a1c01bbd47fc00a2c39e90264f33305004495a9","hash":"f95507c71aee46daf5d6acaf56f02a83dd5c86d1"}
}
