TN:
SF:index.js
FNF:0
FNH:0
DA:1,5
DA:2,5
DA:3,5
DA:4,5
DA:5,5
DA:6,5
DA:9,5
DA:12,5
DA:13,5
DA:14,5
DA:19,5
DA:21,5
LF:12
LH:12
BRF:0
BRH:0
end_of_record
TN:
SF:config\database.js
FN:3,(anonymous_0)
FNF:1
FNH:1
FNDA:5,(anonymous_0)
DA:1,5
DA:3,5
DA:4,5
DA:5,5
DA:9,5
DA:11,0
DA:12,0
DA:13,0
DA:16,5
LF:9
LH:6
BRF:0
BRH:0
end_of_record
TN:
SF:config\key.js
FNF:0
FNH:0
DA:1,5
LF:1
LH:1
BRF:0
BRH:0
end_of_record
TN:
SF:middleware\authentication.js
FN:4,(anonymous_0)
FN:23,(anonymous_1)
FNF:2
FNH:1
FNDA:0,(anonymous_0)
FNDA:10,(anonymous_1)
DA:1,5
DA:4,5
DA:5,0
DA:6,0
DA:7,0
DA:8,0
DA:12,0
DA:14,0
DA:15,0
DA:23,5
DA:24,10
DA:25,10
DA:26,10
DA:27,0
DA:31,10
DA:33,0
DA:34,0
DA:40,5
DA:41,5
LF:19
LH:9
BRDA:7,0,0,0
BRDA:7,0,1,0
BRDA:7,1,0,0
BRDA:7,1,1,0
BRDA:26,2,0,0
BRDA:26,2,1,10
BRF:6
BRH:1
end_of_record
TN:
SF:middleware\authorization.js
FN:4,(anonymous_0)
FNF:1
FNH:1
FNDA:21,(anonymous_0)
DA:1,5
DA:4,5
DA:5,21
DA:6,21
DA:8,21
DA:9,1
DA:14,20
DA:15,20
DA:16,19
DA:17,19
DA:19,1
DA:20,1
DA:27,5
LF:13
LH:13
BRDA:6,0,0,21
BRDA:6,0,1,20
BRDA:8,1,0,1
BRDA:8,1,1,20
BRF:4
BRH:4
end_of_record
TN:
SF:middleware\uploadImage.js
FN:3,(anonymous_0)
FN:32,(anonymous_1)
FN:33,(anonymous_2)
FNF:3
FNH:0
FNDA:0,(anonymous_0)
FNDA:0,(anonymous_1)
FNDA:0,(anonymous_2)
DA:1,5
DA:3,5
DA:4,0
DA:5,0
DA:6,0
DA:10,0
DA:12,0
DA:13,0
DA:14,0
DA:19,0
DA:20,0
DA:21,0
DA:26,0
DA:28,0
DA:32,5
DA:33,0
DA:34,0
DA:38,5
LF:18
LH:4
BRDA:5,0,0,0
BRDA:5,0,1,0
BRDA:5,1,0,0
BRDA:5,1,1,0
BRDA:12,2,0,0
BRDA:12,2,1,0
BRDA:19,3,0,0
BRDA:19,3,1,0
BRDA:19,4,0,0
BRDA:19,4,1,0
BRDA:34,5,0,0
BRDA:34,5,1,0
BRF:12
BRH:0
end_of_record
TN:
SF:models\Booking.js
FNF:0
FNH:0
DA:1,5
DA:2,5
DA:47,5
DA:133,5
LF:4
LH:4
BRF:0
BRH:0
end_of_record
TN:
SF:models\Customer.js
FNF:0
FNH:0
DA:1,5
DA:2,5
DA:4,5
DA:56,5
LF:4
LH:4
BRF:0
BRH:0
end_of_record
TN:
SF:models\Receipt.js
FNF:0
FNH:0
DA:1,5
DA:2,5
DA:4,5
DA:46,5
LF:4
LH:4
BRF:0
BRH:0
end_of_record
TN:
SF:models\Room.js
FNF:0
FNH:0
DA:1,5
DA:2,5
DA:4,5
DA:47,5
LF:4
LH:4
BRF:0
BRH:0
end_of_record
TN:
SF:models\Service.js
FNF:0
FNH:0
DA:1,5
DA:2,5
DA:4,5
DA:17,5
LF:4
LH:4
BRF:0
BRH:0
end_of_record
TN:
SF:models\User.js
FNF:0
FNH:0
DA:1,5
DA:2,5
DA:4,5
DA:57,5
LF:4
LH:4
BRF:0
BRH:0
end_of_record
TN:
SF:routes\index.js
FN:23,(anonymous_0)
FNF:1
FNH:0
FNDA:0,(anonymous_0)
DA:1,5
DA:2,5
DA:3,5
DA:4,5
DA:7,5
DA:8,5
DA:9,5
DA:10,5
DA:11,5
DA:12,5
DA:13,5
DA:16,5
DA:17,5
DA:18,5
DA:19,5
DA:20,5
DA:21,5
DA:22,5
DA:23,5
DA:24,0
DA:30,5
LF:21
LH:20
BRF:0
BRH:0
end_of_record
TN:
SF:routes\api\auth.js
FN:13,(anonymous_0)
FN:37,(anonymous_1)
FN:125,(anonymous_2)
FN:144,(anonymous_3)
FN:191,(anonymous_4)
FNF:5
FNH:2
FNDA:1,(anonymous_0)
FNDA:24,(anonymous_1)
FNDA:0,(anonymous_2)
FNDA:0,(anonymous_3)
FNDA:0,(anonymous_4)
DA:1,5
DA:2,5
DA:3,5
DA:4,5
DA:5,5
DA:6,5
DA:7,5
DA:8,5
DA:13,5
DA:14,1
DA:15,1
DA:19,1
DA:20,0
DA:24,1
DA:26,0
DA:27,0
DA:37,5
DA:38,24
DA:39,24
DA:41,24
DA:42,24
DA:43,1
DA:47,23
DA:48,23
DA:49,1
DA:56,22
DA:62,22
DA:68,0
DA:69,0
DA:125,5
DA:126,0
DA:127,0
DA:129,0
DA:130,0
DA:131,0
DA:138,0
DA:139,0
DA:141,0
DA:142,0
DA:144,0
DA:145,0
DA:146,0
DA:153,0
DA:157,0
DA:159,0
DA:172,0
DA:178,0
DA:183,0
DA:184,0
DA:191,5
DA:192,0
DA:193,0
DA:196,0
DA:197,0
DA:201,0
DA:202,0
DA:207,0
DA:208,0
DA:215,0
DA:216,0
DA:218,0
DA:219,0
DA:220,0
DA:222,0
DA:224,0
DA:230,0
DA:231,0
DA:234,5
LF:68
LH:27
BRDA:19,0,0,0
BRDA:19,0,1,1
BRDA:42,1,0,1
BRDA:42,1,1,23
BRDA:48,2,0,1
BRDA:48,2,1,22
BRDA:130,3,0,0
BRDA:130,3,1,0
BRDA:145,4,0,0
BRDA:145,4,1,0
BRDA:196,5,0,0
BRDA:196,5,1,0
BRDA:207,6,0,0
BRDA:207,6,1,0
BRF:14
BRH:5
end_of_record
TN:
SF:routes\api\booking.js
FN:10,(anonymous_0)
FN:119,(anonymous_1)
FN:149,(anonymous_2)
FN:179,(anonymous_3)
FN:279,(anonymous_4)
FN:368,(anonymous_5)
FNF:6
FNH:2
FNDA:2,(anonymous_0)
FNDA:1,(anonymous_1)
FNDA:0,(anonymous_2)
FNDA:0,(anonymous_3)
FNDA:0,(anonymous_4)
FNDA:0,(anonymous_5)
DA:1,5
DA:2,5
DA:3,5
DA:4,5
DA:5,5
DA:10,5
DA:19,2
DA:21,2
DA:22,2
DA:24,2
DA:26,2
DA:27,1
DA:33,1
DA:36,1
DA:42,1
DA:48,1
DA:49,0
DA:51,1
DA:52,1
DA:54,1
DA:55,1
DA:56,1
DA:63,1
DA:66,1
DA:69,1
DA:70,1
DA:75,1
DA:96,1
DA:99,1
DA:100,1
DA:102,1
DA:108,0
DA:109,0
DA:119,5
DA:120,1
DA:121,1
DA:133,1
DA:138,0
DA:139,0
DA:149,5
DA:150,0
DA:151,0
DA:163,0
DA:168,0
DA:169,0
DA:179,5
DA:189,0
DA:191,0
DA:192,0
DA:194,0
DA:197,0
DA:203,0
DA:204,0
DA:206,0
DA:207,0
DA:209,0
DA:210,0
DA:211,0
DA:218,0
DA:221,0
DA:222,0
DA:228,0
DA:246,0
DA:248,0
DA:256,0
DA:257,0
DA:259,0
DA:265,0
DA:266,0
DA:276,5
DA:280,0
DA:281,0
DA:282,0
DA:283,0
DA:285,0
DA:286,0
DA:287,0
DA:288,0
DA:289,0
DA:290,0
DA:297,0
DA:300,0
DA:306,0
DA:307,0
DA:309,0
DA:310,0
DA:312,0
DA:313,0
DA:314,0
DA:321,0
DA:322,0
DA:328,0
DA:330,0
DA:339,0
DA:347,0
DA:348,0
DA:350,0
DA:356,0
DA:357,0
DA:368,5
DA:369,0
DA:370,0
DA:371,0
DA:372,0
DA:373,0
DA:374,0
DA:375,0
DA:376,0
DA:382,0
DA:384,0
DA:389,0
DA:397,0
DA:398,0
DA:404,0
DA:405,0
DA:412,5
LF:116
LH:39
BRDA:26,0,0,1
BRDA:26,0,1,1
BRDA:48,1,0,0
BRDA:48,1,1,1
BRDA:66,2,0,0
BRDA:66,2,1,1
BRDA:99,3,0,1
BRDA:99,3,1,0
BRDA:203,4,0,0
BRDA:203,4,1,0
BRDA:256,5,0,0
BRDA:256,5,1,0
BRDA:306,6,0,0
BRDA:306,6,1,0
BRDA:375,7,0,0
BRDA:375,7,1,0
BRDA:375,8,0,0
BRDA:375,8,1,0
BRF:18
BRH:5
end_of_record
TN:
SF:routes\api\customer.js
FN:9,(anonymous_0)
FN:69,(anonymous_1)
FN:90,(anonymous_2)
FN:116,(anonymous_3)
FN:165,(anonymous_4)
FNF:5
FNH:0
FNDA:0,(anonymous_0)
FNDA:0,(anonymous_1)
FNDA:0,(anonymous_2)
FNDA:0,(anonymous_3)
FNDA:0,(anonymous_4)
DA:1,5
DA:2,5
DA:3,5
DA:4,5
DA:9,5
DA:11,0
DA:14,0
DA:15,0
DA:16,0
DA:20,0
DA:22,0
DA:23,0
DA:24,0
DA:30,0
DA:31,0
DA:32,0
DA:38,0
DA:50,0
DA:52,0
DA:58,0
DA:59,0
DA:69,5
DA:70,0
DA:71,0
DA:74,0
DA:79,0
DA:80,0
DA:90,5
DA:91,0
DA:92,0
DA:95,0
DA:96,0
DA:100,0
DA:105,0
DA:106,0
DA:116,5
DA:118,0
DA:119,0
DA:121,0
DA:122,0
DA:123,0
DA:127,0
DA:129,0
DA:141,0
DA:143,0
DA:148,0
DA:154,0
DA:155,0
DA:165,5
DA:166,0
DA:167,0
DA:168,0
DA:169,0
DA:176,0
DA:182,0
DA:183,0
DA:189,5
LF:57
LH:10
BRDA:15,0,0,0
BRDA:15,0,1,0
BRDA:23,1,0,0
BRDA:23,1,1,0
BRDA:31,2,0,0
BRDA:31,2,1,0
BRDA:43,3,0,0
BRDA:43,3,1,0
BRDA:44,4,0,0
BRDA:44,4,1,0
BRDA:45,5,0,0
BRDA:45,5,1,0
BRDA:46,6,0,0
BRDA:46,6,1,0
BRDA:95,7,0,0
BRDA:95,7,1,0
BRDA:122,8,0,0
BRDA:122,8,1,0
BRDA:133,9,0,0
BRDA:133,9,1,0
BRDA:134,10,0,0
BRDA:134,10,1,0
BRDA:135,11,0,0
BRDA:135,11,1,0
BRDA:136,12,0,0
BRDA:136,12,1,0
BRDA:137,13,0,0
BRDA:137,13,1,0
BRF:28
BRH:0
end_of_record
TN:
SF:routes\api\receipt.js
FN:16,(anonymous_0)
FN:96,(anonymous_1)
FN:166,(anonymous_2)
FN:206,(anonymous_3)
FN:268,(anonymous_4)
FN:270,(anonymous_5)
FN:293,(anonymous_6)
FN:297,(anonymous_7)
FN:303,(anonymous_8)
FN:310,(anonymous_9)
FN:311,(anonymous_10)
FN:317,(anonymous_11)
FN:326,(anonymous_12)
FN:334,(anonymous_13)
FN:335,(anonymous_14)
FN:346,(anonymous_15)
FN:352,(anonymous_16)
FN:363,(anonymous_17)
FN:367,(anonymous_18)
FN:385,(anonymous_19)
FN:393,(anonymous_20)
FN:395,(anonymous_21)
FN:404,(anonymous_22)
FN:408,(anonymous_23)
FNF:24
FNH:0
FNDA:0,(anonymous_0)
FNDA:0,(anonymous_1)
FNDA:0,(anonymous_2)
FNDA:0,(anonymous_3)
FNDA:0,(anonymous_4)
FNDA:0,(anonymous_5)
FNDA:0,(anonymous_6)
FNDA:0,(anonymous_7)
FNDA:0,(anonymous_8)
FNDA:0,(anonymous_9)
FNDA:0,(anonymous_10)
FNDA:0,(anonymous_11)
FNDA:0,(anonymous_12)
FNDA:0,(anonymous_13)
FNDA:0,(anonymous_14)
FNDA:0,(anonymous_15)
FNDA:0,(anonymous_16)
FNDA:0,(anonymous_17)
FNDA:0,(anonymous_18)
FNDA:0,(anonymous_19)
FNDA:0,(anonymous_20)
FNDA:0,(anonymous_21)
FNDA:0,(anonymous_22)
FNDA:0,(anonymous_23)
DA:1,5
DA:2,5
DA:3,5
DA:4,5
DA:5,5
DA:6,5
DA:7,5
DA:8,5
DA:9,5
DA:10,5
DA:11,5
DA:16,5
DA:17,0
DA:18,0
DA:21,0
DA:22,0
DA:23,0
DA:27,0
DA:28,0
DA:29,0
DA:30,0
DA:36,0
DA:37,0
DA:38,0
DA:43,0
DA:53,0
DA:56,0
DA:59,0
DA:62,0
DA:64,0
DA:73,0
DA:79,0
DA:85,0
DA:86,0
DA:96,5
DA:97,0
DA:98,0
DA:116,0
DA:121,0
DA:122,0
DA:166,5
DA:167,0
DA:168,0
DA:170,0
DA:172,0
DA:180,0
DA:182,0
DA:189,0
DA:195,0
DA:196,0
DA:206,5
DA:207,0
DA:209,0
DA:226,0
DA:237,0
DA:238,0
DA:239,0
DA:240,0
DA:241,0
DA:242,0
DA:243,0
DA:244,0
DA:258,0
DA:268,0
DA:270,0
DA:271,0
DA:290,0
DA:293,0
DA:294,0
DA:297,0
DA:298,0
DA:303,0
DA:304,0
DA:305,0
DA:306,0
DA:310,0
DA:311,0
DA:312,0
DA:313,0
DA:317,0
DA:318,0
DA:319,0
DA:320,0
DA:326,0
DA:327,0
DA:331,0
DA:334,0
DA:335,0
DA:336,0
DA:337,0
DA:339,0
DA:341,0
DA:346,0
DA:347,0
DA:348,0
DA:352,0
DA:353,0
DA:361,0
DA:363,0
DA:366,0
DA:368,0
DA:369,0
DA:370,0
DA:372,0
DA:379,0
DA:384,0
DA:386,0
DA:387,0
DA:388,0
DA:389,0
DA:393,0
DA:394,0
DA:395,0
DA:396,0
DA:402,0
DA:404,0
DA:407,0
DA:409,0
DA:410,0
DA:411,0
DA:412,0
DA:413,0
DA:417,0
DA:430,0
DA:435,0
DA:436,0
DA:443,5
LF:127
LH:16
BRDA:22,0,0,0
BRDA:22,0,1,0
BRDA:29,1,0,0
BRDA:29,1,1,0
BRDA:37,2,0,0
BRDA:37,2,1,0
BRDA:304,3,0,0
BRDA:304,3,1,0
BRDA:318,4,0,0
BRDA:318,4,1,0
BRDA:336,5,0,0
BRDA:336,5,1,0
BRDA:368,6,0,0
BRDA:368,6,1,0
BRDA:386,7,0,0
BRDA:386,7,1,0
BRDA:409,8,0,0
BRDA:409,8,1,0
BRF:18
BRH:0
end_of_record
TN:
SF:routes\api\room.js
FN:11,(anonymous_0)
FN:58,(anonymous_1)
FN:79,(anonymous_2)
FN:100,(anonymous_3)
FN:126,(anonymous_4)
FN:173,(anonymous_5)
FN:201,(anonymous_6)
FNF:7
FNH:3
FNDA:0,(anonymous_0)
FNDA:1,(anonymous_1)
FNDA:0,(anonymous_2)
FNDA:1,(anonymous_3)
FNDA:0,(anonymous_4)
FNDA:0,(anonymous_5)
FNDA:2,(anonymous_6)
DA:1,5
DA:2,5
DA:3,5
DA:4,5
DA:5,5
DA:6,5
DA:11,5
DA:12,0
DA:15,0
DA:16,0
DA:17,0
DA:21,0
DA:23,0
DA:24,0
DA:25,0
DA:30,0
DA:40,0
DA:41,0
DA:47,0
DA:48,0
DA:58,5
DA:59,1
DA:60,1
DA:63,1
DA:68,0
DA:69,0
DA:79,5
DA:80,0
DA:81,0
DA:84,0
DA:89,0
DA:90,0
DA:100,5
DA:101,1
DA:102,1
DA:105,1
DA:106,0
DA:110,1
DA:115,0
DA:116,0
DA:126,5
DA:127,0
DA:130,0
DA:131,0
DA:136,0
DA:138,0
DA:147,0
DA:149,0
DA:156,0
DA:162,0
DA:163,0
DA:173,5
DA:174,0
DA:175,0
DA:176,0
DA:177,0
DA:184,0
DA:190,0
DA:191,0
DA:201,5
DA:202,2
DA:203,2
DA:204,2
DA:206,2
DA:215,2
DA:221,2
DA:227,0
DA:228,0
DA:235,5
LF:69
LH:27
BRDA:16,0,0,0
BRDA:16,0,1,0
BRDA:24,1,0,0
BRDA:24,1,1,0
BRDA:105,2,0,0
BRDA:105,2,1,1
BRDA:130,3,0,0
BRDA:130,3,1,0
BRDA:130,4,0,0
BRDA:130,4,1,0
BRDA:206,5,0,1
BRDA:206,5,1,1
BRDA:208,6,0,0
BRDA:208,6,1,1
BRDA:210,7,0,0
BRDA:210,7,1,1
BRDA:212,8,0,0
BRDA:212,8,1,1
BRF:18
BRH:6
end_of_record
TN:
SF:routes\api\service.js
FN:9,(anonymous_0)
FN:52,(anonymous_1)
FN:73,(anonymous_2)
FN:99,(anonymous_3)
FN:143,(anonymous_4)
FNF:5
FNH:2
FNDA:6,(anonymous_0)
FNDA:0,(anonymous_1)
FNDA:0,(anonymous_2)
FNDA:4,(anonymous_3)
FNDA:0,(anonymous_4)
DA:1,5
DA:2,5
DA:3,5
DA:4,5
DA:9,5
DA:10,6
DA:13,6
DA:14,2
DA:18,4
DA:20,4
DA:21,4
DA:22,3
DA:27,1
DA:34,1
DA:35,0
DA:41,1
DA:42,1
DA:52,5
DA:53,0
DA:54,0
DA:57,0
DA:62,0
DA:63,0
DA:73,5
DA:74,0
DA:75,0
DA:78,0
DA:79,0
DA:83,0
DA:88,0
DA:89,0
DA:99,5
DA:100,4
DA:103,4
DA:104,2
DA:109,2
DA:111,2
DA:117,2
DA:119,2
DA:126,1
DA:132,1
DA:133,1
DA:143,5
DA:144,0
DA:145,0
DA:146,0
DA:147,0
DA:154,0
DA:160,0
DA:161,0
DA:167,5
LF:51
LH:31
BRDA:13,0,0,2
BRDA:13,0,1,4
BRDA:13,1,0,6
BRDA:13,1,1,5
BRDA:21,2,0,3
BRDA:21,2,1,1
BRDA:78,3,0,0
BRDA:78,3,1,0
BRDA:103,4,0,2
BRDA:103,4,1,2
BRDA:103,5,0,4
BRDA:103,5,1,3
BRF:12
BRH:10
end_of_record
TN:
SF:routes\api\user.js
FN:17,(anonymous_0)
FN:37,(anonymous_1)
FN:56,(anonymous_2)
FN:113,(anonymous_3)
FN:154,(anonymous_4)
FN:217,(anonymous_5)
FN:262,(anonymous_6)
FN:329,(anonymous_7)
FN:341,(anonymous_8)
FN:368,(anonymous_9)
FN:369,(anonymous_10)
FNF:11
FNH:1
FNDA:1,(anonymous_0)
FNDA:0,(anonymous_1)
FNDA:0,(anonymous_2)
FNDA:0,(anonymous_3)
FNDA:0,(anonymous_4)
FNDA:0,(anonymous_5)
FNDA:0,(anonymous_6)
FNDA:0,(anonymous_7)
FNDA:0,(anonymous_8)
FNDA:0,(anonymous_9)
FNDA:0,(anonymous_10)
DA:1,5
DA:2,5
DA:3,5
DA:4,5
DA:5,5
DA:6,5
DA:7,5
DA:8,5
DA:9,5
DA:10,5
DA:11,5
DA:12,5
DA:17,5
DA:18,1
DA:19,1
DA:22,1
DA:27,0
DA:37,5
DA:38,0
DA:39,0
DA:42,0
DA:47,0
DA:56,5
DA:57,0
DA:60,0
DA:61,0
DA:62,0
DA:66,0
DA:68,0
DA:69,0
DA:70,0
DA:75,0
DA:76,0
DA:77,0
DA:89,0
DA:97,0
DA:103,0
DA:113,5
DA:114,0
DA:117,0
DA:118,0
DA:123,0
DA:124,0
DA:131,0
DA:133,0
DA:137,0
DA:143,0
DA:144,0
DA:154,5
DA:155,0
DA:157,0
DA:159,0
DA:160,0
DA:161,0
DA:162,0
DA:166,0
DA:167,0
DA:168,0
DA:174,0
DA:175,0
DA:180,0
DA:181,0
DA:187,0
DA:188,0
DA:190,0
DA:194,0
DA:196,0
DA:200,0
DA:206,0
DA:207,0
DA:217,5
DA:218,0
DA:221,0
DA:222,0
DA:227,0
DA:228,0
DA:240,0
DA:242,0
DA:246,0
DA:252,0
DA:262,5
DA:263,0
DA:264,0
DA:265,0
DA:266,0
DA:274,0
DA:280,0
DA:319,5
DA:325,5
DA:330,0
DA:331,0
DA:333,0
DA:342,0
DA:344,0
DA:346,0
DA:347,0
DA:348,0
DA:349,0
DA:352,0
DA:360,0
DA:368,5
DA:369,0
DA:370,0
DA:373,5
LF:104
LH:26
BRDA:61,0,0,0
BRDA:61,0,1,0
BRDA:69,1,0,0
BRDA:69,1,1,0
BRDA:81,2,0,0
BRDA:81,2,1,0
BRDA:82,3,0,0
BRDA:82,3,1,0
BRDA:83,4,0,0
BRDA:83,4,1,0
BRDA:117,5,0,0
BRDA:117,5,1,0
BRDA:161,6,0,0
BRDA:161,6,1,0
BRDA:167,7,0,0
BRDA:167,7,1,0
BRDA:174,8,0,0
BRDA:174,8,1,0
BRDA:180,9,0,0
BRDA:180,9,1,0
BRDA:221,10,0,0
BRDA:221,10,1,0
BRDA:221,11,0,0
BRDA:221,11,1,0
BRDA:231,12,0,0
BRDA:231,12,1,0
BRDA:232,13,0,0
BRDA:232,13,1,0
BRDA:234,14,0,0
BRDA:234,14,1,0
BRDA:342,15,0,0
BRDA:342,15,1,0
BRDA:370,16,0,0
BRDA:370,16,1,0
BRF:34
BRH:0
end_of_record
TN:
SF:tools\receiptTool.js
FN:3,(anonymous_0)
FNF:1
FNH:0
FNDA:0,(anonymous_0)
DA:1,5
DA:3,5
DA:4,0
DA:5,0
DA:6,0
DA:8,0
DA:12,0
DA:13,0
LF:8
LH:2
BRF:0
BRH:0
end_of_record
TN:
SF:tools\roomTool.js
FN:6,(anonymous_0)
FN:33,(anonymous_1)
FN:50,(anonymous_2)
FN:52,(anonymous_3)
FN:55,(anonymous_4)
FN:79,(anonymous_5)
FN:87,(anonymous_6)
FN:97,(anonymous_7)
FN:104,(anonymous_8)
FN:128,(anonymous_9)
FN:152,(anonymous_10)
FN:162,(anonymous_11)
FN:163,(anonymous_12)
FNF:13
FNH:10
FNDA:1,(anonymous_0)
FNDA:2,(anonymous_1)
FNDA:1,(anonymous_2)
FNDA:1,(anonymous_3)
FNDA:2,(anonymous_4)
FNDA:0,(anonymous_5)
FNDA:0,(anonymous_6)
FNDA:1,(anonymous_7)
FNDA:1,(anonymous_8)
FNDA:1,(anonymous_9)
FNDA:0,(anonymous_10)
FNDA:4,(anonymous_11)
FNDA:4,(anonymous_12)
DA:1,5
DA:2,5
DA:3,5
DA:4,5
DA:6,5
DA:7,1
DA:9,1
DA:10,1
DA:11,1
DA:12,0
DA:13,1
DA:14,0
DA:16,1
DA:19,1
DA:20,1
DA:21,1
DA:26,0
DA:27,0
DA:33,5
DA:34,2
DA:35,2
DA:36,2
DA:37,2
DA:40,2
DA:42,0
DA:43,0
DA:50,5
DA:51,1
DA:52,1
DA:55,5
DA:56,2
DA:57,2
DA:58,2
DA:59,2
DA:61,2
DA:62,2
DA:63,2
DA:64,25
DA:65,4
DA:66,4
DA:67,4
DA:71,1
DA:76,2
DA:79,5
DA:80,0
DA:81,0
DA:82,0
DA:84,0
DA:87,5
DA:88,0
DA:89,0
DA:92,0
DA:95,0
DA:97,5
DA:98,1
DA:99,1
DA:100,1
DA:101,1
DA:104,5
DA:105,1
DA:106,1
DA:107,1
DA:113,1
DA:114,1
DA:116,1
DA:117,0
DA:118,1
DA:119,0
DA:120,1
DA:121,0
DA:123,1
DA:125,1
DA:128,5
DA:129,1
DA:130,1
DA:134,1
DA:137,1
DA:138,1
DA:140,1
DA:141,0
DA:142,1
DA:143,0
DA:144,1
DA:145,0
DA:147,1
DA:149,1
DA:152,5
DA:153,0
DA:154,0
DA:155,0
DA:157,0
DA:159,0
DA:162,5
DA:163,4
DA:164,4
DA:166,4
LF:96
LH:71
BRDA:11,0,0,0
BRDA:11,0,1,1
BRDA:13,1,0,0
BRDA:13,1,1,1
BRDA:13,2,0,1
BRDA:13,2,1,0
BRDA:64,3,0,4
BRDA:64,3,1,21
BRDA:67,4,0,1
BRDA:67,4,1,3
BRDA:68,5,0,4
BRDA:68,5,1,1
BRDA:81,6,0,0
BRDA:81,6,1,0
BRDA:92,7,0,0
BRDA:92,7,1,0
BRDA:116,8,0,0
BRDA:116,8,1,1
BRDA:116,9,0,1
BRDA:116,9,1,1
BRDA:118,10,0,0
BRDA:118,10,1,1
BRDA:118,11,0,1
BRDA:118,11,1,1
BRDA:120,12,0,0
BRDA:120,12,1,1
BRDA:140,13,0,0
BRDA:140,13,1,1
BRDA:140,14,0,1
BRDA:140,14,1,1
BRDA:142,15,0,0
BRDA:142,15,1,1
BRDA:142,16,0,1
BRDA:142,16,1,1
BRDA:144,17,0,0
BRDA:144,17,1,1
BRDA:154,18,0,0
BRDA:154,18,1,0
BRF:38
BRH:23
end_of_record
TN:
SF:tools\serviceTool.js
FN:4,(anonymous_0)
FN:6,(anonymous_1)
FN:9,(anonymous_2)
FN:10,(anonymous_3)
FNF:4
FNH:2
FNDA:1,(anonymous_0)
FNDA:0,(anonymous_1)
FNDA:1,(anonymous_2)
FNDA:0,(anonymous_3)
DA:1,5
DA:2,5
DA:4,5
DA:5,1
DA:6,1
DA:9,5
DA:10,1
DA:11,0
DA:13,1
LF:9
LH:8
BRF:0
BRH:0
end_of_record
TN:
SF:tools\validation.js
FN:6,(anonymous_0)
FN:19,(anonymous_1)
FN:29,(anonymous_2)
FN:41,(anonymous_3)
FNF:4
FNH:0
FNDA:0,(anonymous_0)
FNDA:0,(anonymous_1)
FNDA:0,(anonymous_2)
FNDA:0,(anonymous_3)
DA:2,5
DA:3,5
DA:6,5
DA:7,0
DA:15,0
DA:19,5
DA:20,0
DA:26,0
DA:29,5
DA:30,0
DA:37,0
DA:41,5
DA:42,0
DA:48,0
DA:50,5
DA:51,5
DA:52,5
DA:53,5
LF:18
LH:10
BRF:0
BRH:0
end_of_record
TN:
SF:utils\mailer.js
FN:5,(anonymous_0)
FNF:1
FNH:0
FNDA:0,(anonymous_0)
DA:1,5
DA:2,5
DA:3,5
DA:5,5
DA:6,0
DA:12,0
DA:15,0
DA:18,0
DA:33,0
DA:41,0
DA:44,5
LF:11
LH:5
BRF:0
BRH:0
end_of_record
