TN:
SF:index.js
FNF:0
FNH:0
DA:1,2
DA:2,2
DA:3,2
DA:4,2
DA:5,2
DA:8,2
DA:11,2
DA:12,2
DA:13,2
DA:15,2
LF:10
LH:10
BRF:0
BRH:0
end_of_record
TN:
SF:config\database.js
FN:3,(anonymous_0)
FNF:1
FNH:1
FNDA:2,(anonymous_0)
DA:1,2
DA:3,2
DA:4,2
DA:5,2
DA:9,2
DA:11,0
DA:12,0
DA:13,0
DA:16,2
LF:9
LH:6
BRF:0
BRH:0
end_of_record
TN:
SF:config\key.js
FNF:0
FNH:0
DA:1,2
LF:1
LH:1
BRF:0
BRH:0
end_of_record
TN:
SF:middleware\authentication.js
FN:4,(anonymous_0)
FN:23,(anonymous_1)
FNF:2
FNH:0
FNDA:0,(anonymous_0)
FNDA:0,(anonymous_1)
DA:1,2
DA:4,2
DA:5,0
DA:6,0
DA:7,0
DA:8,0
DA:12,0
DA:14,0
DA:15,0
DA:23,2
DA:24,0
DA:25,0
DA:26,0
DA:27,0
DA:31,0
DA:33,0
DA:34,0
DA:40,2
DA:41,2
LF:19
LH:5
BRDA:7,0,0,0
BRDA:7,0,1,0
BRDA:7,1,0,0
BRDA:7,1,1,0
BRDA:26,2,0,0
BRDA:26,2,1,0
BRF:6
BRH:0
end_of_record
TN:
SF:middleware\authorization.js
FN:4,(anonymous_0)
FNF:1
FNH:1
FNDA:4,(anonymous_0)
DA:1,2
DA:4,2
DA:5,4
DA:6,4
DA:8,4
DA:9,1
DA:14,3
DA:15,3
DA:16,2
DA:17,2
DA:19,1
DA:20,1
DA:27,2
LF:13
LH:13
BRDA:6,0,0,4
BRDA:6,0,1,3
BRDA:8,1,0,1
BRDA:8,1,1,3
BRF:4
BRH:4
end_of_record
TN:
SF:models\Booking.js
FNF:0
FNH:0
DA:1,2
DA:2,2
DA:47,2
DA:125,2
LF:4
LH:4
BRF:0
BRH:0
end_of_record
TN:
SF:models\Customer.js
FNF:0
FNH:0
DA:1,2
DA:2,2
DA:4,2
DA:54,2
LF:4
LH:4
BRF:0
BRH:0
end_of_record
TN:
SF:models\Receipt.js
FNF:0
FNH:0
DA:1,2
DA:2,2
DA:4,2
DA:42,2
LF:4
LH:4
BRF:0
BRH:0
end_of_record
TN:
SF:models\Room.js
FNF:0
FNH:0
DA:1,2
DA:2,2
DA:4,2
DA:47,2
LF:4
LH:4
BRF:0
BRH:0
end_of_record
TN:
SF:models\Service.js
FNF:0
FNH:0
DA:1,2
DA:2,2
DA:4,2
DA:33,2
LF:4
LH:4
BRF:0
BRH:0
end_of_record
TN:
SF:models\User.js
FNF:0
FNH:0
DA:1,2
DA:2,2
DA:4,2
DA:55,2
LF:4
LH:4
BRF:0
BRH:0
end_of_record
TN:
SF:routes\index.js
FN:23,(anonymous_0)
FNF:1
FNH:0
FNDA:0,(anonymous_0)
DA:1,2
DA:2,2
DA:3,2
DA:4,2
DA:7,2
DA:8,2
DA:9,2
DA:10,2
DA:11,2
DA:12,2
DA:13,2
DA:16,2
DA:17,2
DA:18,2
DA:19,2
DA:20,2
DA:21,2
DA:22,2
DA:23,2
DA:24,0
DA:30,2
LF:21
LH:20
BRF:0
BRH:0
end_of_record
TN:
SF:routes\api\auth.js
FN:13,(anonymous_0)
FN:37,(anonymous_1)
FN:124,(anonymous_2)
FN:143,(anonymous_3)
FN:182,(anonymous_4)
FNF:5
FNH:2
FNDA:1,(anonymous_0)
FNDA:7,(anonymous_1)
FNDA:0,(anonymous_2)
FNDA:0,(anonymous_3)
FNDA:0,(anonymous_4)
DA:1,2
DA:2,2
DA:3,2
DA:4,2
DA:5,2
DA:6,2
DA:7,2
DA:8,2
DA:13,2
DA:14,1
DA:15,1
DA:19,1
DA:20,0
DA:24,1
DA:26,0
DA:27,0
DA:37,2
DA:38,7
DA:39,7
DA:41,7
DA:42,7
DA:43,1
DA:48,6
DA:49,6
DA:50,1
DA:56,5
DA:61,5
DA:67,0
DA:68,0
DA:124,2
DA:125,0
DA:126,0
DA:128,0
DA:129,0
DA:130,0
DA:137,0
DA:138,0
DA:140,0
DA:141,0
DA:143,0
DA:144,0
DA:145,0
DA:152,0
DA:157,0
DA:163,0
DA:169,0
DA:174,0
DA:175,0
DA:182,2
DA:183,0
DA:184,0
DA:187,0
DA:188,0
DA:192,0
DA:193,0
DA:198,0
DA:199,0
DA:206,0
DA:207,0
DA:209,0
DA:210,0
DA:211,0
DA:213,0
DA:215,0
DA:221,0
DA:222,0
DA:225,2
LF:67
LH:27
BRDA:19,0,0,0
BRDA:19,0,1,1
BRDA:42,1,0,1
BRDA:42,1,1,6
BRDA:49,2,0,1
BRDA:49,2,1,5
BRDA:129,3,0,0
BRDA:129,3,1,0
BRDA:144,4,0,0
BRDA:144,4,1,0
BRDA:187,5,0,0
BRDA:187,5,1,0
BRDA:198,6,0,0
BRDA:198,6,1,0
BRF:14
BRH:5
end_of_record
TN:
SF:routes\api\booking.js
FN:10,(anonymous_0)
FN:95,(anonymous_1)
FN:125,(anonymous_2)
FN:155,(anonymous_3)
FN:235,(anonymous_4)
FN:303,(anonymous_5)
FNF:6
FNH:0
FNDA:0,(anonymous_0)
FNDA:0,(anonymous_1)
FNDA:0,(anonymous_2)
FNDA:0,(anonymous_3)
FNDA:0,(anonymous_4)
FNDA:0,(anonymous_5)
DA:1,2
DA:2,2
DA:3,2
DA:4,2
DA:5,2
DA:10,2
DA:19,0
DA:21,0
DA:22,0
DA:24,0
DA:25,0
DA:26,0
DA:32,0
DA:35,0
DA:38,0
DA:40,0
DA:42,0
DA:45,0
DA:48,0
DA:49,0
DA:54,0
DA:72,0
DA:75,0
DA:76,0
DA:78,0
DA:84,0
DA:85,0
DA:95,2
DA:96,0
DA:97,0
DA:109,0
DA:114,0
DA:115,0
DA:125,2
DA:126,0
DA:127,0
DA:139,0
DA:144,0
DA:145,0
DA:155,2
DA:165,0
DA:167,0
DA:168,0
DA:170,0
DA:173,0
DA:174,0
DA:177,0
DA:180,0
DA:181,0
DA:187,0
DA:203,0
DA:205,0
DA:213,0
DA:215,0
DA:221,0
DA:222,0
DA:232,2
DA:236,0
DA:237,0
DA:238,0
DA:239,0
DA:241,0
DA:242,0
DA:243,0
DA:244,0
DA:245,0
DA:246,0
DA:253,0
DA:256,0
DA:257,0
DA:260,0
DA:261,0
DA:267,0
DA:269,0
DA:275,0
DA:283,0
DA:284,0
DA:285,0
DA:291,0
DA:292,0
DA:303,2
DA:304,0
DA:305,0
DA:306,0
DA:307,0
DA:308,0
DA:309,0
DA:310,0
DA:311,0
DA:317,0
DA:319,0
DA:324,0
DA:332,0
DA:333,0
DA:339,0
DA:340,0
DA:347,2
LF:97
LH:12
BRDA:25,0,0,0
BRDA:25,0,1,0
BRDA:45,1,0,0
BRDA:45,1,1,0
BRDA:75,2,0,0
BRDA:75,2,1,0
BRDA:310,3,0,0
BRDA:310,3,1,0
BRDA:310,4,0,0
BRDA:310,4,1,0
BRF:10
BRH:0
end_of_record
TN:
SF:routes\api\customer.js
FN:9,(anonymous_0)
FN:60,(anonymous_1)
FN:81,(anonymous_2)
FN:107,(anonymous_3)
FN:156,(anonymous_4)
FNF:5
FNH:0
FNDA:0,(anonymous_0)
FNDA:0,(anonymous_1)
FNDA:0,(anonymous_2)
FNDA:0,(anonymous_3)
FNDA:0,(anonymous_4)
DA:1,2
DA:2,2
DA:3,2
DA:4,2
DA:9,2
DA:11,0
DA:14,0
DA:15,0
DA:16,0
DA:20,0
DA:22,0
DA:23,0
DA:24,0
DA:29,0
DA:41,0
DA:43,0
DA:49,0
DA:50,0
DA:60,2
DA:61,0
DA:62,0
DA:65,0
DA:70,0
DA:71,0
DA:81,2
DA:82,0
DA:83,0
DA:86,0
DA:87,0
DA:91,0
DA:96,0
DA:97,0
DA:107,2
DA:109,0
DA:110,0
DA:112,0
DA:113,0
DA:114,0
DA:118,0
DA:120,0
DA:132,0
DA:134,0
DA:139,0
DA:145,0
DA:146,0
DA:156,2
DA:157,0
DA:158,0
DA:159,0
DA:160,0
DA:167,0
DA:173,0
DA:174,0
DA:180,2
LF:54
LH:10
BRDA:15,0,0,0
BRDA:15,0,1,0
BRDA:23,1,0,0
BRDA:23,1,1,0
BRDA:33,2,0,0
BRDA:33,2,1,0
BRDA:34,3,0,0
BRDA:34,3,1,0
BRDA:35,4,0,0
BRDA:35,4,1,0
BRDA:36,5,0,0
BRDA:36,5,1,0
BRDA:37,6,0,0
BRDA:37,6,1,0
BRDA:86,7,0,0
BRDA:86,7,1,0
BRDA:113,8,0,0
BRDA:113,8,1,0
BRDA:124,9,0,0
BRDA:124,9,1,0
BRDA:125,10,0,0
BRDA:125,10,1,0
BRDA:126,11,0,0
BRDA:126,11,1,0
BRDA:127,12,0,0
BRDA:127,12,1,0
BRDA:128,13,0,0
BRDA:128,13,1,0
BRF:28
BRH:0
end_of_record
TN:
SF:routes\api\receipt.js
FN:14,(anonymous_0)
FN:87,(anonymous_1)
FN:119,(anonymous_2)
FN:152,(anonymous_3)
FNF:4
FNH:0
FNDA:0,(anonymous_0)
FNDA:0,(anonymous_1)
FNDA:0,(anonymous_2)
FNDA:0,(anonymous_3)
DA:1,2
DA:2,2
DA:3,2
DA:4,2
DA:5,2
DA:6,2
DA:7,2
DA:8,2
DA:9,2
DA:14,2
DA:15,0
DA:16,0
DA:19,0
DA:20,0
DA:21,0
DA:25,0
DA:26,0
DA:27,0
DA:28,0
DA:34,0
DA:35,0
DA:36,0
DA:41,0
DA:50,0
DA:53,0
DA:56,0
DA:59,0
DA:62,0
DA:65,0
DA:70,0
DA:76,0
DA:77,0
DA:87,2
DA:88,0
DA:89,0
DA:103,0
DA:108,0
DA:109,0
DA:119,2
DA:120,0
DA:121,0
DA:136,0
DA:141,0
DA:142,0
DA:152,2
DA:153,0
DA:154,0
DA:156,0
DA:158,0
DA:166,0
DA:168,0
DA:175,0
DA:181,0
DA:182,0
DA:189,2
LF:55
LH:14
BRDA:20,0,0,0
BRDA:20,0,1,0
BRDA:27,1,0,0
BRDA:27,1,1,0
BRDA:35,2,0,0
BRDA:35,2,1,0
BRF:6
BRH:0
end_of_record
TN:
SF:routes\api\room.js
FN:11,(anonymous_0)
FN:58,(anonymous_1)
FN:79,(anonymous_2)
FN:100,(anonymous_3)
FN:126,(anonymous_4)
FN:173,(anonymous_5)
FN:201,(anonymous_6)
FNF:7
FNH:0
FNDA:0,(anonymous_0)
FNDA:0,(anonymous_1)
FNDA:0,(anonymous_2)
FNDA:0,(anonymous_3)
FNDA:0,(anonymous_4)
FNDA:0,(anonymous_5)
FNDA:0,(anonymous_6)
DA:1,2
DA:2,2
DA:3,2
DA:4,2
DA:5,2
DA:6,2
DA:11,2
DA:12,0
DA:15,0
DA:16,0
DA:17,0
DA:21,0
DA:23,0
DA:24,0
DA:25,0
DA:30,0
DA:40,0
DA:41,0
DA:47,0
DA:48,0
DA:58,2
DA:59,0
DA:60,0
DA:63,0
DA:68,0
DA:69,0
DA:79,2
DA:80,0
DA:81,0
DA:84,0
DA:89,0
DA:90,0
DA:100,2
DA:101,0
DA:102,0
DA:105,0
DA:106,0
DA:110,0
DA:115,0
DA:116,0
DA:126,2
DA:127,0
DA:130,0
DA:131,0
DA:136,0
DA:138,0
DA:147,0
DA:149,0
DA:156,0
DA:162,0
DA:163,0
DA:173,2
DA:174,0
DA:175,0
DA:176,0
DA:177,0
DA:184,0
DA:190,0
DA:191,0
DA:201,2
DA:202,0
DA:203,0
DA:204,0
DA:205,0
DA:206,0
DA:212,0
DA:218,0
DA:219,0
DA:226,2
LF:69
LH:14
BRDA:16,0,0,0
BRDA:16,0,1,0
BRDA:24,1,0,0
BRDA:24,1,1,0
BRDA:105,2,0,0
BRDA:105,2,1,0
BRDA:130,3,0,0
BRDA:130,3,1,0
BRDA:130,4,0,0
BRDA:130,4,1,0
BRDA:205,5,0,0
BRDA:205,5,1,0
BRF:12
BRH:0
end_of_record
TN:
SF:routes\api\service.js
FN:9,(anonymous_0)
FN:52,(anonymous_1)
FN:73,(anonymous_2)
FN:99,(anonymous_3)
FN:143,(anonymous_4)
FNF:5
FNH:0
FNDA:0,(anonymous_0)
FNDA:0,(anonymous_1)
FNDA:0,(anonymous_2)
FNDA:0,(anonymous_3)
FNDA:0,(anonymous_4)
DA:1,2
DA:2,2
DA:3,2
DA:4,2
DA:9,2
DA:10,0
DA:13,0
DA:14,0
DA:18,0
DA:20,0
DA:21,0
DA:22,0
DA:27,0
DA:34,0
DA:35,0
DA:41,0
DA:42,0
DA:52,2
DA:53,0
DA:54,0
DA:57,0
DA:62,0
DA:63,0
DA:73,2
DA:74,0
DA:75,0
DA:78,0
DA:79,0
DA:83,0
DA:88,0
DA:89,0
DA:99,2
DA:100,0
DA:103,0
DA:104,0
DA:109,0
DA:111,0
DA:117,0
DA:119,0
DA:126,0
DA:132,0
DA:133,0
DA:143,2
DA:144,0
DA:145,0
DA:146,0
DA:147,0
DA:154,0
DA:160,0
DA:161,0
DA:167,2
LF:51
LH:10
BRDA:13,0,0,0
BRDA:13,0,1,0
BRDA:13,1,0,0
BRDA:13,1,1,0
BRDA:21,2,0,0
BRDA:21,2,1,0
BRDA:78,3,0,0
BRDA:78,3,1,0
BRDA:103,4,0,0
BRDA:103,4,1,0
BRDA:103,5,0,0
BRDA:103,5,1,0
BRF:12
BRH:0
end_of_record
TN:
SF:routes\api\user.js
FN:13,(anonymous_0)
FN:34,(anonymous_1)
FN:54,(anonymous_2)
FN:113,(anonymous_3)
FN:156,(anonymous_4)
FN:185,(anonymous_5)
FNF:6
FNH:1
FNDA:1,(anonymous_0)
FNDA:0,(anonymous_1)
FNDA:0,(anonymous_2)
FNDA:0,(anonymous_3)
FNDA:0,(anonymous_4)
FNDA:0,(anonymous_5)
DA:1,2
DA:2,2
DA:3,2
DA:4,2
DA:5,2
DA:6,2
DA:7,2
DA:8,2
DA:13,2
DA:14,1
DA:15,1
DA:18,1
DA:23,0
DA:24,0
DA:34,2
DA:35,0
DA:36,0
DA:39,0
DA:44,0
DA:45,0
DA:54,2
DA:55,0
DA:58,0
DA:59,0
DA:60,0
DA:64,0
DA:66,0
DA:67,0
DA:68,0
DA:73,0
DA:74,0
DA:75,0
DA:88,0
DA:96,0
DA:102,0
DA:103,0
DA:113,2
DA:114,0
DA:117,0
DA:118,0
DA:123,0
DA:124,0
DA:133,0
DA:135,0
DA:139,0
DA:145,0
DA:146,0
DA:156,2
DA:157,0
DA:158,0
DA:159,0
DA:160,0
DA:168,0
DA:174,0
DA:175,0
DA:185,2
DA:186,0
DA:187,0
DA:188,0
DA:189,0
DA:190,0
DA:197,0
DA:203,0
DA:204,0
DA:211,2
LF:65
LH:18
BRDA:59,0,0,0
BRDA:59,0,1,0
BRDA:67,1,0,0
BRDA:67,1,1,0
BRDA:79,2,0,0
BRDA:79,2,1,0
BRDA:80,3,0,0
BRDA:80,3,1,0
BRDA:81,4,0,0
BRDA:81,4,1,0
BRDA:82,5,0,0
BRDA:82,5,1,0
BRDA:117,6,0,0
BRDA:117,6,1,0
BRDA:117,7,0,0
BRDA:117,7,1,0
BRDA:127,8,0,0
BRDA:127,8,1,0
BRDA:128,9,0,0
BRDA:128,9,1,0
BRDA:129,10,0,0
BRDA:129,10,1,0
BRF:22
BRH:0
end_of_record
TN:
SF:tools\receiptTool.js
FN:3,(anonymous_0)
FNF:1
FNH:0
FNDA:0,(anonymous_0)
DA:1,2
DA:3,2
DA:4,0
DA:5,0
DA:6,0
DA:8,0
DA:12,0
DA:13,0
LF:8
LH:2
BRF:0
BRH:0
end_of_record
TN:
SF:tools\roomTool.js
FN:3,(anonymous_0)
FN:20,(anonymous_1)
FN:36,(anonymous_2)
FN:38,(anonymous_3)
FN:41,(anonymous_4)
FN:50,(anonymous_5)
FN:51,(anonymous_6)
FN:56,(anonymous_7)
FN:72,(anonymous_8)
FN:73,(anonymous_9)
FNF:10
FNH:0
FNDA:0,(anonymous_0)
FNDA:0,(anonymous_1)
FNDA:0,(anonymous_2)
FNDA:0,(anonymous_3)
FNDA:0,(anonymous_4)
FNDA:0,(anonymous_5)
FNDA:0,(anonymous_6)
FNDA:0,(anonymous_7)
FNDA:0,(anonymous_8)
FNDA:0,(anonymous_9)
DA:1,2
DA:2,2
DA:3,2
DA:4,0
DA:5,0
DA:6,0
DA:7,0
DA:8,0
DA:13,0
DA:14,0
DA:20,2
DA:21,0
DA:22,0
DA:23,0
DA:24,0
DA:27,0
DA:29,0
DA:30,0
DA:36,2
DA:37,0
DA:38,0
DA:41,2
DA:42,0
DA:43,0
DA:44,0
DA:45,0
DA:47,0
DA:50,2
DA:51,0
DA:52,0
DA:53,0
DA:56,2
DA:57,0
DA:58,0
DA:61,0
DA:64,0
DA:67,0
DA:69,0
DA:72,2
DA:73,0
DA:74,0
DA:76,0
LF:42
LH:9
BRDA:45,0,0,0
BRDA:45,0,1,0
BRDA:45,1,0,0
BRDA:45,1,1,0
BRF:4
BRH:0
end_of_record
TN:
SF:tools\serviceTool.js
FN:4,(anonymous_0)
FN:6,(anonymous_1)
FN:9,(anonymous_2)
FN:10,(anonymous_3)
FNF:4
FNH:0
FNDA:0,(anonymous_0)
FNDA:0,(anonymous_1)
FNDA:0,(anonymous_2)
FNDA:0,(anonymous_3)
DA:1,2
DA:2,2
DA:4,2
DA:5,0
DA:6,0
DA:9,2
DA:10,0
DA:11,0
DA:13,0
LF:9
LH:4
BRF:0
BRH:0
end_of_record
TN:
SF:tools\validation.js
FN:6,(anonymous_0)
FN:20,(anonymous_1)
FN:34,(anonymous_2)
FN:46,(anonymous_3)
FNF:4
FNH:0
FNDA:0,(anonymous_0)
FNDA:0,(anonymous_1)
FNDA:0,(anonymous_2)
FNDA:0,(anonymous_3)
DA:2,2
DA:3,2
DA:6,2
DA:7,0
DA:16,0
DA:20,2
DA:21,0
DA:31,0
DA:34,2
DA:35,0
DA:42,0
DA:46,2
DA:47,0
DA:52,0
DA:54,2
DA:55,2
DA:56,2
DA:57,2
LF:18
LH:10
BRF:0
BRH:0
end_of_record
TN:
SF:utils\mailer.js
FN:5,(anonymous_0)
FNF:1
FNH:0
FNDA:0,(anonymous_0)
DA:1,2
DA:2,2
DA:3,2
DA:5,2
DA:6,0
DA:12,0
DA:15,0
DA:18,0
DA:35,0
DA:43,0
DA:46,2
LF:11
LH:5
BRF:0
BRH:0
end_of_record
